#
# There is insufficient memory for the Java Runtime Environment to continue.
# Native memory allocation (malloc) failed to allocate 1158976 bytes. Error detail: Chunk::new
# Possible reasons:
#   The system is out of physical RAM or swap space
#   This process is running with CompressedOops enabled, and the Java Heap may be blocking the growth of the native heap
# Possible solutions:
#   Reduce memory load on the system
#   Increase physical memory or swap space
#   Check if swap backing store is full
#   Decrease Java heap size (-Xmx/-Xms)
#   Decrease number of Java threads
#   Decrease Java thread stack sizes (-Xss)
#   Set larger code cache with -XX:ReservedCodeCacheSize=
#   JVM is running with Zero Based Compressed Oops mode in which the Java heap is
#     placed in the first 32GB address space. The Java Heap base address is the
#     maximum limit for the native heap growth. Please use -XX:HeapBaseMinAddress
#     to set the Java Heap base and to place the Java Heap above 32GB virtual address.
# This output file may be truncated or incomplete.
#
#  Out of Memory Error (arena.cpp:191), pid=6768, tid=3332
#
# JRE version: OpenJDK Runtime Environment Microsoft-13106358 (17.0.18+8) (build 17.0.18+8-LTS)
# Java VM: OpenJDK 64-Bit Server VM Microsoft-13106358 (17.0.18+8-LTS, mixed mode, sharing, tiered, compressed oops, compressed class ptrs, parallel gc, windows-amd64)
# No core dump will be written. Minidumps are not enabled by default on client versions of Windows
#

---------------  S U M M A R Y ------------

Command Line: --add-opens=java.base/java.lang=ALL-UNNAMED --add-opens=java.base/java.lang.invoke=ALL-UNNAMED --add-opens=java.base/java.util=ALL-UNNAMED --add-opens=java.prefs/java.util.prefs=ALL-UNNAMED --add-exports=jdk.compiler/com.sun.tools.javac.api=ALL-UNNAMED --add-exports=jdk.compiler/com.sun.tools.javac.util=ALL-UNNAMED --add-opens=java.base/java.util=ALL-UNNAMED --add-opens=java.prefs/java.util.prefs=ALL-UNNAMED --add-opens=java.base/java.nio.charset=ALL-UNNAMED --add-opens=java.base/java.net=ALL-UNNAMED --add-opens=java.base/java.util.concurrent.atomic=ALL-UNNAMED --add-opens=java.xml/javax.xml.namespace=ALL-UNNAMED -XX:+UseParallelGC -XX:MaxMetaspaceSize=512m -XX:+HeapDumpOnOutOfMemoryError -Xms256m -Xmx6g -Dfile.encoding=UTF-8 -Duser.country=US -Duser.language=en -Duser.variant -javaagent:S:\ArStudio\wrapper\dists\gradle-8.13-bin\5xuhj0ry160q40clulazy9h7d\gradle-8.13\lib\agents\gradle-instrumentation-agent-8.13.jar org.gradle.launcher.daemon.bootstrap.GradleDaemon 8.13

Host: Intel(R) Core(TM) i5-10210U CPU @ 1.60GHz, 8 cores, 7G,  Windows 11 , 64 bit Build 26100 (10.0.26100.7623)
Time: Wed Feb  4 04:26:55 2026 SE Asia Standard Time elapsed time: 730.796601 seconds (0d 0h 12m 10s)

---------------  T H R E A D  ---------------

Current thread (0x000001ce3e298060):  JavaThread "C2 CompilerThread0" daemon [_thread_in_native, id=3332, stack(0x0000004b8e100000,0x0000004b8e200000)]


Current CompileTask:
C2:730796 69078 %     4       com.android.tools.r8.internal.w31::e @ 1009 (1124 bytes)

Stack: [0x0000004b8e100000,0x0000004b8e200000]
Native frames: (J=compiled Java code, j=interpreted, Vv=VM code, C=native code)
V  [jvm.dll+0x68c879]  (no source info available)
V  [jvm.dll+0x845979]  (no source info available)
V  [jvm.dll+0x8476e8]  (no source info available)
V  [jvm.dll+0x847d73]  (no source info available)
V  [jvm.dll+0x24cf6f]  (no source info available)
V  [jvm.dll+0xaecb6]  (no source info available)
V  [jvm.dll+0xaf35c]  (no source info available)
V  [jvm.dll+0x2b4b8f]  (no source info available)
V  [jvm.dll+0x5948a4]  (no source info available)
V  [jvm.dll+0x226d84]  (no source info available)
V  [jvm.dll+0x21fd8a]  (no source info available)
V  [jvm.dll+0x21d260]  (no source info available)
V  [jvm.dll+0x1a8ce6]  (no source info available)
V  [jvm.dll+0x22db1b]  (no source info available)
V  [jvm.dll+0x22bca6]  (no source info available)
V  [jvm.dll+0x7fbabb]  (no source info available)
V  [jvm.dll+0x7f5ebc]  (no source info available)
V  [jvm.dll+0x68de17]  (no source info available)
C  [ucrtbase.dll+0x37b0]  (no source info available)
C  [KERNEL32.DLL+0x2e8d7]  (no source info available)
C  [ntdll.dll+0x8c53c]  (no source info available)


---------------  P R O C E S S  ---------------

Threads class SMR info:
_java_thread_list=0x000001ce190bfd40, length=160, elements={
0x000001ce3e1ec440, 0x000001ce3ddeb560, 0x000001ce3ddecfc0, 0x000001ce3e287fb0,
0x000001ce3e288980, 0x000001ce3e289fc0, 0x000001ce3e28ebc0, 0x000001ce3e298060,
0x000001ce3e2994e0, 0x000001ce3e29d2f0, 0x000001ce3dcdb0f0, 0x000001ce7f966e50,
0x000001ce0562db00, 0x000001ce05a93a30, 0x000001ce04449330, 0x000001ce059ca760,
0x000001ce0596c080, 0x000001ce05674280, 0x000001ce05670fe0, 0x000001ce05673860,
0x000001ce05671f10, 0x000001ce05672420, 0x000001ce05672930, 0x000001ce05672e40,
0x000001ce05673350, 0x000001ce060ad5a0, 0x000001ce060adab0, 0x000001ce060ab740,
0x000001ce060ac670, 0x000001ce060acb80, 0x000001ce060aeef0, 0x000001ce060af400,
0x000001ce060b2190, 0x000001ce060b26a0, 0x000001ce060b0d50, 0x000001ce060af910,
0x000001ce060afe20, 0x000001ce060b0330, 0x000001ce060b0840, 0x000001ce060b1260,
0x000001ce060b1770, 0x000001ce06602eb0, 0x000001ce06604d10, 0x000001ce06603de0,
0x000001ce06602490, 0x000001ce066033c0, 0x000001ce066042f0, 0x000001ce06605220,
0x000001ce06604800, 0x000001ce06601a70, 0x000001ce066029a0, 0x000001ce06605730,
0x000001ce066038d0, 0x000001ce06601f80, 0x000001ce06606660, 0x000001ce066093f0,
0x000001ce06606b70, 0x000001ce06607590, 0x000001ce06607fb0, 0x000001ce06605c40,
0x000001ce06608ee0, 0x000001ce07840c90, 0x000001ce07841bc0, 0x000001ce07843510,
0x000001ce078425e0, 0x000001ce07c20f80, 0x000001ce07c21490, 0x000001ce07c23800,
0x000001ce07c20560, 0x000001ce07c24220, 0x000001ce07c22de0, 0x000001ce07c20a70,
0x000001ce07c24c40, 0x000001ce07c232f0, 0x000001ce07c24730, 0x000001ce07c25150,
0x000001ce07c219a0, 0x000001ce07c25660, 0x000001ce07c26fb0, 0x000001ce07c279d0,
0x000001ce07c25b70, 0x000001ce07c26080, 0x000001ce07c26590, 0x000001ce07c26aa0,
0x000001ce07c274c0, 0x000001ce100ef820, 0x000001ce100ee8f0, 0x000001ce100ee3e0,
0x000001ce100eee00, 0x000001ce100eded0, 0x000001ce100ef310, 0x000001ce100ec580,
0x000001ce100ecfa0, 0x000001ce100ed4b0, 0x000001ce100eca90, 0x000001ce100ed9c0,
0x000001ce07845370, 0x000001ce05670ad0, 0x000001ce101219b0, 0x000001ce10125670,
0x000001ce10121ec0, 0x000001ce10124740, 0x000001ce10123d20, 0x000001ce10125b80,
0x000001ce10124230, 0x000001ce10124c50, 0x000001ce101228e0, 0x000001ce10125160,
0x000001ce10126090, 0x000001ce101265a0, 0x000001ce10126ab0, 0x000001ce10123300,
0x000001ce101274d0, 0x000001ce10128e20, 0x000001ce0b31ff40, 0x000001ce0b321da0,
0x000001ce0b31fa30, 0x000001ce0b3222b0, 0x000001ce0b321380, 0x000001ce0b31eb00,
0x000001ce0b3227c0, 0x000001ce0b31f010, 0x000001ce0b322cd0, 0x000001ce0b324110,
0x000001ce0b3231e0, 0x000001ce0b320960, 0x000001ce0b325f70, 0x000001ce0b325a60,
0x000001ce0b326480, 0x000001ce0b324620, 0x000001ce0b325040, 0x000001ce0b3236f0,
0x000001ce0b323c00, 0x000001ce0b324b30, 0x000001ce0b325550, 0x000001ce10128400,
0x000001ce07847bf0, 0x000001ce060b1c80, 0x000001ce0af733f0, 0x000001ce0af74320,
0x000001ce0af75c70, 0x000001ce0af71fb0, 0x000001ce0af72ee0, 0x000001ce0af770b0,
0x000001ce0af77ad0, 0x000001ce0a966170, 0x000001ce11270200, 0x000001ce12588540,
0x000001ce06fce820, 0x000001ce192428a0, 0x000001ce0a966680, 0x000001ce19242db0,
0x000001ce19243ce0, 0x000001ce063f17e0, 0x000001ce063f3130, 0x000001ce063f3640,
0x000001ce063f4060, 0x000001ce112b4150, 0x000001ce13ff8ab0, 0x000001ce13ffbfd0
}

Java Threads: ( => current thread )
  0x000001ce3e1ec440 JavaThread "main" [_thread_blocked, id=3776, stack(0x0000004b8d800000,0x0000004b8d900000)]
  0x000001ce3ddeb560 JavaThread "Reference Handler" daemon [_thread_blocked, id=13372, stack(0x0000004b8db00000,0x0000004b8dc00000)]
  0x000001ce3ddecfc0 JavaThread "Finalizer" daemon [_thread_blocked, id=5920, stack(0x0000004b8dc00000,0x0000004b8dd00000)]
  0x000001ce3e287fb0 JavaThread "Signal Dispatcher" daemon [_thread_blocked, id=5876, stack(0x0000004b8dd00000,0x0000004b8de00000)]
  0x000001ce3e288980 JavaThread "Attach Listener" daemon [_thread_blocked, id=12028, stack(0x0000004b8de00000,0x0000004b8df00000)]
  0x000001ce3e289fc0 JavaThread "Service Thread" daemon [_thread_blocked, id=8992, stack(0x0000004b8df00000,0x0000004b8e000000)]
  0x000001ce3e28ebc0 JavaThread "Monitor Deflation Thread" daemon [_thread_blocked, id=7700, stack(0x0000004b8e000000,0x0000004b8e100000)]
=>0x000001ce3e298060 JavaThread "C2 CompilerThread0" daemon [_thread_in_native, id=3332, stack(0x0000004b8e100000,0x0000004b8e200000)]
  0x000001ce3e2994e0 JavaThread "C1 CompilerThread0" daemon [_thread_blocked, id=6716, stack(0x0000004b8e200000,0x0000004b8e300000)]
  0x000001ce3e29d2f0 JavaThread "Sweeper thread" daemon [_thread_blocked, id=8860, stack(0x0000004b8e300000,0x0000004b8e400000)]
  0x000001ce3dcdb0f0 JavaThread "Common-Cleaner" daemon [_thread_blocked, id=12692, stack(0x0000004b8e400000,0x0000004b8e500000)]
  0x000001ce7f966e50 JavaThread "Notification Thread" daemon [_thread_blocked, id=5816, stack(0x0000004b8e500000,0x0000004b8e600000)]
  0x000001ce0562db00 JavaThread "Daemon health stats" [_thread_blocked, id=14556, stack(0x0000004b8ec00000,0x0000004b8ed00000)]
  0x000001ce05a93a30 JavaThread "Incoming local TCP Connector on port 59545" [_thread_in_native, id=7884, stack(0x0000004b8e700000,0x0000004b8e800000)]
  0x000001ce04449330 JavaThread "Daemon periodic checks" [_thread_blocked, id=7972, stack(0x0000004b8ed00000,0x0000004b8ee00000)]
  0x000001ce059ca760 JavaThread "Daemon" [_thread_blocked, id=10000, stack(0x0000004b8ef00000,0x0000004b8f000000)]
  0x000001ce0596c080 JavaThread "Handler for socket connection from /127.0.0.1:59545 to /127.0.0.1:59546" [_thread_in_native, id=6344, stack(0x0000004b8f000000,0x0000004b8f100000)]
  0x000001ce05674280 JavaThread "Cancel handler" [_thread_blocked, id=10236, stack(0x0000004b8f100000,0x0000004b8f200000)]
  0x000001ce05670fe0 JavaThread "Daemon worker" [_thread_blocked, id=15004, stack(0x0000004b8f200000,0x0000004b8f300000)]
  0x000001ce05673860 JavaThread "Asynchronous log dispatcher for DefaultDaemonConnection: socket connection from /127.0.0.1:59545 to /127.0.0.1:59546" [_thread_blocked, id=1232, stack(0x0000004b8f600000,0x0000004b8f700000)]
  0x000001ce05671f10 JavaThread "Stdin handler" [_thread_blocked, id=11168, stack(0x0000004b8f700000,0x0000004b8f800000)]
  0x000001ce05672420 JavaThread "Daemon client event forwarder" [_thread_blocked, id=12408, stack(0x0000004b8f800000,0x0000004b8f900000)]
  0x000001ce05672930 JavaThread "Cache worker for journal cache (S:\ArStudio\caches\journal-1)" [_thread_blocked, id=9592, stack(0x0000004b8f900000,0x0000004b8fa00000)]
  0x000001ce05672e40 JavaThread "File lock request listener" [_thread_in_native, id=5212, stack(0x0000004b8fa00000,0x0000004b8fb00000)]
  0x000001ce05673350 JavaThread "Cache worker for file hash cache (S:\ArStudio\caches\8.13\fileHashes)" [_thread_blocked, id=12060, stack(0x0000004b8fb00000,0x0000004b8fc00000)]
  0x000001ce060ad5a0 JavaThread "Cache worker for file hash cache (S:\legado-qt-main\.gradle\8.13\fileHashes)" [_thread_blocked, id=15348, stack(0x0000004b8fd00000,0x0000004b8fe00000)]
  0x000001ce060adab0 JavaThread "Cache worker for Build Output Cleanup Cache (S:\legado-qt-main\.gradle\buildOutputCleanup)" [_thread_blocked, id=11720, stack(0x0000004b8fe00000,0x0000004b8ff00000)]
  0x000001ce060ab740 JavaThread "File watcher server" daemon [_thread_blocked, id=3336, stack(0x0000004b8ff00000,0x0000004b90000000)]
  0x000001ce060ac670 JavaThread "File watcher consumer" daemon [_thread_blocked, id=14564, stack(0x0000004b90000000,0x0000004b90100000)]
  0x000001ce060acb80 JavaThread "jar transforms" [_thread_blocked, id=10312, stack(0x0000004b90100000,0x0000004b90200000)]
  0x000001ce060aeef0 JavaThread "Cache worker for checksums cache (S:\legado-qt-main\.gradle\8.13\checksums)" [_thread_blocked, id=13648, stack(0x0000004b90200000,0x0000004b90300000)]
  0x000001ce060af400 JavaThread "Cache worker for file content cache (S:\ArStudio\caches\8.13\fileContent)" [_thread_blocked, id=12632, stack(0x0000004b90300000,0x0000004b90400000)]
  0x000001ce060b2190 JavaThread "Cache worker for cache directory md-supplier (S:\ArStudio\caches\8.13\md-supplier)" [_thread_blocked, id=12384, stack(0x0000004b90400000,0x0000004b90500000)]
  0x000001ce060b26a0 JavaThread "Cache worker for cache directory md-rule (S:\ArStudio\caches\8.13\md-rule)" [_thread_blocked, id=14448, stack(0x0000004b90500000,0x0000004b90600000)]
  0x000001ce060b0d50 JavaThread "jar transforms Thread 2" [_thread_blocked, id=8080, stack(0x0000004b90600000,0x0000004b90700000)]
  0x000001ce060af910 JavaThread "jar transforms Thread 3" [_thread_blocked, id=5472, stack(0x0000004b90700000,0x0000004b90800000)]
  0x000001ce060afe20 JavaThread "Unconstrained build operations" [_thread_blocked, id=5584, stack(0x0000004b90800000,0x0000004b90900000)]
  0x000001ce060b0330 JavaThread "Unconstrained build operations Thread 2" [_thread_blocked, id=6548, stack(0x0000004b90900000,0x0000004b90a00000)]
  0x000001ce060b0840 JavaThread "Unconstrained build operations Thread 3" [_thread_blocked, id=8900, stack(0x0000004b90a00000,0x0000004b90b00000)]
  0x000001ce060b1260 JavaThread "Unconstrained build operations Thread 4" [_thread_blocked, id=3796, stack(0x0000004b90b00000,0x0000004b90c00000)]
  0x000001ce060b1770 JavaThread "Unconstrained build operations Thread 5" [_thread_blocked, id=1768, stack(0x0000004b90c00000,0x0000004b90d00000)]
  0x000001ce06602eb0 JavaThread "Unconstrained build operations Thread 6" [_thread_blocked, id=7020, stack(0x0000004b90d00000,0x0000004b90e00000)]
  0x000001ce06604d10 JavaThread "Unconstrained build operations Thread 7" [_thread_blocked, id=4424, stack(0x0000004b90e00000,0x0000004b90f00000)]
  0x000001ce06603de0 JavaThread "Unconstrained build operations Thread 8" [_thread_blocked, id=6996, stack(0x0000004b90f00000,0x0000004b91000000)]
  0x000001ce06602490 JavaThread "Unconstrained build operations Thread 9" [_thread_blocked, id=7868, stack(0x0000004b91000000,0x0000004b91100000)]
  0x000001ce066033c0 JavaThread "Unconstrained build operations Thread 10" [_thread_blocked, id=2324, stack(0x0000004b91100000,0x0000004b91200000)]
  0x000001ce066042f0 JavaThread "Unconstrained build operations Thread 11" [_thread_blocked, id=12816, stack(0x0000004b91200000,0x0000004b91300000)]
  0x000001ce06605220 JavaThread "Unconstrained build operations Thread 12" [_thread_blocked, id=5576, stack(0x0000004b91300000,0x0000004b91400000)]
  0x000001ce06604800 JavaThread "Unconstrained build operations Thread 13" [_thread_blocked, id=14584, stack(0x0000004b91400000,0x0000004b91500000)]
  0x000001ce06601a70 JavaThread "Unconstrained build operations Thread 14" [_thread_blocked, id=14888, stack(0x0000004b91500000,0x0000004b91600000)]
  0x000001ce066029a0 JavaThread "Unconstrained build operations Thread 15" [_thread_blocked, id=14192, stack(0x0000004b91600000,0x0000004b91700000)]
  0x000001ce06605730 JavaThread "Unconstrained build operations Thread 16" [_thread_blocked, id=7008, stack(0x0000004b91700000,0x0000004b91800000)]
  0x000001ce066038d0 JavaThread "Unconstrained build operations Thread 17" [_thread_blocked, id=4384, stack(0x0000004b91800000,0x0000004b91900000)]
  0x000001ce06601f80 JavaThread "Unconstrained build operations Thread 18" [_thread_blocked, id=9628, stack(0x0000004b91900000,0x0000004b91a00000)]
  0x000001ce06606660 JavaThread "Unconstrained build operations Thread 19" [_thread_blocked, id=4020, stack(0x0000004b91a00000,0x0000004b91b00000)]
  0x000001ce066093f0 JavaThread "Unconstrained build operations Thread 20" [_thread_blocked, id=12768, stack(0x0000004b91b00000,0x0000004b91c00000)]
  0x000001ce06606b70 JavaThread "Unconstrained build operations Thread 21" [_thread_blocked, id=13192, stack(0x0000004b91c00000,0x0000004b91d00000)]
  0x000001ce06607590 JavaThread "jar transforms Thread 4" [_thread_blocked, id=9624, stack(0x0000004b91d00000,0x0000004b91e00000)]
  0x000001ce06607fb0 JavaThread "jar transforms Thread 5" [_thread_blocked, id=12124, stack(0x0000004b91e00000,0x0000004b91f00000)]
  0x000001ce06605c40 JavaThread "Memory manager" [_thread_blocked, id=10940, stack(0x0000004b8fc00000,0x0000004b8fd00000)]
  0x000001ce06608ee0 JavaThread "build event listener" [_thread_blocked, id=8332, stack(0x0000004b91f00000,0x0000004b92000000)]
  0x000001ce07840c90 JavaThread "build event listener" [_thread_blocked, id=9928, stack(0x0000004b92000000,0x0000004b92100000)]
  0x000001ce07841bc0 JavaThread "jar transforms Thread 6" [_thread_blocked, id=2696, stack(0x0000004b92100000,0x0000004b92200000)]
  0x000001ce07843510 JavaThread "jar transforms Thread 7" [_thread_blocked, id=6092, stack(0x0000004b92200000,0x0000004b92300000)]
  0x000001ce078425e0 JavaThread "jar transforms Thread 8" [_thread_blocked, id=3840, stack(0x0000004b92300000,0x0000004b92400000)]
  0x000001ce07c20f80 JavaThread "included builds" [_thread_blocked, id=9712, stack(0x0000004b92d00000,0x0000004b92e00000)]
  0x000001ce07c21490 JavaThread "Execution worker" [_thread_blocked, id=4356, stack(0x0000004b92e00000,0x0000004b92f00000)]
  0x000001ce07c23800 JavaThread "Execution worker Thread 2" [_thread_blocked, id=7148, stack(0x0000004b92f00000,0x0000004b93000000)]
  0x000001ce07c20560 JavaThread "Execution worker Thread 3" [_thread_blocked, id=7772, stack(0x0000004b93000000,0x0000004b93100000)]
  0x000001ce07c24220 JavaThread "Execution worker Thread 4" [_thread_blocked, id=12164, stack(0x0000004b93100000,0x0000004b93200000)]
  0x000001ce07c22de0 JavaThread "Execution worker Thread 5" [_thread_blocked, id=14592, stack(0x0000004b93200000,0x0000004b93300000)]
  0x000001ce07c20a70 JavaThread "Execution worker Thread 6" [_thread_blocked, id=14124, stack(0x0000004b93300000,0x0000004b93400000)]
  0x000001ce07c24c40 JavaThread "Execution worker Thread 7" [_thread_blocked, id=15180, stack(0x0000004b93400000,0x0000004b93500000)]
  0x000001ce07c232f0 JavaThread "Unconstrained build operations Thread 22" [_thread_blocked, id=15436, stack(0x0000004b93500000,0x0000004b93600000)]
  0x000001ce07c24730 JavaThread "Unconstrained build operations Thread 23" [_thread_blocked, id=15440, stack(0x0000004b93600000,0x0000004b93700000)]
  0x000001ce07c25150 JavaThread "Unconstrained build operations Thread 24" [_thread_blocked, id=15444, stack(0x0000004b93700000,0x0000004b93800000)]
  0x000001ce07c219a0 JavaThread "Unconstrained build operations Thread 25" [_thread_blocked, id=15480, stack(0x0000004b93800000,0x0000004b93900000)]
  0x000001ce07c25660 JavaThread "Unconstrained build operations Thread 26" [_thread_blocked, id=15484, stack(0x0000004b93900000,0x0000004b93a00000)]
  0x000001ce07c26fb0 JavaThread "Unconstrained build operations Thread 27" [_thread_blocked, id=15496, stack(0x0000004b93a00000,0x0000004b93b00000)]
  0x000001ce07c279d0 JavaThread "Unconstrained build operations Thread 28" [_thread_blocked, id=15504, stack(0x0000004b93b00000,0x0000004b93c00000)]
  0x000001ce07c25b70 JavaThread "Unconstrained build operations Thread 29" [_thread_blocked, id=15508, stack(0x0000004b93c00000,0x0000004b93d00000)]
  0x000001ce07c26080 JavaThread "Unconstrained build operations Thread 30" [_thread_blocked, id=15512, stack(0x0000004b93d00000,0x0000004b93e00000)]
  0x000001ce07c26590 JavaThread "Unconstrained build operations Thread 31" [_thread_blocked, id=15516, stack(0x0000004b93e00000,0x0000004b93f00000)]
  0x000001ce07c26aa0 JavaThread "Unconstrained build operations Thread 32" [_thread_blocked, id=15520, stack(0x0000004b93f00000,0x0000004b94000000)]
  0x000001ce07c274c0 JavaThread "Unconstrained build operations Thread 33" [_thread_blocked, id=15524, stack(0x0000004b94000000,0x0000004b94100000)]
  0x000001ce100ef820 JavaThread "Cache worker for execution history cache (S:\legado-qt-main\.gradle\8.13\executionHistory)" [_thread_blocked, id=15536, stack(0x0000004b94100000,0x0000004b94200000)]
  0x000001ce100ee8f0 JavaThread "Unconstrained build operations Thread 34" [_thread_blocked, id=15568, stack(0x0000004b94200000,0x0000004b94300000)]
  0x000001ce100ee3e0 JavaThread "Unconstrained build operations Thread 35" [_thread_blocked, id=15572, stack(0x0000004b94300000,0x0000004b94400000)]
  0x000001ce100eee00 JavaThread "Unconstrained build operations Thread 36" [_thread_blocked, id=15576, stack(0x0000004b94400000,0x0000004b94500000)]
  0x000001ce100eded0 JavaThread "Unconstrained build operations Thread 37" [_thread_blocked, id=15580, stack(0x0000004b94500000,0x0000004b94600000)]
  0x000001ce100ef310 JavaThread "Unconstrained build operations Thread 38" [_thread_blocked, id=15584, stack(0x0000004b94600000,0x0000004b94700000)]
  0x000001ce100ec580 JavaThread "Unconstrained build operations Thread 39" [_thread_blocked, id=15588, stack(0x0000004b94700000,0x0000004b94800000)]
  0x000001ce100ecfa0 JavaThread "Unconstrained build operations Thread 40" [_thread_blocked, id=15592, stack(0x0000004b94800000,0x0000004b94900000)]
  0x000001ce100ed4b0 JavaThread "Unconstrained build operations Thread 41" [_thread_blocked, id=15648, stack(0x0000004b94900000,0x0000004b94a00000)]
  0x000001ce100eca90 JavaThread "Unconstrained build operations Thread 42" [_thread_blocked, id=15652, stack(0x0000004b94a00000,0x0000004b94b00000)]
  0x000001ce100ed9c0 JavaThread "Unconstrained build operations Thread 43" [_thread_blocked, id=15656, stack(0x0000004b94b00000,0x0000004b94c00000)]
  0x000001ce07845370 JavaThread "Unconstrained build operations Thread 44" [_thread_blocked, id=15660, stack(0x0000004b94c00000,0x0000004b94d00000)]
  0x000001ce05670ad0 JavaThread "Unconstrained build operations Thread 45" [_thread_blocked, id=15664, stack(0x0000004b94d00000,0x0000004b94e00000)]
  0x000001ce101219b0 JavaThread "Unconstrained build operations Thread 46" [_thread_blocked, id=15668, stack(0x0000004b94e00000,0x0000004b94f00000)]
  0x000001ce10125670 JavaThread "Unconstrained build operations Thread 47" [_thread_blocked, id=15672, stack(0x0000004b94f00000,0x0000004b95000000)]
  0x000001ce10121ec0 JavaThread "Unconstrained build operations Thread 48" [_thread_blocked, id=15752, stack(0x0000004b95000000,0x0000004b95100000)]
  0x000001ce10124740 JavaThread "Unconstrained build operations Thread 49" [_thread_blocked, id=15756, stack(0x0000004b95100000,0x0000004b95200000)]
  0x000001ce10123d20 JavaThread "Unconstrained build operations Thread 50" [_thread_blocked, id=15760, stack(0x0000004b95200000,0x0000004b95300000)]
  0x000001ce10125b80 JavaThread "Unconstrained build operations Thread 51" [_thread_blocked, id=15764, stack(0x0000004b95300000,0x0000004b95400000)]
  0x000001ce10124230 JavaThread "Unconstrained build operations Thread 52" [_thread_blocked, id=15768, stack(0x0000004b95400000,0x0000004b95500000)]
  0x000001ce10124c50 JavaThread "Unconstrained build operations Thread 53" [_thread_blocked, id=15772, stack(0x0000004b95500000,0x0000004b95600000)]
  0x000001ce101228e0 JavaThread "Unconstrained build operations Thread 54" [_thread_blocked, id=15776, stack(0x0000004b95600000,0x0000004b95700000)]
  0x000001ce10125160 JavaThread "WorkerExecutor Queue" [_thread_blocked, id=15940, stack(0x0000004b92c00000,0x0000004b92d00000)]
  0x000001ce10126090 JavaThread "Java2D Disposer" daemon [_thread_blocked, id=15972, stack(0x0000004b95800000,0x0000004b95900000)]
  0x000001ce101265a0 JavaThread "WorkerExecutor Queue Thread 3" [_thread_blocked, id=15984, stack(0x0000004b95900000,0x0000004b95a00000)]
  0x000001ce10126ab0 JavaThread "WorkerExecutor Queue Thread 4" [_thread_blocked, id=15996, stack(0x0000004b95a00000,0x0000004b95b00000)]
  0x000001ce10123300 JavaThread "WorkerExecutor Queue Thread 5" [_thread_blocked, id=16020, stack(0x0000004b95b00000,0x0000004b95c00000)]
  0x000001ce101274d0 JavaThread "WorkerExecutor Queue Thread 7" [_thread_blocked, id=16040, stack(0x0000004b95d00000,0x0000004b95e00000)]
  0x000001ce10128e20 JavaThread "WorkerExecutor Queue Thread 8" [_thread_blocked, id=16108, stack(0x0000004b95e00000,0x0000004b95f00000)]
  0x000001ce0b31ff40 JavaThread "Unconstrained build operations Thread 55" [_thread_blocked, id=16224, stack(0x0000004b95f00000,0x0000004b96000000)]
  0x000001ce0b321da0 JavaThread "Unconstrained build operations Thread 56" [_thread_blocked, id=16228, stack(0x0000004b96000000,0x0000004b96100000)]
  0x000001ce0b31fa30 JavaThread "Unconstrained build operations Thread 57" [_thread_blocked, id=16232, stack(0x0000004b96100000,0x0000004b96200000)]
  0x000001ce0b3222b0 JavaThread "Unconstrained build operations Thread 58" [_thread_blocked, id=16236, stack(0x0000004b96200000,0x0000004b96300000)]
  0x000001ce0b321380 JavaThread "Unconstrained build operations Thread 59" [_thread_blocked, id=16240, stack(0x0000004b96300000,0x0000004b96400000)]
  0x000001ce0b31eb00 JavaThread "Unconstrained build operations Thread 60" [_thread_blocked, id=16244, stack(0x0000004b96400000,0x0000004b96500000)]
  0x000001ce0b3227c0 JavaThread "Unconstrained build operations Thread 61" [_thread_blocked, id=16248, stack(0x0000004b96500000,0x0000004b96600000)]
  0x000001ce0b31f010 JavaThread "Unconstrained build operations Thread 62" [_thread_blocked, id=16252, stack(0x0000004b96600000,0x0000004b96700000)]
  0x000001ce0b322cd0 JavaThread "Unconstrained build operations Thread 63" [_thread_blocked, id=16256, stack(0x0000004b96700000,0x0000004b96800000)]
  0x000001ce0b324110 JavaThread "Unconstrained build operations Thread 64" [_thread_blocked, id=16260, stack(0x0000004b96800000,0x0000004b96900000)]
  0x000001ce0b3231e0 JavaThread "Unconstrained build operations Thread 65" [_thread_blocked, id=16264, stack(0x0000004b96900000,0x0000004b96a00000)]
  0x000001ce0b320960 JavaThread "Unconstrained build operations Thread 66" [_thread_blocked, id=16268, stack(0x0000004b96a00000,0x0000004b96b00000)]
  0x000001ce0b325f70 JavaThread "Unconstrained build operations Thread 67" [_thread_blocked, id=16272, stack(0x0000004b96b00000,0x0000004b96c00000)]
  0x000001ce0b325a60 JavaThread "Unconstrained build operations Thread 68" [_thread_blocked, id=16276, stack(0x0000004b96c00000,0x0000004b96d00000)]
  0x000001ce0b326480 JavaThread "Unconstrained build operations Thread 69" [_thread_blocked, id=16280, stack(0x0000004b96d00000,0x0000004b96e00000)]
  0x000001ce0b324620 JavaThread "Unconstrained build operations Thread 70" [_thread_blocked, id=16288, stack(0x0000004b96e00000,0x0000004b96f00000)]
  0x000001ce0b325040 JavaThread "Unconstrained build operations Thread 71" [_thread_blocked, id=16292, stack(0x0000004b96f00000,0x0000004b97000000)]
  0x000001ce0b3236f0 JavaThread "Unconstrained build operations Thread 72" [_thread_blocked, id=16296, stack(0x0000004b97000000,0x0000004b97100000)]
  0x000001ce0b323c00 JavaThread "Unconstrained build operations Thread 73" [_thread_blocked, id=16300, stack(0x0000004b97100000,0x0000004b97200000)]
  0x000001ce0b324b30 JavaThread "Unconstrained build operations Thread 74" [_thread_blocked, id=16304, stack(0x0000004b97200000,0x0000004b97300000)]
  0x000001ce0b325550 JavaThread "Unconstrained build operations Thread 75" [_thread_blocked, id=16308, stack(0x0000004b97300000,0x0000004b97400000)]
  0x000001ce10128400 JavaThread "Unconstrained build operations Thread 76" [_thread_blocked, id=16312, stack(0x0000004b97400000,0x0000004b97500000)]
  0x000001ce07847bf0 JavaThread "Unconstrained build operations Thread 77" [_thread_blocked, id=16316, stack(0x0000004b97500000,0x0000004b97600000)]
  0x000001ce060b1c80 JavaThread "Unconstrained build operations Thread 78" [_thread_blocked, id=16320, stack(0x0000004b97600000,0x0000004b97700000)]
  0x000001ce0af733f0 JavaThread "Unconstrained build operations Thread 79" [_thread_blocked, id=16324, stack(0x0000004b97700000,0x0000004b97800000)]
  0x000001ce0af74320 JavaThread "Unconstrained build operations Thread 80" [_thread_blocked, id=16328, stack(0x0000004b97800000,0x0000004b97900000)]
  0x000001ce0af75c70 JavaThread "WorkerExecutor Queue Thread 9" [_thread_blocked, id=2972, stack(0x0000004b97900000,0x0000004b97a00000)]
  0x000001ce0af71fb0 JavaThread "RMI Scheduler(0)" daemon [_thread_blocked, id=15784, stack(0x0000004b8d700000,0x0000004b8d800000)]
  0x000001ce0af72ee0 JavaThread "RMI GC Daemon" daemon [_thread_blocked, id=15792, stack(0x0000004b97d00000,0x0000004b97e00000)]
  0x000001ce0af770b0 JavaThread "RMI TCP Accept-0" daemon [_thread_in_native, id=15720, stack(0x0000004b97e00000,0x0000004b97f00000)]
  0x000001ce0af77ad0 JavaThread "RMI Reaper" [_thread_blocked, id=15812, stack(0x0000004b97f00000,0x0000004b98000000)]
  0x000001ce0a966170 JavaThread "WorkerExecutor Queue Thread 10" [_thread_blocked, id=1480, stack(0x0000004b98200000,0x0000004b98300000)]
  0x000001ce11270200 JavaThread "Periodic tasks thread" daemon [_thread_blocked, id=14704, stack(0x0000004b8d500000,0x0000004b8d600000)]
  0x000001ce12588540 JavaThread "ApplicationImpl pooled thread 1" daemon [_thread_blocked, id=4504, stack(0x0000004b8d600000,0x0000004b8d700000)]
  0x000001ce06fce820 JavaThread "AWT-Windows" daemon [_thread_in_native, id=2980, stack(0x0000004b98900000,0x0000004b98a00000)]
  0x000001ce192428a0 JavaThread "RMI TCP Connection(idle)" daemon [_thread_blocked, id=16196, stack(0x0000004b8ee00000,0x0000004b8ef00000)]
  0x000001ce0a966680 JavaThread "Cache worker for Java compile cache (S:\ArStudio\caches\8.13\javaCompile)" [_thread_blocked, id=4928, stack(0x0000004b92400000,0x0000004b92500000)]
  0x000001ce19242db0 JavaThread "Build operations" [_thread_blocked, id=14020, stack(0x0000004b92600000,0x0000004b92700000)]
  0x000001ce19243ce0 JavaThread "Build operations Thread 2" [_thread_blocked, id=8136, stack(0x0000004b92700000,0x0000004b92800000)]
  0x000001ce063f17e0 JavaThread "Build operations Thread 3" [_thread_blocked, id=6124, stack(0x0000004b92800000,0x0000004b92900000)]
  0x000001ce063f3130 JavaThread "Build operations Thread 4" [_thread_blocked, id=5064, stack(0x0000004b92900000,0x0000004b92a00000)]
  0x000001ce063f3640 JavaThread "Build operations Thread 5" [_thread_blocked, id=8100, stack(0x0000004b92a00000,0x0000004b92b00000)]
  0x000001ce063f4060 JavaThread "Build operations Thread 6" [_thread_blocked, id=5832, stack(0x0000004b92b00000,0x0000004b92c00000)]
  0x000001ce112b4150 JavaThread "Build operations Thread 7" [_thread_blocked, id=13256, stack(0x0000004b95700000,0x0000004b95800000)]
  0x000001ce13ff8ab0 JavaThread "C2 CompilerThread1" daemon [_thread_in_native, id=13212, stack(0x0000004b92500000,0x0000004b92600000)]
  0x000001ce13ffbfd0 JavaThread "C2 CompilerThread2" daemon [_thread_in_native, id=16104, stack(0x0000004b95c00000,0x0000004b95d00000)]

Other Threads:
  0x000001ce3e283cd0 VMThread "VM Thread" [stack: 0x0000004b8da00000,0x0000004b8db00000] [id=12596]
  0x000001ce7f969b70 WatcherThread [stack: 0x0000004b8e600000,0x0000004b8e700000] [id=5676]
  0x000001ce3e202990 GCTaskThread "GC Thread#0" [stack: 0x0000004b8d900000,0x0000004b8da00000] [id=10992]
  0x000001ce7f977de0 GCTaskThread "GC Thread#1" [stack: 0x0000004b8e800000,0x0000004b8e900000] [id=9384]
  0x000001ce054c4050 GCTaskThread "GC Thread#2" [stack: 0x0000004b8e900000,0x0000004b8ea00000] [id=14284]
  0x000001ce054c4320 GCTaskThread "GC Thread#3" [stack: 0x0000004b8ea00000,0x0000004b8eb00000] [id=1508]
  0x000001ce054c45f0 GCTaskThread "GC Thread#4" [stack: 0x0000004b8eb00000,0x0000004b8ec00000] [id=13388]
  0x000001ce05c748e0 GCTaskThread "GC Thread#5" [stack: 0x0000004b8f300000,0x0000004b8f400000] [id=13776]
  0x000001ce05c74bb0 GCTaskThread "GC Thread#6" [stack: 0x0000004b8f400000,0x0000004b8f500000] [id=6680]
  0x000001ce05c74e80 GCTaskThread "GC Thread#7" [stack: 0x0000004b8f500000,0x0000004b8f600000] [id=1144]

Threads with active compile tasks:
C2 CompilerThread0  732855 69078 %     4       com.android.tools.r8.internal.w31::e @ 1009 (1124 bytes)
C1 CompilerThread0  732855 69808       3       com.android.tools.r8.internal.tx0::a (574 bytes)
C2 CompilerThread1  732855 68660       4       com.android.tools.r8.ir.optimize.e1::a (1849 bytes)
C2 CompilerThread2  732856 69760       4       com.android.tools.r8.internal.fk::a (1828 bytes)

VM state: at safepoint (normal execution)

VM Mutex/Monitor currently owned by a thread:  ([mutex/lock_event])
[0x000001ce3e1d8960] Threads_lock - owner thread: 0x000001ce3e283cd0
[0x000001ce3e1d80f0] Heap_lock - owner thread: 0x000001ce0a966170

Heap address: 0x0000000680000000, size: 6144 MB, Compressed Oops mode: Zero based, Oop shift amount: 3

CDS archive(s) mapped at: [0x000001ce63000000-0x000001ce63bb0000-0x000001ce63bb0000), size 12255232, SharedBaseAddress: 0x000001ce63000000, ArchiveRelocationMode: 1.
Compressed class space mapped at: 0x000001ce64000000-0x000001ce7e000000, reserved size: 436207616
Narrow klass base: 0x000001ce63000000, Narrow klass shift: 0, Narrow klass range: 0x100000000

GC Precious Log:
 CPUs: 8 total, 8 available
 Memory: 7989M
 Large Page Support: Disabled
 NUMA Support: Disabled
 Compressed Oops: Enabled (Zero based)
 Alignments: Space 512K, Generation 512K, Heap 2M
 Heap Min Capacity: 256M
 Heap Initial Capacity: 256M
 Heap Max Capacity: 6G
 Pre-touch: Disabled
 Parallel Workers: 8

Heap:
 PSYoungGen      total 1045504K, used 5696K [0x0000000780000000, 0x00000007d0a00000, 0x0000000800000000)
  eden space 813056K, 0% used [0x0000000780000000,0x0000000780000000,0x00000007b1a00000)
  from space 232448K, 2% used [0x00000007b1a00000,0x00000007b1f90020,0x00000007bfd00000)
  to   space 238080K, 0% used [0x00000007bfd00000,0x00000007bfd00000,0x00000007ce580000)
 ParOldGen       total 873984K, used 715405K [0x0000000680000000, 0x00000006b5580000, 0x0000000780000000)
  object space 873984K, 81% used [0x0000000680000000,0x00000006abaa3470,0x00000006b5580000)
 Metaspace       used 258895K, committed 260672K, reserved 688128K
  class space    used 31912K, committed 32768K, reserved 425984K

Card table byte_map: [0x000001ce54d60000,0x000001ce55970000] _byte_map_base: 0x000001ce51960000

Marking Bits: (ParMarkBitMap*) 0x00007ff843534c40
 Begin Bits: [0x000001ce56170000, 0x000001ce5c170000)
 End Bits:   [0x000001ce5c170000, 0x000001ce62170000)

Polling page: 0x000001ce3c040000

Metaspace:

Usage:
  Non-class:    221.66 MB used.
      Class:     31.16 MB used.
       Both:    252.83 MB used.

Virtual space:
  Non-class space:      256.00 MB reserved,     222.56 MB ( 87%) committed,  4 nodes.
      Class space:      416.00 MB reserved,      32.00 MB (  8%) committed,  1 nodes.
             Both:      672.00 MB reserved,     254.56 MB ( 38%) committed. 

Chunk freelists:
   Non-Class:  1.39 MB
       Class:  71.00 KB
        Both:  1.46 MB

MaxMetaspaceSize: 512.00 MB
CompressedClassSpaceSize: 416.00 MB
Initial GC threshold: 21.00 MB
Current GC threshold: 424.31 MB
CDS: on
MetaspaceReclaimPolicy: balanced
 - commit_granule_bytes: 65536.
 - commit_granule_words: 8192.
 - virtual_space_node_default_size: 8388608.
 - enlarge_chunks_in_place: 1.
 - new_chunks_are_fully_committed: 0.
 - uncommit_free_chunks: 1.
 - use_allocation_guard: 0.
 - handle_deallocations: 1.


Internal statistics:

num_allocs_failed_limit: 12.
num_arena_births: 2710.
num_arena_deaths: 72.
num_vsnodes_births: 5.
num_vsnodes_deaths: 0.
num_space_committed: 4071.
num_space_uncommitted: 2.
num_chunks_returned_to_freelist: 127.
num_chunks_taken_from_freelist: 13606.
num_chunk_merges: 27.
num_chunk_splits: 9311.
num_chunks_enlarged: 6537.
num_inconsistent_stats: 0.

CodeHeap 'non-profiled nmethods': size=120000Kb used=43196Kb max_used=43198Kb free=76803Kb
 bounds [0x000001ce4d830000, 0x000001ce502d0000, 0x000001ce54d60000]
CodeHeap 'profiled nmethods': size=120000Kb used=109340Kb max_used=109340Kb free=10659Kb
 bounds [0x000001ce45d60000, 0x000001ce4c8c0000, 0x000001ce4d290000]
CodeHeap 'non-nmethods': size=5760Kb used=2841Kb max_used=3084Kb free=2918Kb
 bounds [0x000001ce4d290000, 0x000001ce4d5b0000, 0x000001ce4d830000]
 total_blobs=48499 nmethods=47036 adapters=1373
 compilation: enabled
              stopped_count=0, restarted_count=0
 full_count=0

Compilation events (20 events):
Event: 729.984 Thread 0x000001ce3e2994e0 nmethod 69784 0x000001ce463e3e90 code [0x000001ce463e4100, 0x000001ce463e46b8]
Event: 730.011 Thread 0x000001ce3e2994e0 69786       3       com.android.tools.r8.internal.yk$$Lambda$3952/0x000001ce65385358::accept (14 bytes)
Event: 730.012 Thread 0x000001ce3e2994e0 nmethod 69786 0x000001ce48348110 code [0x000001ce483482c0, 0x000001ce48348588]
Event: 730.012 Thread 0x000001ce3e2994e0 69787       2       com.android.tools.r8.internal.y02::a (441 bytes)
Event: 730.014 Thread 0x000001ce3e2994e0 nmethod 69787 0x000001ce47829290 code [0x000001ce47829540, 0x000001ce47829f98]
Event: 730.014 Thread 0x000001ce3e2994e0 69788       2       com.android.tools.r8.graph.d3::b (11 bytes)
Event: 730.014 Thread 0x000001ce3e2994e0 nmethod 69788 0x000001ce48236a90 code [0x000001ce48236c40, 0x000001ce48236dd8]
Event: 730.025 Thread 0x000001ce3e2994e0 69789       3       com.android.tools.r8.internal.g12::d (462 bytes)
Event: 730.028 Thread 0x000001ce3e2994e0 nmethod 69789 0x000001ce48a50410 code [0x000001ce48a507c0, 0x000001ce48a52518]
Event: 730.096 Thread 0x000001ce3e2994e0 69792       3       com.android.tools.r8.internal.rj1::a (412 bytes)
Event: 730.099 Thread 0x000001ce3e2994e0 nmethod 69792 0x000001ce4c898210 code [0x000001ce4c898720, 0x000001ce4c89c008]
Event: 730.300 Thread 0x000001ce3e2994e0 69795       2       com.android.tools.r8.internal.dk$$Lambda$4358/0x000001ce653e6dc0::apply (20 bytes)
Event: 730.300 Thread 0x000001ce3e2994e0 nmethod 69795 0x000001ce4c21b190 code [0x000001ce4c21b340, 0x000001ce4c21b548]
Event: 730.300 Thread 0x000001ce3e2994e0 69796       2       com.android.tools.r8.internal.dk::b (13 bytes)
Event: 730.301 Thread 0x000001ce3e2994e0 nmethod 69796 0x000001ce48359410 code [0x000001ce483595c0, 0x000001ce48359708]
Event: 730.318 Thread 0x000001ce3e2994e0 69797       3       com.android.tools.r8.internal.lq$$Lambda$3990/0x000001ce6538ebf8::accept (16 bytes)
Event: 730.318 Thread 0x000001ce3e2994e0 nmethod 69797 0x000001ce4c405290 code [0x000001ce4c405440, 0x000001ce4c4056a8]
Event: 730.399 Thread 0x000001ce3e2994e0 69798       3       com.android.tools.r8.internal.yu3::c (300 bytes)
Event: 730.792 Thread 0x000001ce3e2994e0 nmethod 69798 0x000001ce4c89d390 code [0x000001ce4c89d940, 0x000001ce4c8a13d8]
Event: 730.792 Thread 0x000001ce3e2994e0 69802 %     3       com.android.tools.r8.internal.l32::c @ 645 (803 bytes)

GC Heap History (20 events):
Event: 701.201 GC heap before
{Heap before GC invocations=117 (full 8):
 PSYoungGen      total 875520K, used 781970K [0x0000000780000000, 0x00000007ca080000, 0x0000000800000000)
  eden space 590336K, 100% used [0x0000000780000000,0x00000007a4080000,0x00000007a4080000)
  from space 285184K, 67% used [0x00000007b6580000,0x00000007c20a4950,0x00000007c7c00000)
  to   space 300032K, 0% used [0x00000007a4080000,0x00000007a4080000,0x00000007b6580000)
 ParOldGen       total 870400K, used 686612K [0x0000000680000000, 0x00000006b5200000, 0x0000000780000000)
  object space 870400K, 78% used [0x0000000680000000,0x00000006a9e853e0,0x00000006b5200000)
 Metaspace       used 259084K, committed 260800K, reserved 688128K
  class space    used 31929K, committed 32768K, reserved 425984K
}
Event: 701.410 GC heap after
{Heap after GC invocations=117 (full 8):
 PSYoungGen      total 890368K, used 35695K [0x0000000780000000, 0x00000007ce200000, 0x0000000800000000)
  eden space 590336K, 0% used [0x0000000780000000,0x0000000780000000,0x00000007a4080000)
  from space 300032K, 11% used [0x00000007a4080000,0x00000007a635beb0,0x00000007b6580000)
  to   space 294400K, 0% used [0x00000007bc280000,0x00000007bc280000,0x00000007ce200000)
 ParOldGen       total 873984K, used 873850K [0x0000000680000000, 0x00000006b5580000, 0x0000000780000000)
  object space 873984K, 99% used [0x0000000680000000,0x00000006b555e960,0x00000006b5580000)
 Metaspace       used 259084K, committed 260800K, reserved 688128K
  class space    used 31929K, committed 32768K, reserved 425984K
}
Event: 703.093 GC heap before
{Heap before GC invocations=118 (full 9):
 PSYoungGen      total 890368K, used 626031K [0x0000000780000000, 0x00000007ce200000, 0x0000000800000000)
  eden space 590336K, 100% used [0x0000000780000000,0x00000007a4080000,0x00000007a4080000)
  from space 300032K, 11% used [0x00000007a4080000,0x00000007a635beb0,0x00000007b6580000)
  to   space 294400K, 0% used [0x00000007bc280000,0x00000007bc280000,0x00000007ce200000)
 ParOldGen       total 873984K, used 873850K [0x0000000680000000, 0x00000006b5580000, 0x0000000780000000)
  object space 873984K, 99% used [0x0000000680000000,0x00000006b555e960,0x00000006b5580000)
 Metaspace       used 259101K, committed 260800K, reserved 688128K
  class space    used 31929K, committed 32768K, reserved 425984K
}
Event: 709.204 GC heap after
{Heap after GC invocations=118 (full 9):
 PSYoungGen      total 985600K, used 0K [0x0000000780000000, 0x00000007ce480000, 0x0000000800000000)
  eden space 691200K, 0% used [0x0000000780000000,0x0000000780000000,0x00000007aa300000)
  from space 294400K, 0% used [0x00000007bc280000,0x00000007bc280000,0x00000007ce200000)
  to   space 294400K, 0% used [0x00000007aa300000,0x00000007aa300000,0x00000007bc280000)
 ParOldGen       total 873984K, used 683497K [0x0000000680000000, 0x00000006b5580000, 0x0000000780000000)
  object space 873984K, 78% used [0x0000000680000000,0x00000006a9b7a608,0x00000006b5580000)
 Metaspace       used 258820K, committed 260672K, reserved 688128K
  class space    used 31909K, committed 32768K, reserved 425984K
}
Event: 710.541 GC heap before
{Heap before GC invocations=119 (full 9):
 PSYoungGen      total 985600K, used 691200K [0x0000000780000000, 0x00000007ce480000, 0x0000000800000000)
  eden space 691200K, 100% used [0x0000000780000000,0x00000007aa300000,0x00000007aa300000)
  from space 294400K, 0% used [0x00000007bc280000,0x00000007bc280000,0x00000007ce200000)
  to   space 294400K, 0% used [0x00000007aa300000,0x00000007aa300000,0x00000007bc280000)
 ParOldGen       total 873984K, used 683497K [0x0000000680000000, 0x00000006b5580000, 0x0000000780000000)
  object space 873984K, 78% used [0x0000000680000000,0x00000006a9b7a608,0x00000006b5580000)
 Metaspace       used 258838K, committed 260672K, reserved 688128K
  class space    used 31911K, committed 32768K, reserved 425984K
}
Event: 712.556 GC heap after
{Heap after GC invocations=119 (full 9):
 PSYoungGen      total 985600K, used 5696K [0x0000000780000000, 0x00000007ce480000, 0x0000000800000000)
  eden space 691200K, 0% used [0x0000000780000000,0x0000000780000000,0x00000007aa300000)
  from space 294400K, 1% used [0x00000007aa300000,0x00000007aa890000,0x00000007bc280000)
  to   space 294400K, 0% used [0x00000007bc280000,0x00000007bc280000,0x00000007ce200000)
 ParOldGen       total 873984K, used 683497K [0x0000000680000000, 0x00000006b5580000, 0x0000000780000000)
  object space 873984K, 78% used [0x0000000680000000,0x00000006a9b7a608,0x00000006b5580000)
 Metaspace       used 258838K, committed 260672K, reserved 688128K
  class space    used 31911K, committed 32768K, reserved 425984K
}
Event: 713.686 GC heap before
{Heap before GC invocations=120 (full 9):
 PSYoungGen      total 985600K, used 696896K [0x0000000780000000, 0x00000007ce480000, 0x0000000800000000)
  eden space 691200K, 100% used [0x0000000780000000,0x00000007aa300000,0x00000007aa300000)
  from space 294400K, 1% used [0x00000007aa300000,0x00000007aa890000,0x00000007bc280000)
  to   space 294400K, 0% used [0x00000007bc280000,0x00000007bc280000,0x00000007ce200000)
 ParOldGen       total 873984K, used 683497K [0x0000000680000000, 0x00000006b5580000, 0x0000000780000000)
  object space 873984K, 78% used [0x0000000680000000,0x00000006a9b7a608,0x00000006b5580000)
 Metaspace       used 258841K, committed 260672K, reserved 688128K
  class space    used 31911K, committed 32768K, reserved 425984K
}
Event: 715.703 GC heap after
{Heap after GC invocations=120 (full 9):
 PSYoungGen      total 985600K, used 4327K [0x0000000780000000, 0x00000007ce480000, 0x0000000800000000)
  eden space 691200K, 0% used [0x0000000780000000,0x0000000780000000,0x00000007aa300000)
  from space 294400K, 1% used [0x00000007bc280000,0x00000007bc6b9d80,0x00000007ce200000)
  to   space 294400K, 0% used [0x00000007aa300000,0x00000007aa300000,0x00000007bc280000)
 ParOldGen       total 873984K, used 687215K [0x0000000680000000, 0x00000006b5580000, 0x0000000780000000)
  object space 873984K, 78% used [0x0000000680000000,0x00000006a9f1be38,0x00000006b5580000)
 Metaspace       used 258841K, committed 260672K, reserved 688128K
  class space    used 31911K, committed 32768K, reserved 425984K
}
Event: 717.162 GC heap before
{Heap before GC invocations=121 (full 9):
 PSYoungGen      total 985600K, used 695527K [0x0000000780000000, 0x00000007ce480000, 0x0000000800000000)
  eden space 691200K, 100% used [0x0000000780000000,0x00000007aa300000,0x00000007aa300000)
  from space 294400K, 1% used [0x00000007bc280000,0x00000007bc6b9d80,0x00000007ce200000)
  to   space 294400K, 0% used [0x00000007aa300000,0x00000007aa300000,0x00000007bc280000)
 ParOldGen       total 873984K, used 687215K [0x0000000680000000, 0x00000006b5580000, 0x0000000780000000)
  object space 873984K, 78% used [0x0000000680000000,0x00000006a9f1be38,0x00000006b5580000)
 Metaspace       used 258858K, committed 260672K, reserved 688128K
  class space    used 31911K, committed 32768K, reserved 425984K
}
Event: 719.182 GC heap after
{Heap after GC invocations=121 (full 9):
 PSYoungGen      total 985600K, used 4480K [0x0000000780000000, 0x00000007ce480000, 0x0000000800000000)
  eden space 691200K, 0% used [0x0000000780000000,0x0000000780000000,0x00000007aa300000)
  from space 294400K, 1% used [0x00000007aa300000,0x00000007aa760020,0x00000007bc280000)
  to   space 294400K, 0% used [0x00000007bc280000,0x00000007bc280000,0x00000007ce200000)
 ParOldGen       total 873984K, used 691295K [0x0000000680000000, 0x00000006b5580000, 0x0000000780000000)
  object space 873984K, 79% used [0x0000000680000000,0x00000006aa317ef0,0x00000006b5580000)
 Metaspace       used 258858K, committed 260672K, reserved 688128K
  class space    used 31911K, committed 32768K, reserved 425984K
}
Event: 720.405 GC heap before
{Heap before GC invocations=122 (full 9):
 PSYoungGen      total 985600K, used 695680K [0x0000000780000000, 0x00000007ce480000, 0x0000000800000000)
  eden space 691200K, 100% used [0x0000000780000000,0x00000007aa300000,0x00000007aa300000)
  from space 294400K, 1% used [0x00000007aa300000,0x00000007aa760020,0x00000007bc280000)
  to   space 294400K, 0% used [0x00000007bc280000,0x00000007bc280000,0x00000007ce200000)
 ParOldGen       total 873984K, used 691295K [0x0000000680000000, 0x00000006b5580000, 0x0000000780000000)
  object space 873984K, 79% used [0x0000000680000000,0x00000006aa317ef0,0x00000006b5580000)
 Metaspace       used 258863K, committed 260672K, reserved 688128K
  class space    used 31911K, committed 32768K, reserved 425984K
}
Event: 722.429 GC heap after
{Heap after GC invocations=122 (full 9):
 PSYoungGen      total 985600K, used 8682K [0x0000000780000000, 0x00000007ce480000, 0x0000000800000000)
  eden space 691200K, 0% used [0x0000000780000000,0x0000000780000000,0x00000007aa300000)
  from space 294400K, 2% used [0x00000007bc280000,0x00000007bcafa9a0,0x00000007ce200000)
  to   space 294400K, 0% used [0x00000007aa300000,0x00000007aa300000,0x00000007bc280000)
 ParOldGen       total 873984K, used 695663K [0x0000000680000000, 0x00000006b5580000, 0x0000000780000000)
  object space 873984K, 79% used [0x0000000680000000,0x00000006aa75be60,0x00000006b5580000)
 Metaspace       used 258863K, committed 260672K, reserved 688128K
  class space    used 31911K, committed 32768K, reserved 425984K
}
Event: 723.445 GC heap before
{Heap before GC invocations=123 (full 9):
 PSYoungGen      total 985600K, used 699882K [0x0000000780000000, 0x00000007ce480000, 0x0000000800000000)
  eden space 691200K, 100% used [0x0000000780000000,0x00000007aa300000,0x00000007aa300000)
  from space 294400K, 2% used [0x00000007bc280000,0x00000007bcafa9a0,0x00000007ce200000)
  to   space 294400K, 0% used [0x00000007aa300000,0x00000007aa300000,0x00000007bc280000)
 ParOldGen       total 873984K, used 695663K [0x0000000680000000, 0x00000006b5580000, 0x0000000780000000)
  object space 873984K, 79% used [0x0000000680000000,0x00000006aa75be60,0x00000006b5580000)
 Metaspace       used 258870K, committed 260672K, reserved 688128K
  class space    used 31911K, committed 32768K, reserved 425984K
}
Event: 723.460 GC heap after
{Heap after GC invocations=123 (full 9):
 PSYoungGen      total 985600K, used 3569K [0x0000000780000000, 0x00000007cff00000, 0x0000000800000000)
  eden space 691200K, 0% used [0x0000000780000000,0x0000000780000000,0x00000007aa300000)
  from space 294400K, 1% used [0x00000007aa300000,0x00000007aa67c5b8,0x00000007bc280000)
  to   space 264192K, 0% used [0x00000007bfd00000,0x00000007bfd00000,0x00000007cff00000)
 ParOldGen       total 873984K, used 699792K [0x0000000680000000, 0x00000006b5580000, 0x0000000780000000)
  object space 873984K, 80% used [0x0000000680000000,0x00000006aab64318,0x00000006b5580000)
 Metaspace       used 258870K, committed 260672K, reserved 688128K
  class space    used 31911K, committed 32768K, reserved 425984K
}
Event: 724.831 GC heap before
{Heap before GC invocations=124 (full 9):
 PSYoungGen      total 985600K, used 694769K [0x0000000780000000, 0x00000007cff00000, 0x0000000800000000)
  eden space 691200K, 100% used [0x0000000780000000,0x00000007aa300000,0x00000007aa300000)
  from space 294400K, 1% used [0x00000007aa300000,0x00000007aa67c5b8,0x00000007bc280000)
  to   space 264192K, 0% used [0x00000007bfd00000,0x00000007bfd00000,0x00000007cff00000)
 ParOldGen       total 873984K, used 699792K [0x0000000680000000, 0x00000006b5580000, 0x0000000780000000)
  object space 873984K, 80% used [0x0000000680000000,0x00000006aab64318,0x00000006b5580000)
 Metaspace       used 258880K, committed 260672K, reserved 688128K
  class space    used 31911K, committed 32768K, reserved 425984K
}
Event: 724.844 GC heap after
{Heap after GC invocations=124 (full 9):
 PSYoungGen      total 1012736K, used 3680K [0x0000000780000000, 0x00000007ce580000, 0x0000000800000000)
  eden space 774656K, 0% used [0x0000000780000000,0x0000000780000000,0x00000007af480000)
  from space 238080K, 1% used [0x00000007bfd00000,0x00000007c0098000,0x00000007ce580000)
  to   space 254464K, 0% used [0x00000007af480000,0x00000007af480000,0x00000007bed00000)
 ParOldGen       total 873984K, used 703145K [0x0000000680000000, 0x00000006b5580000, 0x0000000780000000)
  object space 873984K, 80% used [0x0000000680000000,0x00000006aaeaa7e8,0x00000006b5580000)
 Metaspace       used 258880K, committed 260672K, reserved 688128K
  class space    used 31911K, committed 32768K, reserved 425984K
}
Event: 726.585 GC heap before
{Heap before GC invocations=125 (full 9):
 PSYoungGen      total 1012736K, used 778336K [0x0000000780000000, 0x00000007ce580000, 0x0000000800000000)
  eden space 774656K, 100% used [0x0000000780000000,0x00000007af480000,0x00000007af480000)
  from space 238080K, 1% used [0x00000007bfd00000,0x00000007c0098000,0x00000007ce580000)
  to   space 254464K, 0% used [0x00000007af480000,0x00000007af480000,0x00000007bed00000)
 ParOldGen       total 873984K, used 703145K [0x0000000680000000, 0x00000006b5580000, 0x0000000780000000)
  object space 873984K, 80% used [0x0000000680000000,0x00000006aaeaa7e8,0x00000006b5580000)
 Metaspace       used 258881K, committed 260672K, reserved 688128K
  class space    used 31911K, committed 32768K, reserved 425984K
}
Event: 728.609 GC heap after
{Heap after GC invocations=125 (full 9):
 PSYoungGen      total 1029120K, used 8008K [0x0000000780000000, 0x00000007ce580000, 0x0000000800000000)
  eden space 774656K, 0% used [0x0000000780000000,0x0000000780000000,0x00000007af480000)
  from space 254464K, 3% used [0x00000007af480000,0x00000007afc52148,0x00000007bed00000)
  to   space 238080K, 0% used [0x00000007bfd00000,0x00000007bfd00000,0x00000007ce580000)
 ParOldGen       total 873984K, used 706662K [0x0000000680000000, 0x00000006b5580000, 0x0000000780000000)
  object space 873984K, 80% used [0x0000000680000000,0x00000006ab2199e0,0x00000006b5580000)
 Metaspace       used 258881K, committed 260672K, reserved 688128K
  class space    used 31911K, committed 32768K, reserved 425984K
}
Event: 729.761 GC heap before
{Heap before GC invocations=126 (full 9):
 PSYoungGen      total 1029120K, used 782664K [0x0000000780000000, 0x00000007ce580000, 0x0000000800000000)
  eden space 774656K, 100% used [0x0000000780000000,0x00000007af480000,0x00000007af480000)
  from space 254464K, 3% used [0x00000007af480000,0x00000007afc52148,0x00000007bed00000)
  to   space 238080K, 0% used [0x00000007bfd00000,0x00000007bfd00000,0x00000007ce580000)
 ParOldGen       total 873984K, used 706662K [0x0000000680000000, 0x00000006b5580000, 0x0000000780000000)
  object space 873984K, 80% used [0x0000000680000000,0x00000006ab2199e0,0x00000006b5580000)
 Metaspace       used 258890K, committed 260672K, reserved 688128K
  class space    used 31912K, committed 32768K, reserved 425984K
}
Event: 729.781 GC heap after
{Heap after GC invocations=126 (full 9):
 PSYoungGen      total 1051136K, used 6678K [0x0000000780000000, 0x00000007d0a00000, 0x0000000800000000)
  eden space 813056K, 0% used [0x0000000780000000,0x0000000780000000,0x00000007b1a00000)
  from space 238080K, 2% used [0x00000007bfd00000,0x00000007c0385b90,0x00000007ce580000)
  to   space 232448K, 0% used [0x00000007b1a00000,0x00000007b1a00000,0x00000007bfd00000)
 ParOldGen       total 873984K, used 711732K [0x0000000680000000, 0x00000006b5580000, 0x0000000780000000)
  object space 873984K, 81% used [0x0000000680000000,0x00000006ab70d370,0x00000006b5580000)
 Metaspace       used 258890K, committed 260672K, reserved 688128K
  class space    used 31912K, committed 32768K, reserved 425984K
}

Dll operation events (18 events):
Event: 0.017 Loaded shared library S:\Jdk\bin\java.dll
Event: 0.044 Loaded shared library S:\Jdk\bin\jsvml.dll
Event: 0.124 Loaded shared library S:\Jdk\bin\zip.dll
Event: 0.128 Loaded shared library S:\Jdk\bin\instrument.dll
Event: 0.135 Loaded shared library S:\Jdk\bin\net.dll
Event: 0.137 Loaded shared library S:\Jdk\bin\nio.dll
Event: 0.140 Loaded shared library S:\Jdk\bin\zip.dll
Event: 0.450 Loaded shared library S:\Jdk\bin\jimage.dll
Event: 0.724 Loaded shared library S:\Jdk\bin\verify.dll
Event: 0.917 Loaded shared library S:\ArStudio\native\1def1411415f61bf3af743bc5b6707747c0891f09f0c88961ee8f79bc544acac\windows-amd64\native-platform.dll
Event: 0.961 Loaded shared library S:\ArStudio\native\0.2.7\x86_64-windows-gnu\gradle-fileevents.dll
Event: 2.644 Loaded shared library S:\Jdk\bin\management.dll
Event: 2.647 Loaded shared library S:\Jdk\bin\management_ext.dll
Event: 3.069 Loaded shared library S:\Jdk\bin\extnet.dll
Event: 3.486 Loaded shared library S:\Jdk\bin\sunmscapi.dll
Event: 47.082 Loaded shared library S:\Jdk\bin\awt.dll
Event: 74.597 Loaded shared library S:\Jdk\bin\rmi.dll
Event: 216.812 Loaded shared library C:\Users\Administrator\AppData\Local\Temp\sqlite-3.41.2.2-90916e3a-43be-4983-9e68-e79c7053aea3-sqlitejdbc.dll

Deoptimization events (20 events):
Event: 730.231 Thread 0x000001ce101274d0 DEOPT PACKING pc=0x000001ce4bf032cb sp=0x0000004b95dfc7e0
Event: 730.231 Thread 0x000001ce101274d0 DEOPT UNPACKING pc=0x000001ce4d2e6e43 sp=0x0000004b95dfbd18 mode 0
Event: 730.248 Thread 0x000001ce0a966170 DEOPT PACKING pc=0x000001ce494c3a94 sp=0x0000004b982fc870
Event: 730.248 Thread 0x000001ce0a966170 DEOPT UNPACKING pc=0x000001ce4d2e6e43 sp=0x0000004b982fbd60 mode 0
Event: 730.335 Thread 0x000001ce101274d0 DEOPT PACKING pc=0x000001ce4c048cbb sp=0x0000004b95dfca20
Event: 730.335 Thread 0x000001ce101274d0 DEOPT UNPACKING pc=0x000001ce4d2e6e43 sp=0x0000004b95dfbfc0 mode 0
Event: 730.346 Thread 0x000001ce0a966170 DEOPT PACKING pc=0x000001ce46138a06 sp=0x0000004b982fcb90
Event: 730.346 Thread 0x000001ce0a966170 DEOPT UNPACKING pc=0x000001ce4d2e6e43 sp=0x0000004b982fc0f0 mode 0
Event: 730.348 Thread 0x000001ce0a966170 DEOPT PACKING pc=0x000001ce48edac15 sp=0x0000004b982fc950
Event: 730.348 Thread 0x000001ce0a966170 DEOPT UNPACKING pc=0x000001ce4d2e6e43 sp=0x0000004b982fbe90 mode 0
Event: 730.399 Thread 0x000001ce101274d0 DEOPT PACKING pc=0x000001ce4c72283d sp=0x0000004b95dfc9a0
Event: 730.399 Thread 0x000001ce101274d0 DEOPT UNPACKING pc=0x000001ce4d2e6e43 sp=0x0000004b95dfbf10 mode 0
Event: 730.455 Thread 0x000001ce10126ab0 DEOPT PACKING pc=0x000001ce46138b16 sp=0x0000004b95afc8f0
Event: 730.455 Thread 0x000001ce10126ab0 DEOPT UNPACKING pc=0x000001ce4d2e6e43 sp=0x0000004b95afbe60 mode 0
Event: 730.530 Thread 0x000001ce10126ab0 DEOPT PACKING pc=0x000001ce48edac15 sp=0x0000004b95afc6b0
Event: 730.530 Thread 0x000001ce10126ab0 DEOPT UNPACKING pc=0x000001ce4d2e6e43 sp=0x0000004b95afbbf0 mode 0
Event: 730.547 Thread 0x000001ce10126ab0 Uncommon trap: trap_request=0xffffff45 fr.pc=0x000001ce500d33c4 relative=0x00000000000048c4
Event: 730.547 Thread 0x000001ce10126ab0 Uncommon trap: reason=unstable_if action=reinterpret pc=0x000001ce500d33c4 method=com.android.tools.r8.internal.l32.c(ILcom/android/tools/r8/internal/k62;)Lcom/android/tools/r8/internal/pd3; @ 722 c2
Event: 730.547 Thread 0x000001ce10126ab0 DEOPT PACKING pc=0x000001ce500d33c4 sp=0x0000004b95afc470
Event: 730.547 Thread 0x000001ce10126ab0 DEOPT UNPACKING pc=0x000001ce4d2e66a3 sp=0x0000004b95afc458 mode 2

Classes loaded (20 events):
Event: 683.503 Loading class java/util/JumboEnumSet
Event: 683.503 Loading class java/util/JumboEnumSet done
Event: 683.534 Loading class java/util/JumboEnumSet$EnumSetIterator
Event: 683.534 Loading class java/util/JumboEnumSet$EnumSetIterator done
Event: 683.792 Loading class java/util/ServiceLoader$ProviderSpliterator
Event: 683.793 Loading class java/util/ServiceLoader$ProviderSpliterator done
Event: 686.096 Loading class java/util/ImmutableCollections$Access
Event: 686.096 Loading class java/util/ImmutableCollections$Access done
Event: 686.096 Loading class java/util/ImmutableCollections$Access$1
Event: 686.097 Loading class jdk/internal/access/JavaUtilCollectionAccess
Event: 686.097 Loading class jdk/internal/access/JavaUtilCollectionAccess done
Event: 686.097 Loading class java/util/ImmutableCollections$Access$1 done
Event: 687.566 Loading class java/text/BreakIterator
Event: 687.567 Loading class java/text/BreakIterator done
Event: 687.616 Loading class java/util/function/ToIntBiFunction
Event: 687.617 Loading class java/util/function/ToIntBiFunction done
Event: 693.213 Loading class java/util/EnumMap$Values
Event: 693.213 Loading class java/util/EnumMap$Values done
Event: 693.214 Loading class java/util/EnumMap$ValueIterator
Event: 693.214 Loading class java/util/EnumMap$ValueIterator done

Classes unloaded (20 events):
Event: 703.783 Thread 0x000001ce3e283cd0 Unloading class 0x000001ce65f86ff8 'jdk/internal/jimage/ImageHeader'
Event: 703.783 Thread 0x000001ce3e283cd0 Unloading class 0x000001ce65f86dc8 'jdk/internal/jimage/BasicImageReader$2'
Event: 703.783 Thread 0x000001ce3e283cd0 Unloading class 0x000001ce65f86b98 'jdk/internal/jimage/BasicImageReader$1'
Event: 703.783 Thread 0x000001ce3e283cd0 Unloading class 0x000001ce65f86930 'jdk/internal/jimage/ImageReader$Resource'
Event: 703.783 Thread 0x000001ce3e283cd0 Unloading class 0x000001ce65f866c8 'jdk/internal/jimage/ImageReader$LinkNode'
Event: 703.783 Thread 0x000001ce3e283cd0 Unloading class 0x000001ce65f86460 'jdk/internal/jimage/ImageReader$Directory'
Event: 703.783 Thread 0x000001ce3e283cd0 Unloading class 0x000001ce65f861f8 'jdk/internal/jimage/ImageReader$Node'
Event: 703.783 Thread 0x000001ce3e283cd0 Unloading class 0x000001ce65f86000 'jdk/internal/jimage/ImageStrings'
Event: 703.783 Thread 0x000001ce3e283cd0 Unloading class 0x000001ce65f85b50 'jdk/internal/jimage/ImageReader$SharedImageReader'
Event: 703.783 Thread 0x000001ce3e283cd0 Unloading class 0x000001ce65f85890 'jdk/internal/jimage/BasicImageReader'
Event: 703.783 Thread 0x000001ce3e283cd0 Unloading class 0x000001ce65f85670 'jdk/internal/jimage/ImageReader'
Event: 703.783 Thread 0x000001ce3e283cd0 Unloading class 0x000001ce65f85448 'jdk/internal/jrtfs/SystemImage$2'
Event: 703.783 Thread 0x000001ce3e283cd0 Unloading class 0x000001ce65f85230 'jdk/internal/jrtfs/SystemImage$$Lambda$6461+0x000001ce65f85230'
Event: 703.783 Thread 0x000001ce3e283cd0 Unloading class 0x000001ce65f85000 'jdk/internal/jrtfs/ExplodedImage'
Event: 703.783 Thread 0x000001ce3e283cd0 Unloading class 0x000001ce65f84dc8 'jdk/internal/jrtfs/SystemImage$1'
Event: 703.783 Thread 0x000001ce3e283cd0 Unloading class 0x000001ce65f84bb0 'jdk/internal/jrtfs/SystemImage'
Event: 703.783 Thread 0x000001ce3e283cd0 Unloading class 0x000001ce65f84950 'jdk/internal/jrtfs/JrtFileStore'
Event: 703.783 Thread 0x000001ce3e283cd0 Unloading class 0x000001ce65f845d8 'jdk/internal/jrtfs/JrtPath'
Event: 703.783 Thread 0x000001ce3e283cd0 Unloading class 0x000001ce65f842e0 'jdk/internal/jrtfs/JrtFileSystem'
Event: 703.783 Thread 0x000001ce3e283cd0 Unloading class 0x000001ce65f84000 'jdk/internal/jrtfs/JrtFileSystemProvider'

Classes redefined (0 events):
No events

Internal exceptions (20 events):
Event: 693.138 Thread 0x000001ce07c22de0 Exception <a 'sun/nio/fs/WindowsException'{0x00000007800836e8}> (0x00000007800836e8) 
thrown [s\src\hotspot\share\prims\jni.cpp, line 516]
Event: 693.140 Thread 0x000001ce07c22de0 Exception <a 'sun/nio/fs/WindowsException'{0x000000078008ac48}> (0x000000078008ac48) 
thrown [s\src\hotspot\share\prims\jni.cpp, line 516]
Event: 693.142 Thread 0x000001ce07c22de0 Exception <a 'sun/nio/fs/WindowsException'{0x0000000780093868}> (0x0000000780093868) 
thrown [s\src\hotspot\share\prims\jni.cpp, line 516]
Event: 693.144 Thread 0x000001ce07c22de0 Exception <a 'sun/nio/fs/WindowsException'{0x0000000780099b58}> (0x0000000780099b58) 
thrown [s\src\hotspot\share\prims\jni.cpp, line 516]
Event: 693.149 Thread 0x000001ce07c22de0 Exception <a 'sun/nio/fs/WindowsException'{0x00000007800bfad8}> (0x00000007800bfad8) 
thrown [s\src\hotspot\share\prims\jni.cpp, line 516]
Event: 693.152 Thread 0x000001ce07c22de0 Implicit null exception at 0x000001ce4f01ecc1 to 0x000001ce4f01fcb8
Event: 693.155 Thread 0x000001ce07c22de0 Implicit null exception at 0x000001ce4fead4e6 to 0x000001ce4feae370
Event: 693.161 Thread 0x000001ce07c22de0 Implicit null exception at 0x000001ce4fb9d322 to 0x000001ce4fb9d9b8
Event: 693.185 Thread 0x000001ce07c22de0 Exception <a 'sun/nio/fs/WindowsException'{0x0000000780375740}> (0x0000000780375740) 
thrown [s\src\hotspot\share\prims\jni.cpp, line 516]
Event: 693.187 Thread 0x000001ce07c22de0 Exception <a 'sun/nio/fs/WindowsException'{0x000000078037cc28}> (0x000000078037cc28) 
thrown [s\src\hotspot\share\prims\jni.cpp, line 516]
Event: 693.189 Thread 0x000001ce07c22de0 Exception <a 'sun/nio/fs/WindowsException'{0x0000000780385cd0}> (0x0000000780385cd0) 
thrown [s\src\hotspot\share\prims\jni.cpp, line 516]
Event: 693.195 Thread 0x000001ce07c22de0 Exception <a 'sun/nio/fs/WindowsException'{0x00000007803b6c20}> (0x00000007803b6c20) 
thrown [s\src\hotspot\share\prims\jni.cpp, line 516]
Event: 693.205 Thread 0x000001ce07c22de0 Exception <a 'sun/nio/fs/WindowsException'{0x00000007804ab690}> (0x00000007804ab690) 
thrown [s\src\hotspot\share\prims\jni.cpp, line 516]
Event: 693.208 Thread 0x000001ce07c22de0 Exception <a 'sun/nio/fs/WindowsException'{0x00000007804ba4e0}> (0x00000007804ba4e0) 
thrown [s\src\hotspot\share\prims\jni.cpp, line 516]
Event: 693.343 Thread 0x000001ce07c22de0 Implicit null exception at 0x000001ce4d989f50 to 0x000001ce4d98a390
Event: 693.702 Thread 0x000001ce0a966680 Implicit null exception at 0x000001ce4fef9c8d to 0x000001ce4fef9dac
Event: 693.836 Thread 0x000001ce0a966680 Implicit null exception at 0x000001ce4fed87f4 to 0x000001ce4fedb688
Event: 695.105 Thread 0x000001ce07c22de0 Exception <a 'sun/nio/fs/WindowsException'{0x000000078afc66b8}> (0x000000078afc66b8) 
thrown [s\src\hotspot\share\prims\jni.cpp, line 516]
Event: 695.342 Thread 0x000001ce07c22de0 Exception <a 'java/lang/NoSuchMethodError'{0x000000078c4f26c0}: static Lcom/android/build/gradle/internal/tasks/DexArchiveBuilderTaskDelegate$ClasspathServiceKey;.<clinit>()V> (0x000000078c4f26c0) 
thrown [s\src\hotspot\share\prims\jni.cpp, line 1112]
Event: 715.982 Thread 0x000001ce10126ab0 Implicit null exception at 0x000001ce4eb6b0aa to 0x000001ce4eb6b0fe

VM Operations (20 events):
Event: 720.405 Executing VM operation: ParallelGCFailedAllocation
Event: 722.430 Executing VM operation: ParallelGCFailedAllocation done
Event: 722.430 Executing VM operation: HandshakeAllThreads
Event: 722.430 Executing VM operation: HandshakeAllThreads done
Event: 723.430 Executing VM operation: Cleanup
Event: 723.430 Executing VM operation: Cleanup done
Event: 723.445 Executing VM operation: ParallelGCFailedAllocation
Event: 723.460 Executing VM operation: ParallelGCFailedAllocation done
Event: 724.831 Executing VM operation: ParallelGCFailedAllocation
Event: 724.844 Executing VM operation: ParallelGCFailedAllocation done
Event: 725.768 Executing VM operation: HandshakeAllThreads
Event: 725.771 Executing VM operation: HandshakeAllThreads done
Event: 726.585 Executing VM operation: ParallelGCFailedAllocation
Event: 728.609 Executing VM operation: ParallelGCFailedAllocation done
Event: 729.609 Executing VM operation: Cleanup
Event: 729.609 Executing VM operation: Cleanup done
Event: 729.761 Executing VM operation: ParallelGCFailedAllocation
Event: 729.781 Executing VM operation: ParallelGCFailedAllocation done
Event: 730.781 Executing VM operation: Cleanup
Event: 730.792 Executing VM operation: Cleanup done

Memory protections (0 events):
No events

Nmethod flushes (20 events):
Event: 725.921 Thread 0x000001ce3e29d2f0 flushing  nmethod 0x000001ce4bf39c10
Event: 725.921 Thread 0x000001ce3e29d2f0 flushing  nmethod 0x000001ce4bf83d90
Event: 725.921 Thread 0x000001ce3e29d2f0 flushing  nmethod 0x000001ce4bf84b10
Event: 725.921 Thread 0x000001ce3e29d2f0 flushing  nmethod 0x000001ce4bfe3210
Event: 725.922 Thread 0x000001ce3e29d2f0 flushing  nmethod 0x000001ce4c0ac010
Event: 725.923 Thread 0x000001ce3e29d2f0 flushing  nmethod 0x000001ce4c16a410
Event: 725.924 Thread 0x000001ce3e29d2f0 flushing  nmethod 0x000001ce4c21b190
Event: 725.924 Thread 0x000001ce3e29d2f0 flushing  nmethod 0x000001ce4c279290
Event: 725.925 Thread 0x000001ce3e29d2f0 flushing  nmethod 0x000001ce4c30b110
Event: 725.925 Thread 0x000001ce3e29d2f0 flushing  nmethod 0x000001ce4c3a4e90
Event: 725.925 Thread 0x000001ce3e29d2f0 flushing  nmethod 0x000001ce4c3e7f90
Event: 725.926 Thread 0x000001ce3e29d2f0 flushing  nmethod 0x000001ce4c498210
Event: 725.928 Thread 0x000001ce3e29d2f0 flushing  nmethod 0x000001ce4c678490
Event: 725.928 Thread 0x000001ce3e29d2f0 flushing  nmethod 0x000001ce4c6c5790
Event: 725.928 Thread 0x000001ce3e29d2f0 flushing  nmethod 0x000001ce4c6fad90
Event: 725.928 Thread 0x000001ce3e29d2f0 flushing  nmethod 0x000001ce4c6fd310
Event: 725.928 Thread 0x000001ce3e29d2f0 flushing  nmethod 0x000001ce4c71d890
Event: 725.928 Thread 0x000001ce3e29d2f0 flushing  nmethod 0x000001ce4c72d210
Event: 725.928 Thread 0x000001ce3e29d2f0 flushing  nmethod 0x000001ce4c730410
Event: 725.929 Thread 0x000001ce3e29d2f0 flushing  nmethod 0x000001ce4c730890

Events (20 events):
Event: 674.752 Thread 0x000001ce13ff8ab0 Thread exited: 0x000001ce13ff8ab0
Event: 679.530 Thread 0x000001ce3e298060 Thread added: 0x000001ce13ff8ab0
Event: 679.530 Thread 0x000001ce3e298060 Thread added: 0x000001ce13ff5590
Event: 682.694 Thread 0x000001ce0a966b90 Thread exited: 0x000001ce0a966b90
Event: 682.799 Thread 0x000001ce13ff5590 Thread exited: 0x000001ce13ff5590
Event: 683.069 Thread 0x000001ce13ff8ab0 Thread exited: 0x000001ce13ff8ab0
Event: 683.176 Thread 0x000001ce07c22de0 Thread added: 0x000001ce0a966680
Event: 683.543 Thread 0x000001ce3e2994e0 Thread added: 0x000001ce13ff6ad0
Event: 684.113 Thread 0x000001ce13ff6ad0 Thread exited: 0x000001ce13ff6ad0
Event: 684.603 Thread 0x000001ce3e2994e0 Thread added: 0x000001ce13ff8ab0
Event: 693.565 Thread 0x000001ce07c22de0 Thread added: 0x000001ce19242db0
Event: 693.566 Thread 0x000001ce07c22de0 Thread added: 0x000001ce19243ce0
Event: 693.566 Thread 0x000001ce07c22de0 Thread added: 0x000001ce063f17e0
Event: 693.566 Thread 0x000001ce07c22de0 Thread added: 0x000001ce063f3130
Event: 693.566 Thread 0x000001ce07c22de0 Thread added: 0x000001ce063f3640
Event: 693.567 Thread 0x000001ce07c22de0 Thread added: 0x000001ce063f4060
Event: 693.567 Thread 0x000001ce07c22de0 Thread added: 0x000001ce112b4150
Event: 695.195 Thread 0x000001ce13ff8ab0 Thread exited: 0x000001ce13ff8ab0
Event: 695.390 Thread 0x000001ce3e2994e0 Thread added: 0x000001ce13ff8ab0
Event: 700.821 Thread 0x000001ce3e2994e0 Thread added: 0x000001ce13ffbfd0


Dynamic libraries:
0x00007ff7281b0000 - 0x00007ff7281be000 	S:\Jdk\bin\java.exe
0x00007ff8db300000 - 0x00007ff8db567000 	C:\Windows\SYSTEM32\ntdll.dll
0x00007ff8da2d0000 - 0x00007ff8da399000 	C:\Windows\System32\KERNEL32.DLL
0x00007ff8d8840000 - 0x00007ff8d8c2f000 	C:\Windows\System32\KERNELBASE.dll
0x00007ff8d8dc0000 - 0x00007ff8d8f0b000 	C:\Windows\System32\ucrtbase.dll
0x00007ff8b14c0000 - 0x00007ff8b14de000 	S:\Jdk\bin\VCRUNTIME140.dll
0x00007ff8b1400000 - 0x00007ff8b1418000 	S:\Jdk\bin\jli.dll
0x00007ff8d9410000 - 0x00007ff8d95d5000 	C:\Windows\System32\USER32.dll
0x00007ff8c0c30000 - 0x00007ff8c0ec3000 	C:\Windows\WinSxS\amd64_microsoft.windows.common-controls_6595b64144ccf1df_6.0.26100.7309_none_3e05feeae336a044\COMCTL32.dll
0x00007ff8d8fc0000 - 0x00007ff8d8fe7000 	C:\Windows\System32\win32u.dll
0x00007ff8d9280000 - 0x00007ff8d9329000 	C:\Windows\System32\msvcrt.dll
0x00007ff8da3b0000 - 0x00007ff8da3db000 	C:\Windows\System32\GDI32.dll
0x00007ff8d8510000 - 0x00007ff8d863c000 	C:\Windows\System32\gdi32full.dll
0x00007ff8d8f10000 - 0x00007ff8d8fb3000 	C:\Windows\System32\msvcp_win.dll
0x00007ff8db110000 - 0x00007ff8db141000 	C:\Windows\System32\IMM32.DLL
0x00007ff8c8820000 - 0x00007ff8c882c000 	S:\Jdk\bin\vcruntime140_1.dll
0x00007ff895930000 - 0x00007ff8959b9000 	S:\Jdk\bin\msvcp140.dll
0x00007ff842980000 - 0x00007ff8435fa000 	S:\Jdk\bin\server\jvm.dll
0x00007ff8dabc0000 - 0x00007ff8dac74000 	C:\Windows\System32\ADVAPI32.dll
0x00007ff8d97c0000 - 0x00007ff8d9866000 	C:\Windows\System32\sechost.dll
0x00007ff8d96a0000 - 0x00007ff8d97b8000 	C:\Windows\System32\RPCRT4.dll
0x00007ff8d95e0000 - 0x00007ff8d9654000 	C:\Windows\System32\WS2_32.dll
0x00007ff8d82b0000 - 0x00007ff8d830e000 	C:\Windows\SYSTEM32\POWRPROF.dll
0x00007ff8d5cd0000 - 0x00007ff8d5d05000 	C:\Windows\SYSTEM32\WINMM.dll
0x00007ff8cf450000 - 0x00007ff8cf45b000 	C:\Windows\SYSTEM32\VERSION.dll
0x00007ff8d8290000 - 0x00007ff8d82a4000 	C:\Windows\SYSTEM32\UMPDC.dll
0x00007ff8d71c0000 - 0x00007ff8d71db000 	C:\Windows\SYSTEM32\kernel.appcore.dll
0x00007ff8bdf10000 - 0x00007ff8bdf1a000 	S:\Jdk\bin\jimage.dll
0x00007ff8d5a80000 - 0x00007ff8d5cc2000 	C:\Windows\SYSTEM32\DBGHELP.DLL
0x00007ff8da4e0000 - 0x00007ff8da866000 	C:\Windows\System32\combase.dll
0x00007ff8d9120000 - 0x00007ff8d91f6000 	C:\Windows\System32\OLEAUT32.dll
0x00007ff8d5a40000 - 0x00007ff8d5a7c000 	C:\Windows\SYSTEM32\dbgcore.DLL
0x00007ff8d8ff0000 - 0x00007ff8d9095000 	C:\Windows\System32\bcryptPrimitives.dll
0x00007ff8b32a0000 - 0x00007ff8b32af000 	S:\Jdk\bin\instrument.dll
0x00007ff8ad890000 - 0x00007ff8ad8b6000 	S:\Jdk\bin\java.dll
0x00007ff86ff60000 - 0x00007ff870036000 	S:\Jdk\bin\jsvml.dll
0x00007ff8d9b70000 - 0x00007ff8da2c3000 	C:\Windows\System32\SHELL32.dll
0x00007ff8d8640000 - 0x00007ff8d87aa000 	C:\Windows\System32\wintypes.dll
0x00007ff8d6030000 - 0x00007ff8d688e000 	C:\Windows\SYSTEM32\windows.storage.dll
0x00007ff8d9a70000 - 0x00007ff8d9b65000 	C:\Windows\System32\SHCORE.dll
0x00007ff8da3e0000 - 0x00007ff8da446000 	C:\Windows\System32\shlwapi.dll
0x00007ff8d8370000 - 0x00007ff8d8399000 	C:\Windows\SYSTEM32\profapi.dll
0x00007ff8ac0a0000 - 0x00007ff8ac0b8000 	S:\Jdk\bin\zip.dll
0x00007ff8ad3b0000 - 0x00007ff8ad3cb000 	S:\Jdk\bin\net.dll
0x00007ff8d4ce0000 - 0x00007ff8d4e08000 	C:\Windows\SYSTEM32\WINHTTP.dll
0x00007ff8d7710000 - 0x00007ff8d777b000 	C:\Windows\system32\mswsock.dll
0x00007ff8acaa0000 - 0x00007ff8acab6000 	S:\Jdk\bin\nio.dll
0x00007ff8bded0000 - 0x00007ff8bdee0000 	S:\Jdk\bin\verify.dll
0x00007ff8609b0000 - 0x00007ff8609d7000 	S:\ArStudio\native\1def1411415f61bf3af743bc5b6707747c0891f09f0c88961ee8f79bc544acac\windows-amd64\native-platform.dll
0x00007ff8958b0000 - 0x00007ff895928000 	S:\ArStudio\native\0.2.7\x86_64-windows-gnu\gradle-fileevents.dll
0x00007ff8b71d0000 - 0x00007ff8b71da000 	S:\Jdk\bin\management.dll
0x00007ff8b5fb0000 - 0x00007ff8b5fbc000 	S:\Jdk\bin\management_ext.dll
0x00007ff8da3a0000 - 0x00007ff8da3a8000 	C:\Windows\System32\PSAPI.DLL
0x00007ff8d6bb0000 - 0x00007ff8d6be4000 	C:\Windows\SYSTEM32\IPHLPAPI.DLL
0x00007ff8da870000 - 0x00007ff8da87a000 	C:\Windows\System32\NSI.dll
0x00007ff8c8fc0000 - 0x00007ff8c8fde000 	C:\Windows\SYSTEM32\dhcpcsvc6.DLL
0x00007ff8c8980000 - 0x00007ff8c89a3000 	C:\Windows\SYSTEM32\dhcpcsvc.DLL
0x00007ff8d6c40000 - 0x00007ff8d6d6c000 	C:\Windows\SYSTEM32\DNSAPI.dll
0x00007ff8b5ea0000 - 0x00007ff8b5ea9000 	S:\Jdk\bin\extnet.dll
0x00007ff8d7b00000 - 0x00007ff8d7b1b000 	C:\Windows\SYSTEM32\CRYPTSP.dll
0x00007ff8d7120000 - 0x00007ff8d715a000 	C:\Windows\system32\rsaenh.dll
0x00007ff8d77c0000 - 0x00007ff8d77eb000 	C:\Windows\SYSTEM32\USERENV.dll
0x00007ff8d8340000 - 0x00007ff8d836a000 	C:\Windows\SYSTEM32\bcrypt.dll
0x00007ff8d7ae0000 - 0x00007ff8d7aec000 	C:\Windows\SYSTEM32\CRYPTBASE.dll
0x00007ff8b1580000 - 0x00007ff8b158e000 	S:\Jdk\bin\sunmscapi.dll
0x00007ff8d8c40000 - 0x00007ff8d8db7000 	C:\Windows\System32\CRYPT32.dll
0x00007ff8d7c50000 - 0x00007ff8d7c80000 	C:\Windows\SYSTEM32\ncrypt.dll
0x00007ff8d7c00000 - 0x00007ff8d7c3f000 	C:\Windows\SYSTEM32\NTASN1.dll
0x00007ff8aae30000 - 0x00007ff8aae38000 	C:\Windows\system32\wshunix.dll
0x00007ff83e520000 - 0x00007ff83e6b6000 	S:\Jdk\bin\awt.dll
0x00007ff8d4780000 - 0x00007ff8d481f000 	C:\Windows\SYSTEM32\apphelp.dll
0x00007ff8d54c0000 - 0x00007ff8d54f0000 	C:\Windows\system32\DWMAPI.DLL
0x00007ff8d4b90000 - 0x00007ff8d4c3b000 	C:\Windows\system32\uxtheme.dll
0x00007ff8d72e0000 - 0x00007ff8d7316000 	C:\Windows\SYSTEM32\ntmarta.dll
0x00007ff8b4b90000 - 0x00007ff8b4b97000 	S:\Jdk\bin\rmi.dll
0x00007ff8cf430000 - 0x00007ff8cf43b000 	C:\Windows\System32\rasadhlp.dll
0x00007ff8c1a80000 - 0x00007ff8c1b06000 	C:\Windows\System32\fwpuclnt.dll
0x00007ff8db150000 - 0x00007ff8db2ae000 	C:\Windows\System32\MSCTF.dll
0x00007ff8d98d0000 - 0x00007ff8d9a67000 	C:\Windows\System32\ole32.dll
0x00007ff8789d0000 - 0x00007ff878ab9000 	C:\Users\Administrator\AppData\Local\Temp\sqlite-3.41.2.2-90916e3a-43be-4983-9e68-e79c7053aea3-sqlitejdbc.dll

dbghelp: loaded successfully - version: 4.0.5 - missing functions: none
symbol engine: initialized successfully - sym options: 0x614 - pdb path: .;S:\Jdk\bin;C:\Windows\SYSTEM32;C:\Windows\WinSxS\amd64_microsoft.windows.common-controls_6595b64144ccf1df_6.0.26100.7309_none_3e05feeae336a044;S:\Jdk\bin\server;S:\ArStudio\native\1def1411415f61bf3af743bc5b6707747c0891f09f0c88961ee8f79bc544acac\windows-amd64;S:\ArStudio\native\0.2.7\x86_64-windows-gnu;C:\Users\Administrator\AppData\Local\Temp

VM Arguments:
jvm_args: --add-opens=java.base/java.lang=ALL-UNNAMED --add-opens=java.base/java.lang.invoke=ALL-UNNAMED --add-opens=java.base/java.util=ALL-UNNAMED --add-opens=java.prefs/java.util.prefs=ALL-UNNAMED --add-exports=jdk.compiler/com.sun.tools.javac.api=ALL-UNNAMED --add-exports=jdk.compiler/com.sun.tools.javac.util=ALL-UNNAMED --add-opens=java.base/java.util=ALL-UNNAMED --add-opens=java.prefs/java.util.prefs=ALL-UNNAMED --add-opens=java.base/java.nio.charset=ALL-UNNAMED --add-opens=java.base/java.net=ALL-UNNAMED --add-opens=java.base/java.util.concurrent.atomic=ALL-UNNAMED --add-opens=java.xml/javax.xml.namespace=ALL-UNNAMED -XX:+UseParallelGC -XX:MaxMetaspaceSize=512m -XX:+HeapDumpOnOutOfMemoryError -Xms256m -Xmx6g -Dfile.encoding=UTF-8 -Duser.country=US -Duser.language=en -Duser.variant -javaagent:S:\ArStudio\wrapper\dists\gradle-8.13-bin\5xuhj0ry160q40clulazy9h7d\gradle-8.13\lib\agents\gradle-instrumentation-agent-8.13.jar 
java_command: org.gradle.launcher.daemon.bootstrap.GradleDaemon 8.13
java_class_path (initial): S:\ArStudio\wrapper\dists\gradle-8.13-bin\5xuhj0ry160q40clulazy9h7d\gradle-8.13\lib\gradle-daemon-main-8.13.jar
Launcher Type: SUN_STANDARD

[Global flags]
     intx CICompilerCount                          = 4                                         {product} {ergonomic}
   size_t CompressedClassSpaceSize                 = 436207616                                 {product} {ergonomic}
     bool HeapDumpOnOutOfMemoryError               = true                                   {manageable} {command line}
   size_t InitialHeapSize                          = 268435456                                 {product} {command line}
   size_t MaxHeapSize                              = 6442450944                                {product} {command line}
   size_t MaxMetaspaceSize                         = 536870912                                 {product} {command line}
   size_t MaxNewSize                               = 2147483648                                {product} {ergonomic}
   size_t MinHeapDeltaBytes                        = 524288                                    {product} {ergonomic}
   size_t MinHeapSize                              = 268435456                                 {product} {command line}
   size_t NewSize                                  = 89128960                                  {product} {ergonomic}
    uintx NonNMethodCodeHeapSize                   = 5839372                                {pd product} {ergonomic}
    uintx NonProfiledCodeHeapSize                  = 122909434                              {pd product} {ergonomic}
   size_t OldSize                                  = 179306496                                 {product} {ergonomic}
    uintx ProfiledCodeHeapSize                     = 122909434                              {pd product} {ergonomic}
    uintx ReservedCodeCacheSize                    = 251658240                              {pd product} {ergonomic}
     bool SegmentedCodeCache                       = true                                      {product} {ergonomic}
   size_t SoftMaxHeapSize                          = 6442450944                             {manageable} {ergonomic}
     bool UseCompressedClassPointers               = true                           {product lp64_product} {ergonomic}
     bool UseCompressedOops                        = true                           {product lp64_product} {ergonomic}
     bool UseLargePagesIndividualAllocation        = false                                  {pd product} {ergonomic}
     bool UseParallelGC                            = true                                      {product} {command line}

Logging:
Log output configuration:
 #0: stdout all=warning uptime,level,tags
 #1: stderr all=off uptime,level,tags

Environment Variables:
JAVA_HOME=S:\Jdk
CLASSPATH=S:\legado-qt-main\\gradle\wrapper\gradle-wrapper.jar
PATH=C:\Windows\system32;C:\Windows;C:\Windows\System32\Wbem;C:\Windows\System32\WindowsPowerShell\v1.0\;C:\Windows\System32\OpenSSH\;C:\Program Files\Git\cmd;C:\Users\Administrator\AppData\Local\Android\Sdk\platform-tools;C:\Program Files\Cloudflare\Cloudflare WARP\;C:\Program Files\nodejs\;C:\Users\Administrator\AppData\Local\Microsoft\WindowsApps;C:\Program Files\Seelen\Seelen UI;C:\Users\Administrator\AppData\Local\Programs\Microsoft VS Code\bin;C:\Users\Administrator\AppData\Roaming\npm;C:\Users\Administrator\AppData\Local\Programs\Windsurf\bin
USERNAME=Administrator
OS=Windows_NT
PROCESSOR_IDENTIFIER=Intel64 Family 6 Model 142 Stepping 12, GenuineIntel
TMP=C:\Users\ADMINI~1\AppData\Local\Temp
TEMP=C:\Users\ADMINI~1\AppData\Local\Temp



Periodic native trim disabled


---------------  S Y S T E M  ---------------

OS:
 Windows 11 , 64 bit Build 26100 (10.0.26100.7623)
OS uptime: 0 days 0:22 hours
Hyper-V role detected

CPU: total 8 (initial active 8) (4 cores per cpu, 2 threads per core) family 6 model 142 stepping 12 microcode 0xde, cx8, cmov, fxsr, ht, mmx, 3dnowpref, sse, sse2, sse3, ssse3, sse4.1, sse4.2, popcnt, lzcnt, tsc, tscinvbit, avx, avx2, aes, erms, clmul, bmi1, bmi2, adx, fma, vzeroupper, clflush, clflushopt, hv
Processor Information for the first 8 processors :
  Max Mhz: 2112, Current Mhz: 1609, Mhz Limit: 1605

Memory: 4k page, system-wide physical 7989M (402M free)
TotalPageFile size 19512M (AvailPageFile size 6M)
current process WorkingSet (physical memory assigned to process): 2530M, peak: 2534M
current process commit charge ("private bytes"): 3082M, peak: 6260M

vm_info: OpenJDK 64-Bit Server VM (17.0.18+8-LTS) for windows-amd64 JRE (17.0.18+8-LTS), built on Jan 15 2026 18:50:45 by "MicrosoftCorporation" with MS VC++ 17.14 (VS2022)

END.
