#
# There is insufficient memory for the Java Runtime Environment to continue.
# Native memory allocation (malloc) failed to allocate 262160 bytes. Error detail: Chunk::new
# Possible reasons:
#   The system is out of physical RAM or swap space
#   This process is running with CompressedOops enabled, and the Java Heap may be blocking the growth of the native heap
# Possible solutions:
#   Reduce memory load on the system
#   Increase physical memory or swap space
#   Check if swap backing store is full
#   Decrease Java heap size (-Xmx/-Xms)
#   Decrease number of Java threads
#   Decrease Java thread stack sizes (-Xss)
#   Set larger code cache with -XX:ReservedCodeCacheSize=
#   JVM is running with Zero Based Compressed Oops mode in which the Java heap is
#     placed in the first 32GB address space. The Java Heap base address is the
#     maximum limit for the native heap growth. Please use -XX:HeapBaseMinAddress
#     to set the Java Heap base and to place the Java Heap above 32GB virtual address.
# This output file may be truncated or incomplete.
#
#  Out of Memory Error (arena.cpp:191), pid=4428, tid=6744
#
# JRE version: OpenJDK Runtime Environment Microsoft-13106358 (17.0.18+8) (build 17.0.18+8-LTS)
# Java VM: OpenJDK 64-Bit Server VM Microsoft-13106358 (17.0.18+8-LTS, mixed mode, sharing, tiered, compressed oops, compressed class ptrs, parallel gc, windows-amd64)
# No core dump will be written. Minidumps are not enabled by default on client versions of Windows
#

---------------  S U M M A R Y ------------

Command Line: --add-opens=java.base/java.lang=ALL-UNNAMED --add-opens=java.base/java.lang.invoke=ALL-UNNAMED --add-opens=java.base/java.util=ALL-UNNAMED --add-opens=java.prefs/java.util.prefs=ALL-UNNAMED --add-exports=jdk.compiler/com.sun.tools.javac.api=ALL-UNNAMED --add-exports=jdk.compiler/com.sun.tools.javac.util=ALL-UNNAMED --add-opens=java.base/java.util=ALL-UNNAMED --add-opens=java.prefs/java.util.prefs=ALL-UNNAMED --add-opens=java.base/java.nio.charset=ALL-UNNAMED --add-opens=java.base/java.net=ALL-UNNAMED --add-opens=java.base/java.util.concurrent.atomic=ALL-UNNAMED --add-opens=java.xml/javax.xml.namespace=ALL-UNNAMED -XX:+UseParallelGC -XX:MaxMetaspaceSize=512m -XX:+HeapDumpOnOutOfMemoryError -Xms256m -Xmx6g -Dfile.encoding=UTF-8 -Duser.country=US -Duser.language=en -Duser.variant -javaagent:S:\ArStudio\wrapper\dists\gradle-8.13-bin\5xuhj0ry160q40clulazy9h7d\gradle-8.13\lib\agents\gradle-instrumentation-agent-8.13.jar org.gradle.launcher.daemon.bootstrap.GradleDaemon 8.13

Host: Intel(R) Core(TM) i5-10210U CPU @ 1.60GHz, 8 cores, 7G,  Windows 11 , 64 bit Build 26100 (10.0.26100.7623)
Time: Wed Feb  4 04:03:06 2026 SE Asia Standard Time elapsed time: 14.667638 seconds (0d 0h 0m 14s)

---------------  T H R E A D  ---------------

Current thread (0x00000200c25ae840):  JavaThread "C2 CompilerThread0" daemon [_thread_in_native, id=6744, stack(0x000000a23f600000,0x000000a23f700000)]


Current CompileTask:
C2:14667 2347       4       jdk.internal.org.objectweb.asm.Frame::execute (2305 bytes)

Stack: [0x000000a23f600000,0x000000a23f700000]
Native frames: (J=compiled Java code, j=interpreted, Vv=VM code, C=native code)
V  [jvm.dll+0x68c879]  (no source info available)
V  [jvm.dll+0x845979]  (no source info available)
V  [jvm.dll+0x8476e8]  (no source info available)
V  [jvm.dll+0x847d73]  (no source info available)
V  [jvm.dll+0x24cf6f]  (no source info available)
V  [jvm.dll+0xaecb6]  (no source info available)
V  [jvm.dll+0xaf35c]  (no source info available)
V  [jvm.dll+0xaedc4]  (no source info available)
V  [jvm.dll+0x66c0cc]  (no source info available)
V  [jvm.dll+0x2255f9]  (no source info available)
V  [jvm.dll+0x6b25f1]  (no source info available)
V  [jvm.dll+0x21d0a8]  (no source info available)
V  [jvm.dll+0x1a8ce6]  (no source info available)
V  [jvm.dll+0x22db1b]  (no source info available)
V  [jvm.dll+0x22bca6]  (no source info available)
V  [jvm.dll+0x7fbabb]  (no source info available)
V  [jvm.dll+0x7f5ebc]  (no source info available)
V  [jvm.dll+0x68de17]  (no source info available)
C  [ucrtbase.dll+0x37b0]  (no source info available)
C  [KERNEL32.DLL+0x2e8d7]  (no source info available)
C  [ntdll.dll+0x8c53c]  (no source info available)


---------------  P R O C E S S  ---------------

Threads class SMR info:
_java_thread_list=0x00000200ee501b40, length=22, elements={
0x00000200c29f7cb0, 0x00000200c25903c0, 0x00000200c25925c0, 0x00000200c25a28b0,
0x00000200c25a3180, 0x00000200c25a47c0, 0x00000200c25a8850, 0x00000200c25ae840,
0x00000200c25b3de0, 0x00000200c25b5a00, 0x00000200c2a5dca0, 0x00000200ed1b5af0,
0x00000200ed69ca60, 0x00000200ee525210, 0x00000200eee62610, 0x00000200ee0c7530,
0x00000200ee0c9390, 0x00000200ee0c7a40, 0x00000200ee0c98a0, 0x00000200ee0c7f50,
0x00000200ee0c8460, 0x00000200ee0c9db0
}

Java Threads: ( => current thread )
  0x00000200c29f7cb0 JavaThread "main" [_thread_blocked, id=11624, stack(0x000000a23ed00000,0x000000a23ee00000)]
  0x00000200c25903c0 JavaThread "Reference Handler" daemon [_thread_blocked, id=12740, stack(0x000000a23f000000,0x000000a23f100000)]
  0x00000200c25925c0 JavaThread "Finalizer" daemon [_thread_blocked, id=1232, stack(0x000000a23f100000,0x000000a23f200000)]
  0x00000200c25a28b0 JavaThread "Signal Dispatcher" daemon [_thread_blocked, id=4776, stack(0x000000a23f200000,0x000000a23f300000)]
  0x00000200c25a3180 JavaThread "Attach Listener" daemon [_thread_blocked, id=9668, stack(0x000000a23f300000,0x000000a23f400000)]
  0x00000200c25a47c0 JavaThread "Service Thread" daemon [_thread_blocked, id=3728, stack(0x000000a23f400000,0x000000a23f500000)]
  0x00000200c25a8850 JavaThread "Monitor Deflation Thread" daemon [_thread_blocked, id=14848, stack(0x000000a23f500000,0x000000a23f600000)]
=>0x00000200c25ae840 JavaThread "C2 CompilerThread0" daemon [_thread_in_native, id=6744, stack(0x000000a23f600000,0x000000a23f700000)]
  0x00000200c25b3de0 JavaThread "C1 CompilerThread0" daemon [_thread_in_native, id=1908, stack(0x000000a23f700000,0x000000a23f800000)]
  0x00000200c25b5a00 JavaThread "Sweeper thread" daemon [_thread_blocked, id=2420, stack(0x000000a23f800000,0x000000a23f900000)]
  0x00000200c2a5dca0 JavaThread "Common-Cleaner" daemon [_thread_blocked, id=12712, stack(0x000000a23f900000,0x000000a23fa00000)]
  0x00000200ed1b5af0 JavaThread "Notification Thread" daemon [_thread_blocked, id=4040, stack(0x000000a23fb00000,0x000000a23fc00000)]
  0x00000200ed69ca60 JavaThread "Daemon health stats" [_thread_blocked, id=2260, stack(0x000000a23fa00000,0x000000a23fb00000)]
  0x00000200ee525210 JavaThread "Incoming local TCP Connector on port 61993" [_thread_in_native, id=4676, stack(0x000000a23fd00000,0x000000a23fe00000)]
  0x00000200eee62610 JavaThread "Daemon periodic checks" [_thread_blocked, id=14000, stack(0x000000a240200000,0x000000a240300000)]
  0x00000200ee0c7530 JavaThread "Daemon" [_thread_blocked, id=11092, stack(0x000000a240300000,0x000000a240400000)]
  0x00000200ee0c9390 JavaThread "Handler for socket connection from /127.0.0.1:61993 to /127.0.0.1:61995" [_thread_in_native, id=6036, stack(0x000000a240400000,0x000000a240500000)]
  0x00000200ee0c7a40 JavaThread "Cancel handler" [_thread_blocked, id=14920, stack(0x000000a240800000,0x000000a240900000)]
  0x00000200ee0c98a0 JavaThread "Daemon worker" [_thread_in_Java, id=2400, stack(0x000000a240900000,0x000000a240a00000)]
  0x00000200ee0c7f50 JavaThread "Asynchronous log dispatcher for DefaultDaemonConnection: socket connection from /127.0.0.1:61993 to /127.0.0.1:61995" [_thread_blocked, id=10980, stack(0x000000a240a00000,0x000000a240b00000)]
  0x00000200ee0c8460 JavaThread "Stdin handler" [_thread_blocked, id=4568, stack(0x000000a240b00000,0x000000a240c00000)]
  0x00000200ee0c9db0 JavaThread "Daemon client event forwarder" [_thread_blocked, id=7828, stack(0x000000a240c00000,0x000000a240d00000)]

Other Threads:
  0x00000200c2aaebb0 VMThread "VM Thread" [stack: 0x000000a23ef00000,0x000000a23f000000] [id=7064]
  0x00000200ed1b5fd0 WatcherThread [stack: 0x000000a23fc00000,0x000000a23fd00000] [id=11520]
  0x00000200c2a0fa00 GCTaskThread "GC Thread#0" [stack: 0x000000a23ee00000,0x000000a23ef00000] [id=8072]
  0x00000200ed9b9160 GCTaskThread "GC Thread#1" [stack: 0x000000a23fe00000,0x000000a23ff00000] [id=4948]
  0x00000200ed9ba240 GCTaskThread "GC Thread#2" [stack: 0x000000a23ff00000,0x000000a240000000] [id=12276]
  0x00000200ed9b9430 GCTaskThread "GC Thread#3" [stack: 0x000000a240000000,0x000000a240100000] [id=4328]
  0x00000200ed9b9700 GCTaskThread "GC Thread#4" [stack: 0x000000a240100000,0x000000a240200000] [id=14872]
  0x00000200ed9b99d0 GCTaskThread "GC Thread#5" [stack: 0x000000a240500000,0x000000a240600000] [id=7188]
  0x00000200ed9ba510 GCTaskThread "GC Thread#6" [stack: 0x000000a240600000,0x000000a240700000] [id=4464]
  0x00000200ed9b8bc0 GCTaskThread "GC Thread#7" [stack: 0x000000a240700000,0x000000a240800000] [id=14852]

Threads with active compile tasks:
C2 CompilerThread0  14702 2347       4       jdk.internal.org.objectweb.asm.Frame::execute (2305 bytes)

VM state: not at safepoint (normal execution)

VM Mutex/Monitor currently owned by a thread: None

Heap address: 0x0000000680000000, size: 6144 MB, Compressed Oops mode: Zero based, Oop shift amount: 3

CDS archive(s) mapped at: [0x0000020080000000-0x0000020080bb0000-0x0000020080bb0000), size 12255232, SharedBaseAddress: 0x0000020080000000, ArchiveRelocationMode: 1.
Compressed class space mapped at: 0x0000020081000000-0x000002009b000000, reserved size: 436207616
Narrow klass base: 0x0000020080000000, Narrow klass shift: 0, Narrow klass range: 0x100000000

GC Precious Log:
 CPUs: 8 total, 8 available
 Memory: 7989M
 Large Page Support: Disabled
 NUMA Support: Disabled
 Compressed Oops: Enabled (Zero based)
 Alignments: Space 512K, Generation 512K, Heap 2M
 Heap Min Capacity: 256M
 Heap Initial Capacity: 256M
 Heap Max Capacity: 6G
 Pre-touch: Disabled
 Parallel Workers: 8

Heap:
 PSYoungGen      total 76288K, used 32598K [0x0000000780000000, 0x0000000785500000, 0x0000000800000000)
  eden space 65536K, 33% used [0x0000000780000000,0x000000078155b0a0,0x0000000784000000)
  from space 10752K, 99% used [0x0000000784a80000,0x00000007854fa9b0,0x0000000785500000)
  to   space 10752K, 0% used [0x0000000784000000,0x0000000784000000,0x0000000784a80000)
 ParOldGen       total 175104K, used 7591K [0x0000000680000000, 0x000000068ab00000, 0x0000000780000000)
  object space 175104K, 4% used [0x0000000680000000,0x0000000680769c90,0x000000068ab00000)
 Metaspace       used 13632K, committed 13888K, reserved 491520K
  class space    used 1858K, committed 1984K, reserved 425984K

Card table byte_map: [0x00000200d9570000,0x00000200da180000] _byte_map_base: 0x00000200d6170000

Marking Bits: (ParMarkBitMap*) 0x00007ff915514c40
 Begin Bits: [0x00000200da980000, 0x00000200e0980000)
 End Bits:   [0x00000200e0980000, 0x00000200e6980000)

Polling page: 0x00000200c0cc0000

Metaspace:

Usage:
  Non-class:     11.50 MB used.
      Class:      1.82 MB used.
       Both:     13.31 MB used.

Virtual space:
  Non-class space:       64.00 MB reserved,      11.62 MB ( 18%) committed,  1 nodes.
      Class space:      416.00 MB reserved,       1.94 MB ( <1%) committed,  1 nodes.
             Both:      480.00 MB reserved,      13.56 MB (  3%) committed. 

Chunk freelists:
   Non-Class:  4.16 MB
       Class:  14.08 MB
        Both:  18.23 MB

MaxMetaspaceSize: 512.00 MB
CompressedClassSpaceSize: 416.00 MB
Initial GC threshold: 21.00 MB
Current GC threshold: 21.00 MB
CDS: on
MetaspaceReclaimPolicy: balanced
 - commit_granule_bytes: 65536.
 - commit_granule_words: 8192.
 - virtual_space_node_default_size: 8388608.
 - enlarge_chunks_in_place: 1.
 - new_chunks_are_fully_committed: 0.
 - uncommit_free_chunks: 1.
 - use_allocation_guard: 0.
 - handle_deallocations: 1.


Internal statistics:

num_allocs_failed_limit: 0.
num_arena_births: 192.
num_arena_deaths: 0.
num_vsnodes_births: 2.
num_vsnodes_deaths: 0.
num_space_committed: 217.
num_space_uncommitted: 0.
num_chunks_returned_to_freelist: 0.
num_chunks_taken_from_freelist: 596.
num_chunk_merges: 0.
num_chunk_splits: 397.
num_chunks_enlarged: 291.
num_inconsistent_stats: 0.

CodeHeap 'non-profiled nmethods': size=120000Kb used=1156Kb max_used=1156Kb free=118843Kb
 bounds [0x00000200d2040000, 0x00000200d22b0000, 0x00000200d9570000]
CodeHeap 'profiled nmethods': size=120000Kb used=4588Kb max_used=4588Kb free=115411Kb
 bounds [0x00000200ca570000, 0x00000200ca9f0000, 0x00000200d1aa0000]
CodeHeap 'non-nmethods': size=5760Kb used=1210Kb max_used=1229Kb free=4549Kb
 bounds [0x00000200d1aa0000, 0x00000200d1d10000, 0x00000200d2040000]
 total_blobs=2890 nmethods=2371 adapters=433
 compilation: enabled
              stopped_count=0, restarted_count=0
 full_count=0

Compilation events (20 events):
Event: 14.636 Thread 0x00000200c25b3de0 2349       3       java.lang.invoke.LambdaForm::useCount (61 bytes)
Event: 14.636 Thread 0x00000200c25b3de0 nmethod 2349 0x00000200ca9ddb10 code [0x00000200ca9ddce0, 0x00000200ca9de048]
Event: 14.636 Thread 0x00000200c25b3de0 2350       3       java.lang.invoke.InvokerBytecodeGenerator::emitStoreResult (27 bytes)
Event: 14.637 Thread 0x00000200c25b3de0 nmethod 2350 0x00000200ca9de210 code [0x00000200ca9de3c0, 0x00000200ca9de5a8]
Event: 14.637 Thread 0x00000200c25b3de0 2351       3       java.lang.invoke.LambdaForm$BasicType::basicType (187 bytes)
Event: 14.638 Thread 0x00000200c25b3de0 nmethod 2351 0x00000200ca9de690 code [0x00000200ca9de920, 0x00000200ca9df408]
Event: 14.638 Thread 0x00000200c25b3de0 2353   !   3       java.lang.invoke.MemberName::getFieldType (176 bytes)
Event: 14.640 Thread 0x00000200c25b3de0 nmethod 2353 0x00000200ca9df690 code [0x00000200ca9df9c0, 0x00000200ca9e0ed8]
Event: 14.640 Thread 0x00000200c25b3de0 2357       3       jdk.internal.org.objectweb.asm.Frame::setInputFrameFromDescriptor (175 bytes)
Event: 14.641 Thread 0x00000200c25b3de0 nmethod 2357 0x00000200ca9e1590 code [0x00000200ca9e17a0, 0x00000200ca9e1f18]
Event: 14.641 Thread 0x00000200c25b3de0 2355       3       java.lang.invoke.LambdaForm$NamedFunction::member (26 bytes)
Event: 14.641 Thread 0x00000200c25b3de0 nmethod 2355 0x00000200ca9e2310 code [0x00000200ca9e24a0, 0x00000200ca9e25b8]
Event: 14.641 Thread 0x00000200c25b3de0 2356       3       java.lang.invoke.InvokerBytecodeGenerator::isStaticallyInvocable (165 bytes)
Event: 14.644 Thread 0x00000200c25b3de0 nmethod 2356 0x00000200ca9e2690 code [0x00000200ca9e2ac0, 0x00000200ca9e46c8]
Event: 14.644 Thread 0x00000200c25b3de0 2359       3       java.lang.invoke.LambdaFormBuffer::ownedCount (7 bytes)
Event: 14.644 Thread 0x00000200c25b3de0 nmethod 2359 0x00000200ca9e4e10 code [0x00000200ca9e4fa0, 0x00000200ca9e50b8]
Event: 14.644 Thread 0x00000200c25b3de0 2361       3       java.lang.invoke.InvokerBytecodeGenerator::emitReferenceCast (188 bytes)
Event: 14.645 Thread 0x00000200c25b3de0 nmethod 2361 0x00000200ca9e5190 code [0x00000200ca9e5440, 0x00000200ca9e60e8]
Event: 14.647 Thread 0x00000200c25b3de0 2364       3       java.lang.invoke.InvokerBytecodeGenerator::storeInsnOpcode (98 bytes)
Event: 14.648 Thread 0x00000200c25b3de0 nmethod 2364 0x00000200ca9e6490 code [0x00000200ca9e6700, 0x00000200ca9e70d8]

GC Heap History (4 events):
Event: 1.558 GC heap before
{Heap before GC invocations=1 (full 0):
 PSYoungGen      total 76288K, used 65536K [0x0000000780000000, 0x0000000785500000, 0x0000000800000000)
  eden space 65536K, 100% used [0x0000000780000000,0x0000000784000000,0x0000000784000000)
  from space 10752K, 0% used [0x0000000784a80000,0x0000000784a80000,0x0000000785500000)
  to   space 10752K, 0% used [0x0000000784000000,0x0000000784000000,0x0000000784a80000)
 ParOldGen       total 175104K, used 0K [0x0000000680000000, 0x000000068ab00000, 0x0000000780000000)
  object space 175104K, 0% used [0x0000000680000000,0x0000000680000000,0x000000068ab00000)
 Metaspace       used 4390K, committed 4544K, reserved 491520K
  class space    used 549K, committed 640K, reserved 425984K
}
Event: 1.570 GC heap after
{Heap after GC invocations=1 (full 0):
 PSYoungGen      total 76288K, used 10741K [0x0000000780000000, 0x0000000785500000, 0x0000000800000000)
  eden space 65536K, 0% used [0x0000000780000000,0x0000000780000000,0x0000000784000000)
  from space 10752K, 99% used [0x0000000784000000,0x0000000784a7d5b0,0x0000000784a80000)
  to   space 10752K, 0% used [0x0000000784a80000,0x0000000784a80000,0x0000000785500000)
 ParOldGen       total 175104K, used 48K [0x0000000680000000, 0x000000068ab00000, 0x0000000780000000)
  object space 175104K, 0% used [0x0000000680000000,0x000000068000c000,0x000000068ab00000)
 Metaspace       used 4390K, committed 4544K, reserved 491520K
  class space    used 549K, committed 640K, reserved 425984K
}
Event: 10.747 GC heap before
{Heap before GC invocations=2 (full 0):
 PSYoungGen      total 76288K, used 76277K [0x0000000780000000, 0x0000000785500000, 0x0000000800000000)
  eden space 65536K, 100% used [0x0000000780000000,0x0000000784000000,0x0000000784000000)
  from space 10752K, 99% used [0x0000000784000000,0x0000000784a7d5b0,0x0000000784a80000)
  to   space 10752K, 0% used [0x0000000784a80000,0x0000000784a80000,0x0000000785500000)
 ParOldGen       total 175104K, used 48K [0x0000000680000000, 0x000000068ab00000, 0x0000000780000000)
  object space 175104K, 0% used [0x0000000680000000,0x000000068000c000,0x000000068ab00000)
 Metaspace       used 9993K, committed 10176K, reserved 491520K
  class space    used 1330K, committed 1408K, reserved 425984K
}
Event: 10.760 GC heap after
{Heap after GC invocations=2 (full 0):
 PSYoungGen      total 76288K, used 10730K [0x0000000780000000, 0x0000000785500000, 0x0000000800000000)
  eden space 65536K, 0% used [0x0000000780000000,0x0000000780000000,0x0000000784000000)
  from space 10752K, 99% used [0x0000000784a80000,0x00000007854fa9b0,0x0000000785500000)
  to   space 10752K, 0% used [0x0000000784000000,0x0000000784000000,0x0000000784a80000)
 ParOldGen       total 175104K, used 7591K [0x0000000680000000, 0x000000068ab00000, 0x0000000780000000)
  object space 175104K, 4% used [0x0000000680000000,0x0000000680769c90,0x000000068ab00000)
 Metaspace       used 9993K, committed 10176K, reserved 491520K
  class space    used 1330K, committed 1408K, reserved 425984K
}

Dll operation events (15 events):
Event: 0.016 Loaded shared library S:\Jdk\bin\java.dll
Event: 0.046 Loaded shared library S:\Jdk\bin\jsvml.dll
Event: 0.147 Loaded shared library S:\Jdk\bin\zip.dll
Event: 0.152 Loaded shared library S:\Jdk\bin\instrument.dll
Event: 0.163 Loaded shared library S:\Jdk\bin\net.dll
Event: 0.168 Loaded shared library S:\Jdk\bin\nio.dll
Event: 0.173 Loaded shared library S:\Jdk\bin\zip.dll
Event: 0.444 Loaded shared library S:\Jdk\bin\jimage.dll
Event: 0.647 Loaded shared library S:\Jdk\bin\verify.dll
Event: 0.894 Loaded shared library S:\ArStudio\native\1def1411415f61bf3af743bc5b6707747c0891f09f0c88961ee8f79bc544acac\windows-amd64\native-platform.dll
Event: 0.919 Loaded shared library S:\ArStudio\native\0.2.7\x86_64-windows-gnu\gradle-fileevents.dll
Event: 3.923 Loaded shared library S:\Jdk\bin\management.dll
Event: 3.932 Loaded shared library S:\Jdk\bin\management_ext.dll
Event: 8.239 Loaded shared library S:\Jdk\bin\extnet.dll
Event: 10.322 Loaded shared library S:\Jdk\bin\sunmscapi.dll

Deoptimization events (20 events):
Event: 10.998 Thread 0x00000200ee0c9390 Uncommon trap: trap_request=0xffffff45 fr.pc=0x00000200d207576c relative=0x000000000000004c
Event: 10.998 Thread 0x00000200ee0c9390 Uncommon trap: reason=unstable_if action=reinterpret pc=0x00000200d207576c method=java.net.URI.match(CJJ)Z @ 19 c2
Event: 10.998 Thread 0x00000200ee0c9390 DEOPT PACKING pc=0x00000200d207576c sp=0x000000a2404fc360
Event: 10.998 Thread 0x00000200ee0c9390 DEOPT UNPACKING pc=0x00000200d1af66a3 sp=0x000000a2404fc310 mode 2
Event: 13.375 Thread 0x00000200ee0c98a0 Uncommon trap: trap_request=0xffffff45 fr.pc=0x00000200d212a3d0 relative=0x0000000000000450
Event: 13.375 Thread 0x00000200ee0c98a0 Uncommon trap: reason=unstable_if action=reinterpret pc=0x00000200d212a3d0 method=java.util.HashMap.getNode(Ljava/lang/Object;)Ljava/util/HashMap$Node; @ 66 c2
Event: 13.375 Thread 0x00000200ee0c98a0 DEOPT PACKING pc=0x00000200d212a3d0 sp=0x000000a2409fc0f0
Event: 13.375 Thread 0x00000200ee0c98a0 DEOPT UNPACKING pc=0x00000200d1af66a3 sp=0x000000a2409fc040 mode 2
Event: 13.375 Thread 0x00000200ee0c98a0 Uncommon trap: trap_request=0xffffff45 fr.pc=0x00000200d208414c relative=0x000000000000040c
Event: 13.375 Thread 0x00000200ee0c98a0 Uncommon trap: reason=unstable_if action=reinterpret pc=0x00000200d208414c method=java.util.HashMap.getNode(Ljava/lang/Object;)Ljava/util/HashMap$Node; @ 66 c2
Event: 13.375 Thread 0x00000200ee0c98a0 DEOPT PACKING pc=0x00000200d208414c sp=0x000000a2409fc0b0
Event: 13.375 Thread 0x00000200ee0c98a0 DEOPT UNPACKING pc=0x00000200d1af66a3 sp=0x000000a2409fc040 mode 2
Event: 13.457 Thread 0x00000200ee0c98a0 Uncommon trap: trap_request=0xffffff45 fr.pc=0x00000200d20dc628 relative=0x0000000000000288
Event: 13.457 Thread 0x00000200ee0c98a0 Uncommon trap: reason=unstable_if action=reinterpret pc=0x00000200d20dc628 method=java.util.concurrent.ConcurrentHashMap.get(Ljava/lang/Object;)Ljava/lang/Object; @ 76 c2
Event: 13.457 Thread 0x00000200ee0c98a0 DEOPT PACKING pc=0x00000200d20dc628 sp=0x000000a2409fb600
Event: 13.457 Thread 0x00000200ee0c98a0 DEOPT UNPACKING pc=0x00000200d1af66a3 sp=0x000000a2409fb568 mode 2
Event: 13.465 Thread 0x00000200ee0c98a0 Uncommon trap: trap_request=0xffffff45 fr.pc=0x00000200d2105748 relative=0x00000000000001a8
Event: 13.465 Thread 0x00000200ee0c98a0 Uncommon trap: reason=unstable_if action=reinterpret pc=0x00000200d2105748 method=java.util.WeakHashMap.expungeStaleEntries()V @ 9 c2
Event: 13.465 Thread 0x00000200ee0c98a0 DEOPT PACKING pc=0x00000200d2105748 sp=0x000000a2409fb280
Event: 13.465 Thread 0x00000200ee0c98a0 DEOPT UNPACKING pc=0x00000200d1af66a3 sp=0x000000a2409fb218 mode 2

Classes loaded (20 events):
Event: 13.456 Loading class jdk/internal/vm/annotation/IntrinsicCandidate
Event: 13.456 Loading class jdk/internal/vm/annotation/IntrinsicCandidate done
Event: 13.460 Loading class java/util/stream/MatchOps$MatchKind
Event: 13.461 Loading class java/util/stream/MatchOps$MatchKind done
Event: 13.461 Loading class java/util/stream/MatchOps
Event: 13.462 Loading class java/util/stream/MatchOps done
Event: 13.462 Loading class java/util/stream/MatchOps$MatchOp
Event: 13.462 Loading class java/util/stream/MatchOps$MatchOp done
Event: 13.462 Loading class java/util/stream/MatchOps$BooleanTerminalSink
Event: 13.462 Loading class java/util/stream/MatchOps$BooleanTerminalSink done
Event: 13.463 Loading class java/util/stream/MatchOps$1MatchSink
Event: 13.464 Loading class java/util/stream/MatchOps$1MatchSink done
Event: 13.677 Loading class java/lang/TypeNotPresentException
Event: 13.678 Loading class java/lang/TypeNotPresentException done
Event: 13.812 Loading class java/lang/invoke/MethodHandle$1
Event: 13.813 Loading class java/lang/invoke/MethodHandle$1 done
Event: 14.130 Loading class java/util/ConcurrentModificationException
Event: 14.131 Loading class java/util/ConcurrentModificationException done
Event: 14.357 Loading class sun/reflect/generics/scope/ConstructorScope
Event: 14.357 Loading class sun/reflect/generics/scope/ConstructorScope done

Classes unloaded (0 events):
No events

Classes redefined (0 events):
No events

Internal exceptions (20 events):
Event: 3.965 Thread 0x00000200c29f7cb0 Exception <a 'java/lang/NoSuchMethodError'{0x0000000783044e68}: 'java.lang.Object java.lang.invoke.DirectMethodHandle$Holder.invokeInterface(java.lang.Object, java.lang.Object)'> (0x0000000783044e68) 
thrown [s\src\hotspot\share\interpreter\linkResolver.cpp, line 759]
Event: 8.258 Thread 0x00000200c29f7cb0 Exception <a 'java/lang/NoSuchMethodError'{0x0000000783442ab8}: 'void java.lang.invoke.DirectMethodHandle$Holder.invokeStatic(java.lang.Object, java.lang.Object, java.lang.Object)'> (0x0000000783442ab8) 
thrown [s\src\hotspot\share\interpreter\linkResolver.cpp, line 759]
Event: 8.683 Thread 0x00000200c29f7cb0 Exception <a 'java/lang/NoSuchMethodError'{0x00000007836cd240}: 'java.lang.Object java.lang.invoke.DirectMethodHandle$Holder.invokeStaticInit(java.lang.Object, int, int, int, int)'> (0x00000007836cd240) 
thrown [s\src\hotspot\share\interpreter\linkResolver.cpp, line 759]
Event: 9.384 Thread 0x00000200c29f7cb0 Exception <a 'java/lang/NoSuchMethodError'{0x0000000783722558}: 'java.lang.Object java.lang.invoke.DirectMethodHandle$Holder.invokeStaticInit(java.lang.Object, java.lang.Object, int, int, int, int)'> (0x0000000783722558) 
thrown [s\src\hotspot\share\interpreter\linkResolver.cpp, line 759]
Event: 9.792 Thread 0x00000200c29f7cb0 Exception <a 'java/io/IOException'{0x0000000783a6aaf0}> (0x0000000783a6aaf0) 
thrown [s\src\hotspot\share\prims\jni.cpp, line 516]
Event: 9.832 Thread 0x00000200c29f7cb0 Implicit null exception at 0x00000200d208ac55 to 0x00000200d208b18c
Event: 9.932 Thread 0x00000200c29f7cb0 Exception <a 'java/lang/NoSuchMethodError'{0x0000000783acfc58}: 'java.lang.Object java.lang.invoke.DirectMethodHandle$Holder.newInvokeSpecial(java.lang.Object, java.lang.Object, java.lang.Object, java.lang.Object, java.lang.Object)'> (0x0000000783acfc58) 
thrown [s\src\hotspot\share\interpreter\linkResolver.cpp, line 759]
Event: 10.964 Thread 0x00000200ee0c9390 Exception <a 'java/lang/NoSuchMethodError'{0x000000078014b370}: static Lorg/gradle/tooling/internal/provider/serialization/ClassLoaderDetails;.<clinit>()V> (0x000000078014b370) 
thrown [s\src\hotspot\share\prims\jni.cpp, line 1112]
Event: 10.972 Thread 0x00000200ee0c9390 Exception <a 'java/lang/NoSuchMethodError'{0x00000007801647a0}: static Lorg/gradle/internal/classloader/ClassLoaderSpec;.<clinit>()V> (0x00000007801647a0) 
thrown [s\src\hotspot\share\prims\jni.cpp, line 1112]
Event: 10.974 Thread 0x00000200ee0c9390 Exception <a 'java/lang/NoSuchMethodError'{0x000000078016df28}: static Lorg/gradle/tooling/internal/provider/serialization/WellKnownClassLoaderRegistry$KnownClassLoaderSpec;.<clinit>()V> (0x000000078016df28) 
thrown [s\src\hotspot\share\prims\jni.cpp, line 1112]
Event: 10.981 Thread 0x00000200ee0c9390 Exception <a 'java/lang/NoSuchMethodError'{0x0000000780184530}: static Lorg/gradle/tooling/internal/provider/serialization/ClientOwnedClassLoaderSpec;.<clinit>()V> (0x0000000780184530) 
thrown [s\src\hotspot\share\prims\jni.cpp, line 1112]
Event: 11.171 Thread 0x00000200ee0c7530 Exception <a 'java/lang/NoSuchMethodError'{0x00000007802813e0}: 'void java.lang.invoke.DirectMethodHandle$Holder.invokeSpecial(java.lang.Object, java.lang.Object, java.lang.Object)'> (0x00000007802813e0) 
thrown [s\src\hotspot\share\interpreter\linkResolver.cpp, line 759]
Event: 11.781 Thread 0x00000200ee0c98a0 Exception <a 'java/lang/NoSuchMethodError'{0x0000000780827bd8}: 'long java.lang.invoke.DirectMethodHandle$Holder.invokeInterface(java.lang.Object, java.lang.Object)'> (0x0000000780827bd8) 
thrown [s\src\hotspot\share\interpreter\linkResolver.cpp, line 759]
Event: 13.268 Thread 0x00000200ee0c98a0 Exception <a 'java/lang/NoSuchMethodError'{0x0000000780c6cb68}: 'void java.lang.invoke.DirectMethodHandle$Holder.invokeStatic(java.lang.Object, java.lang.Object)'> (0x0000000780c6cb68) 
thrown [s\src\hotspot\share\interpreter\linkResolver.cpp, line 759]
Event: 13.470 Thread 0x00000200ee0c98a0 Exception <a 'java/lang/NoSuchMethodError'{0x0000000780e8c0c8}: 'int java.lang.invoke.DirectMethodHandle$Holder.invokeVirtual(java.lang.Object, java.lang.Object, java.lang.Object)'> (0x0000000780e8c0c8) 
thrown [s\src\hotspot\share\interpreter\linkResolver.cpp, line 759]
Event: 13.910 Thread 0x00000200ee0c98a0 Exception <a 'java/lang/NoSuchMethodError'{0x0000000781121ba0}: 'java.lang.Object java.lang.invoke.DirectMethodHandle$Holder.newInvokeSpecial(java.lang.Object, java.lang.Object, java.lang.Object, java.lang.Object, java.lang.Object, java.lang.Object)'> (0x0000000781121ba0) 
thrown [s\src\hotspot\share\interpreter\linkResolver.cpp, line 759]
Event: 14.616 Thread 0x00000200ee0c98a0 Exception <a 'java/lang/NoSuchMethodError'{0x0000000781429028}: 'void java.lang.invoke.DelegatingMethodHandle$Holder.reinvoke_L(java.lang.Object, java.lang.Object, java.lang.Object, java.lang.Object, java.lang.Object, java.lang.Object, java.lang.Object, java.lang.Object, java.lang.Object, java.lang.Object)'> (0x0000000781429028) 
thrown [s\src\hotspot\share\interpreter\linkResolver.cpp, line 759]
Event: 14.618 Thread 0x00000200ee0c98a0 Exception <a 'java/lang/NoSuchMethodError'{0x00000007814315d8}: 'java.lang.Object java.lang.invoke.DirectMethodHandle$Holder.invokeSpecial(java.lang.Object, java.lang.Object, java.lang.Object, java.lang.Object, java.lang.Object, java.lang.Object, java.lang.Object, java.lang.Object, java.lang.Object, java.lang.Object)'> (0x00000007814315d8) 
thrown [s\src\hotspot\share\interpreter\linkResolver.cpp, line 759]
Event: 14.621 Thread 0x00000200ee0c98a0 Exception <a 'java/lang/NoSuchMethodError'{0x0000000781435ea8}: 'java.lang.Object java.lang.invoke.Invokers$Holder.invoker(java.lang.Object, java.lang.Object, java.lang.Object, java.lang.Object, java.lang.Object, java.lang.Object, java.lang.Object, java.lang.Object, java.lang.Object, java.lang.Object)'> (0x0000000781435ea8) 
thrown [s\src\hotspot\share\interpreter\linkResolver.cpp, line 759]
Event: 14.624 Thread 0x00000200ee0c98a0 Exception <a 'java/lang/NoSuchMethodError'{0x000000078143bab0}: 'java.lang.Object java.lang.invoke.DirectMethodHandle$Holder.invokeSpecial(java.lang.Object, java.lang.Object, java.lang.Object, java.lang.Object, java.lang.Object, java.lang.Object, java.lang.Object, java.lang.Object, java.lang.Object, java.lang.Object, java.lang.Object)'> (0x000000078143bab0) 
thrown [s\src\hotspot\share\interpreter\linkResolver.cpp, line 759]

VM Operations (20 events):
Event: 8.559 Executing VM operation: HandshakeAllThreads
Event: 8.559 Executing VM operation: HandshakeAllThreads done
Event: 8.559 Executing VM operation: Cleanup
Event: 8.559 Executing VM operation: Cleanup done
Event: 8.825 Executing VM operation: HandshakeAllThreads
Event: 8.825 Executing VM operation: HandshakeAllThreads done
Event: 9.379 Executing VM operation: HandshakeAllThreads
Event: 9.379 Executing VM operation: HandshakeAllThreads done
Event: 10.121 Executing VM operation: HandshakeAllThreads
Event: 10.121 Executing VM operation: HandshakeAllThreads done
Event: 10.121 Executing VM operation: Cleanup
Event: 10.121 Executing VM operation: Cleanup done
Event: 10.747 Executing VM operation: ParallelGCFailedAllocation
Event: 10.760 Executing VM operation: ParallelGCFailedAllocation done
Event: 11.774 Executing VM operation: Cleanup
Event: 11.774 Executing VM operation: Cleanup done
Event: 12.785 Executing VM operation: Cleanup
Event: 12.785 Executing VM operation: Cleanup done
Event: 13.800 Executing VM operation: Cleanup
Event: 13.809 Executing VM operation: Cleanup done

Memory protections (0 events):
No events

Nmethod flushes (0 events):
No events

Events (20 events):
Event: 0.065 Thread 0x00000200c29f7cb0 Thread added: 0x00000200c25b3de0
Event: 0.066 Thread 0x00000200c29f7cb0 Thread added: 0x00000200c25b5a00
Event: 0.105 Thread 0x00000200c29f7cb0 Thread added: 0x00000200c2a5dca0
Event: 0.130 Thread 0x00000200c25b3de0 Thread added: 0x00000200ed1247d0
Event: 0.188 Thread 0x00000200c29f7cb0 Thread added: 0x00000200ed1b5af0
Event: 0.437 Thread 0x00000200c25b3de0 Thread added: 0x00000200ed2bae20
Event: 1.954 Thread 0x00000200ed2bae20 Thread exited: 0x00000200ed2bae20
Event: 1.954 Thread 0x00000200ed1247d0 Thread exited: 0x00000200ed1247d0
Event: 4.148 Thread 0x00000200c29f7cb0 Thread added: 0x00000200ed69ca60
Event: 9.443 Thread 0x00000200c29f7cb0 Thread added: 0x00000200ee525210
Event: 9.963 Thread 0x00000200c29f7cb0 Thread added: 0x00000200eee62610
Event: 10.234 Thread 0x00000200c25b3de0 Thread added: 0x00000200ee514fb0
Event: 10.387 Thread 0x00000200ee514fb0 Thread exited: 0x00000200ee514fb0
Event: 10.629 Thread 0x00000200ee525210 Thread added: 0x00000200ee0c7530
Event: 10.634 Thread 0x00000200ee0c7530 Thread added: 0x00000200ee0c9390
Event: 11.086 Thread 0x00000200ee0c7530 Thread added: 0x00000200ee0c7a40
Event: 11.172 Thread 0x00000200ee0c7530 Thread added: 0x00000200ee0c98a0
Event: 11.252 Thread 0x00000200ee0c98a0 Thread added: 0x00000200ee0c7f50
Event: 11.269 Thread 0x00000200ee0c98a0 Thread added: 0x00000200ee0c8460
Event: 11.284 Thread 0x00000200ee0c98a0 Thread added: 0x00000200ee0c9db0


Dynamic libraries:
0x00007ff7c4980000 - 0x00007ff7c498e000 	S:\Jdk\bin\java.exe
0x00007ff9a8fa0000 - 0x00007ff9a9207000 	C:\Windows\SYSTEM32\ntdll.dll
0x00007ff9a8060000 - 0x00007ff9a8129000 	C:\Windows\System32\KERNEL32.DLL
0x00007ff9a6940000 - 0x00007ff9a6d2f000 	C:\Windows\System32\KERNELBASE.dll
0x00007ff9a6180000 - 0x00007ff9a62cb000 	C:\Windows\System32\ucrtbase.dll
0x00007ff988fb0000 - 0x00007ff988fce000 	S:\Jdk\bin\VCRUNTIME140.dll
0x00007ff989080000 - 0x00007ff989098000 	S:\Jdk\bin\jli.dll
0x00007ff9a8b10000 - 0x00007ff9a8cd5000 	C:\Windows\System32\USER32.dll
0x00007ff98e390000 - 0x00007ff98e623000 	C:\Windows\WinSxS\amd64_microsoft.windows.common-controls_6595b64144ccf1df_6.0.26100.7309_none_3e05feeae336a044\COMCTL32.dll
0x00007ff9a6910000 - 0x00007ff9a6937000 	C:\Windows\System32\win32u.dll
0x00007ff9a8ce0000 - 0x00007ff9a8d89000 	C:\Windows\System32\msvcrt.dll
0x00007ff9a6dd0000 - 0x00007ff9a6dfb000 	C:\Windows\System32\GDI32.dll
0x00007ff9a6500000 - 0x00007ff9a662c000 	C:\Windows\System32\gdi32full.dll
0x00007ff9a66f0000 - 0x00007ff9a6793000 	C:\Windows\System32\msvcp_win.dll
0x00007ff9a89b0000 - 0x00007ff9a89e1000 	C:\Windows\System32\IMM32.DLL
0x00007ff99dc60000 - 0x00007ff99dc6c000 	S:\Jdk\bin\vcruntime140_1.dll
0x00007ff981ae0000 - 0x00007ff981b69000 	S:\Jdk\bin\msvcp140.dll
0x00007ff914960000 - 0x00007ff9155da000 	S:\Jdk\bin\server\jvm.dll
0x00007ff9a8710000 - 0x00007ff9a87c4000 	C:\Windows\System32\ADVAPI32.dll
0x00007ff9a71e0000 - 0x00007ff9a7286000 	C:\Windows\System32\sechost.dll
0x00007ff9a89f0000 - 0x00007ff9a8b08000 	C:\Windows\System32\RPCRT4.dll
0x00007ff9a7160000 - 0x00007ff9a71d4000 	C:\Windows\System32\WS2_32.dll
0x00007ff9a3970000 - 0x00007ff9a39a5000 	C:\Windows\SYSTEM32\WINMM.dll
0x00007ff9a5f50000 - 0x00007ff9a5fae000 	C:\Windows\SYSTEM32\POWRPROF.dll
0x00007ff99b870000 - 0x00007ff99b87b000 	C:\Windows\SYSTEM32\VERSION.dll
0x00007ff9a5f30000 - 0x00007ff9a5f44000 	C:\Windows\SYSTEM32\UMPDC.dll
0x00007ff9a4e60000 - 0x00007ff9a4e7b000 	C:\Windows\SYSTEM32\kernel.appcore.dll
0x00007ff99d560000 - 0x00007ff99d56a000 	S:\Jdk\bin\jimage.dll
0x00007ff9a3720000 - 0x00007ff9a3962000 	C:\Windows\SYSTEM32\DBGHELP.DLL
0x00007ff9a7af0000 - 0x00007ff9a7e76000 	C:\Windows\System32\combase.dll
0x00007ff9a81a0000 - 0x00007ff9a8276000 	C:\Windows\System32\OLEAUT32.dll
0x00007ff9a36e0000 - 0x00007ff9a371c000 	C:\Windows\SYSTEM32\dbgcore.DLL
0x00007ff9a62d0000 - 0x00007ff9a6375000 	C:\Windows\System32\bcryptPrimitives.dll
0x00007ff99c250000 - 0x00007ff99c25f000 	S:\Jdk\bin\instrument.dll
0x00007ff983b30000 - 0x00007ff983b56000 	S:\Jdk\bin\java.dll
0x00007ff96ae60000 - 0x00007ff96af36000 	S:\Jdk\bin\jsvml.dll
0x00007ff9a7290000 - 0x00007ff9a79e3000 	C:\Windows\System32\SHELL32.dll
0x00007ff9a67a0000 - 0x00007ff9a690a000 	C:\Windows\System32\wintypes.dll
0x00007ff9a3cd0000 - 0x00007ff9a452e000 	C:\Windows\SYSTEM32\windows.storage.dll
0x00007ff9a7060000 - 0x00007ff9a7155000 	C:\Windows\System32\SHCORE.dll
0x00007ff9a8940000 - 0x00007ff9a89a6000 	C:\Windows\System32\shlwapi.dll
0x00007ff9a6010000 - 0x00007ff9a6039000 	C:\Windows\SYSTEM32\profapi.dll
0x00007ff988e50000 - 0x00007ff988e68000 	S:\Jdk\bin\zip.dll
0x00007ff988cf0000 - 0x00007ff988d0b000 	S:\Jdk\bin\net.dll
0x00007ff9a2a80000 - 0x00007ff9a2ba8000 	C:\Windows\SYSTEM32\WINHTTP.dll
0x00007ff9a53b0000 - 0x00007ff9a541b000 	C:\Windows\system32\mswsock.dll
0x00007ff983970000 - 0x00007ff983986000 	S:\Jdk\bin\nio.dll
0x00007ff989330000 - 0x00007ff989340000 	S:\Jdk\bin\verify.dll
0x00007ff98cd10000 - 0x00007ff98cd37000 	S:\ArStudio\native\1def1411415f61bf3af743bc5b6707747c0891f09f0c88961ee8f79bc544acac\windows-amd64\native-platform.dll
0x00007ff963dc0000 - 0x00007ff963e38000 	S:\ArStudio\native\0.2.7\x86_64-windows-gnu\gradle-fileevents.dll
0x00007ff988de0000 - 0x00007ff988dea000 	S:\Jdk\bin\management.dll
0x00007ff988db0000 - 0x00007ff988dbc000 	S:\Jdk\bin\management_ext.dll
0x00007ff9a79f0000 - 0x00007ff9a79f8000 	C:\Windows\System32\PSAPI.DLL
0x00007ff9a4850000 - 0x00007ff9a4884000 	C:\Windows\SYSTEM32\IPHLPAPI.DLL
0x00007ff9a8d90000 - 0x00007ff9a8d9a000 	C:\Windows\System32\NSI.dll
0x00007ff999470000 - 0x00007ff99948e000 	C:\Windows\SYSTEM32\dhcpcsvc6.DLL
0x00007ff999370000 - 0x00007ff999393000 	C:\Windows\SYSTEM32\dhcpcsvc.DLL
0x00007ff9a48e0000 - 0x00007ff9a4a0c000 	C:\Windows\SYSTEM32\DNSAPI.dll
0x00007ff983b20000 - 0x00007ff983b29000 	S:\Jdk\bin\extnet.dll
0x00007ff9a57a0000 - 0x00007ff9a57bb000 	C:\Windows\SYSTEM32\CRYPTSP.dll
0x00007ff9a4dc0000 - 0x00007ff9a4dfa000 	C:\Windows\system32\rsaenh.dll
0x00007ff9a5460000 - 0x00007ff9a548b000 	C:\Windows\SYSTEM32\USERENV.dll
0x00007ff9a5fe0000 - 0x00007ff9a600a000 	C:\Windows\SYSTEM32\bcrypt.dll
0x00007ff9a5780000 - 0x00007ff9a578c000 	C:\Windows\SYSTEM32\CRYPTBASE.dll
0x00007ff99c180000 - 0x00007ff99c18e000 	S:\Jdk\bin\sunmscapi.dll
0x00007ff9a6380000 - 0x00007ff9a64f7000 	C:\Windows\System32\CRYPT32.dll
0x00007ff9a58f0000 - 0x00007ff9a5920000 	C:\Windows\SYSTEM32\ncrypt.dll
0x00007ff9a58a0000 - 0x00007ff9a58df000 	C:\Windows\SYSTEM32\NTASN1.dll
0x00007ff99b980000 - 0x00007ff99b988000 	C:\Windows\system32\wshunix.dll

dbghelp: loaded successfully - version: 4.0.5 - missing functions: none
symbol engine: initialized successfully - sym options: 0x614 - pdb path: .;S:\Jdk\bin;C:\Windows\SYSTEM32;C:\Windows\WinSxS\amd64_microsoft.windows.common-controls_6595b64144ccf1df_6.0.26100.7309_none_3e05feeae336a044;S:\Jdk\bin\server;S:\ArStudio\native\1def1411415f61bf3af743bc5b6707747c0891f09f0c88961ee8f79bc544acac\windows-amd64;S:\ArStudio\native\0.2.7\x86_64-windows-gnu

VM Arguments:
jvm_args: --add-opens=java.base/java.lang=ALL-UNNAMED --add-opens=java.base/java.lang.invoke=ALL-UNNAMED --add-opens=java.base/java.util=ALL-UNNAMED --add-opens=java.prefs/java.util.prefs=ALL-UNNAMED --add-exports=jdk.compiler/com.sun.tools.javac.api=ALL-UNNAMED --add-exports=jdk.compiler/com.sun.tools.javac.util=ALL-UNNAMED --add-opens=java.base/java.util=ALL-UNNAMED --add-opens=java.prefs/java.util.prefs=ALL-UNNAMED --add-opens=java.base/java.nio.charset=ALL-UNNAMED --add-opens=java.base/java.net=ALL-UNNAMED --add-opens=java.base/java.util.concurrent.atomic=ALL-UNNAMED --add-opens=java.xml/javax.xml.namespace=ALL-UNNAMED -XX:+UseParallelGC -XX:MaxMetaspaceSize=512m -XX:+HeapDumpOnOutOfMemoryError -Xms256m -Xmx6g -Dfile.encoding=UTF-8 -Duser.country=US -Duser.language=en -Duser.variant -javaagent:S:\ArStudio\wrapper\dists\gradle-8.13-bin\5xuhj0ry160q40clulazy9h7d\gradle-8.13\lib\agents\gradle-instrumentation-agent-8.13.jar 
java_command: org.gradle.launcher.daemon.bootstrap.GradleDaemon 8.13
java_class_path (initial): S:\ArStudio\wrapper\dists\gradle-8.13-bin\5xuhj0ry160q40clulazy9h7d\gradle-8.13\lib\gradle-daemon-main-8.13.jar
Launcher Type: SUN_STANDARD

[Global flags]
     intx CICompilerCount                          = 4                                         {product} {ergonomic}
   size_t CompressedClassSpaceSize                 = 436207616                                 {product} {ergonomic}
     bool HeapDumpOnOutOfMemoryError               = true                                   {manageable} {command line}
   size_t InitialHeapSize                          = 268435456                                 {product} {command line}
   size_t MaxHeapSize                              = 6442450944                                {product} {command line}
   size_t MaxMetaspaceSize                         = 536870912                                 {product} {command line}
   size_t MaxNewSize                               = 2147483648                                {product} {ergonomic}
   size_t MinHeapDeltaBytes                        = 524288                                    {product} {ergonomic}
   size_t MinHeapSize                              = 268435456                                 {product} {command line}
   size_t NewSize                                  = 89128960                                  {product} {ergonomic}
    uintx NonNMethodCodeHeapSize                   = 5839372                                {pd product} {ergonomic}
    uintx NonProfiledCodeHeapSize                  = 122909434                              {pd product} {ergonomic}
   size_t OldSize                                  = 179306496                                 {product} {ergonomic}
    uintx ProfiledCodeHeapSize                     = 122909434                              {pd product} {ergonomic}
    uintx ReservedCodeCacheSize                    = 251658240                              {pd product} {ergonomic}
     bool SegmentedCodeCache                       = true                                      {product} {ergonomic}
   size_t SoftMaxHeapSize                          = 6442450944                             {manageable} {ergonomic}
     bool UseCompressedClassPointers               = true                           {product lp64_product} {ergonomic}
     bool UseCompressedOops                        = true                           {product lp64_product} {ergonomic}
     bool UseLargePagesIndividualAllocation        = false                                  {pd product} {ergonomic}
     bool UseParallelGC                            = true                                      {product} {command line}

Logging:
Log output configuration:
 #0: stdout all=warning uptime,level,tags
 #1: stderr all=off uptime,level,tags

Environment Variables:
JAVA_HOME=C:\Program Files\Android\Android Studio\jbr
PATH=C:\Windows\system32;C:\Windows;C:\Windows\System32\Wbem;C:\Windows\System32\WindowsPowerShell\v1.0\;C:\Windows\System32\OpenSSH\;C:\Program Files\Git\cmd;C:\Users\Administrator\AppData\Local\Android\Sdk\platform-tools;C:\Program Files\Cloudflare\Cloudflare WARP\;C:\Program Files\nodejs\;C:\Users\Administrator\AppData\Local\Microsoft\WindowsApps;C:\Program Files\Seelen\Seelen UI;C:\Users\Administrator\AppData\Local\Programs\Microsoft VS Code\bin;C:\Users\Administrator\AppData\Roaming\npm;C:\Users\Administrator\AppData\Local\Programs\Windsurf\bin
USERNAME=Administrator
OS=Windows_NT
PROCESSOR_IDENTIFIER=Intel64 Family 6 Model 142 Stepping 12, GenuineIntel
TMP=C:\Users\ADMINI~1\AppData\Local\Temp
TEMP=C:\Users\ADMINI~1\AppData\Local\Temp



Periodic native trim disabled


---------------  S Y S T E M  ---------------

OS:
 Windows 11 , 64 bit Build 26100 (10.0.26100.7623)
OS uptime: 0 days 1:39 hours
Hyper-V role detected

CPU: total 8 (initial active 8) (4 cores per cpu, 2 threads per core) family 6 model 142 stepping 12 microcode 0xde, cx8, cmov, fxsr, ht, mmx, 3dnowpref, sse, sse2, sse3, ssse3, sse4.1, sse4.2, popcnt, lzcnt, tsc, tscinvbit, avx, avx2, aes, erms, clmul, bmi1, bmi2, adx, fma, vzeroupper, clflush, clflushopt, hv
Processor Information for the first 8 processors :
  Max Mhz: 2112, Current Mhz: 1609, Mhz Limit: 1605

Memory: 4k page, system-wide physical 7989M (718M free)
TotalPageFile size 19512M (AvailPageFile size 0M)
current process WorkingSet (physical memory assigned to process): 177M, peak: 177M
current process commit charge ("private bytes"): 563M, peak: 563M

vm_info: OpenJDK 64-Bit Server VM (17.0.18+8-LTS) for windows-amd64 JRE (17.0.18+8-LTS), built on Jan 15 2026 18:50:45 by "MicrosoftCorporation" with MS VC++ 17.14 (VS2022)

END.
