#
# There is insufficient memory for the Java Runtime Environment to continue.
# Native memory allocation (malloc) failed to allocate 1262816 bytes. Error detail: Chunk::new
# Possible reasons:
#   The system is out of physical RAM or swap space
#   This process is running with CompressedOops enabled, and the Java Heap may be blocking the growth of the native heap
# Possible solutions:
#   Reduce memory load on the system
#   Increase physical memory or swap space
#   Check if swap backing store is full
#   Decrease Java heap size (-Xmx/-Xms)
#   Decrease number of Java threads
#   Decrease Java thread stack sizes (-Xss)
#   Set larger code cache with -XX:ReservedCodeCacheSize=
#   JVM is running with Zero Based Compressed Oops mode in which the Java heap is
#     placed in the first 32GB address space. The Java Heap base address is the
#     maximum limit for the native heap growth. Please use -XX:HeapBaseMinAddress
#     to set the Java Heap base and to place the Java Heap above 32GB virtual address.
# This output file may be truncated or incomplete.
#
#  Out of Memory Error (arena.cpp:191), pid=2580, tid=3472
#
# JRE version: OpenJDK Runtime Environment Microsoft-13106358 (17.0.18+8) (build 17.0.18+8-LTS)
# Java VM: OpenJDK 64-Bit Server VM Microsoft-13106358 (17.0.18+8-LTS, mixed mode, sharing, tiered, compressed oops, compressed class ptrs, parallel gc, windows-amd64)
# No core dump will be written. Minidumps are not enabled by default on client versions of Windows
#

---------------  S U M M A R Y ------------

Command Line: --add-opens=java.base/java.lang=ALL-UNNAMED --add-opens=java.base/java.lang.invoke=ALL-UNNAMED --add-opens=java.base/java.util=ALL-UNNAMED --add-opens=java.prefs/java.util.prefs=ALL-UNNAMED --add-exports=jdk.compiler/com.sun.tools.javac.api=ALL-UNNAMED --add-exports=jdk.compiler/com.sun.tools.javac.util=ALL-UNNAMED --add-opens=java.base/java.util=ALL-UNNAMED --add-opens=java.prefs/java.util.prefs=ALL-UNNAMED --add-opens=java.base/java.nio.charset=ALL-UNNAMED --add-opens=java.base/java.net=ALL-UNNAMED --add-opens=java.base/java.util.concurrent.atomic=ALL-UNNAMED --add-opens=java.xml/javax.xml.namespace=ALL-UNNAMED -XX:+UseParallelGC -XX:MaxMetaspaceSize=512m -XX:+HeapDumpOnOutOfMemoryError -Xms256m -Xmx6g -Dfile.encoding=UTF-8 -Duser.country=US -Duser.language=en -Duser.variant -javaagent:S:\ArStudio\wrapper\dists\gradle-8.13-bin\5xuhj0ry160q40clulazy9h7d\gradle-8.13\lib\agents\gradle-instrumentation-agent-8.13.jar org.gradle.launcher.daemon.bootstrap.GradleDaemon 8.13

Host: Intel(R) Core(TM) i5-10210U CPU @ 1.60GHz, 8 cores, 7G,  Windows 11 , 64 bit Build 26100 (10.0.26100.7623)
Time: Wed Feb  4 03:47:30 2026 SE Asia Standard Time elapsed time: 791.997818 seconds (0d 0h 13m 11s)

---------------  T H R E A D  ---------------

Current thread (0x000001fbfb7a79c0):  JavaThread "C2 CompilerThread2" daemon [_thread_in_native, id=3472, stack(0x0000002a28c00000,0x0000002a28d00000)]


Current CompileTask:
C2:791997 51633 %     4       com.android.tools.r8.internal.k41::a @ 1318 (2722 bytes)

Stack: [0x0000002a28c00000,0x0000002a28d00000]
Native frames: (J=compiled Java code, j=interpreted, Vv=VM code, C=native code)
V  [jvm.dll+0x68c879]  (no source info available)
V  [jvm.dll+0x845979]  (no source info available)
V  [jvm.dll+0x8476e8]  (no source info available)
V  [jvm.dll+0x847d73]  (no source info available)
V  [jvm.dll+0x24cf6f]  (no source info available)
V  [jvm.dll+0xaecb6]  (no source info available)
V  [jvm.dll+0xaf35c]  (no source info available)
V  [jvm.dll+0x37174e]  (no source info available)
V  [jvm.dll+0x33b985]  (no source info available)
V  [jvm.dll+0x33adea]  (no source info available)
V  [jvm.dll+0x21df29]  (no source info available)
V  [jvm.dll+0x21d36d]  (no source info available)
V  [jvm.dll+0x1a8ce6]  (no source info available)
V  [jvm.dll+0x22db1b]  (no source info available)
V  [jvm.dll+0x22bca6]  (no source info available)
V  [jvm.dll+0x7fbabb]  (no source info available)
V  [jvm.dll+0x7f5ebc]  (no source info available)
V  [jvm.dll+0x68de17]  (no source info available)
C  [ucrtbase.dll+0x37b0]  (no source info available)
C  [KERNEL32.DLL+0x2e8d7]  (no source info available)
C  [ntdll.dll+0x8c53c]  (no source info available)


---------------  P R O C E S S  ---------------

Threads class SMR info:
_java_thread_list=0x000001fba74af110, length=183, elements={
0x000001fbc28c8b30, 0x000001fbc25301d0, 0x000001fbc2531c30, 0x000001fbc2964b90,
0x000001fbc2965460, 0x000001fbc2966aa0, 0x000001fbc2974850, 0x000001fbc2979460,
0x000001fbc297e280, 0x000001fbed00a480, 0x000001fbc292e690, 0x000001fbed231970,
0x000001fbee48d3a0, 0x000001fbed63fa70, 0x000001fbeea306e0, 0x000001fbeefd0f10,
0x000001fbeefcf5c0, 0x000001fbeefcfad0, 0x000001fbeefd2350, 0x000001fbf14fc530,
0x000001fbf14fca40, 0x000001fbf14fb0f0, 0x000001fbf14fbb10, 0x000001fbf14fe390,
0x000001fbf1502050, 0x000001fbf1502560, 0x000001fbf3f83a50, 0x000001fbf3f84470,
0x000001fbf3f82b20, 0x000001fbf30095d0, 0x000001fbf0afba00, 0x000001fbf0aff6c0,
0x000001fbf0b01f40, 0x000001fbf0aff1b0, 0x000001fbf3f862d0, 0x000001fbfc326850,
0x000001fbfc3230a0, 0x000001fbfc326d60, 0x000001fbfc3235b0, 0x000001fbfc9d3fd0,
0x000001fbfc9d30a0, 0x000001fbed57f4b0, 0x000001fbed57db60, 0x000001fbed57f9c0,
0x000001fbfbf2eb80, 0x000001fbfbf2f5a0, 0x000001fbfbf2e160, 0x000001fbf31fe350,
0x000001fbf31fd930, 0x000001fbf31fc4f0, 0x000001fbed57d140, 0x000001fbed57d650,
0x000001fbf02022f0, 0x000001fbed57e070, 0x000001fbed57ea90, 0x000001fbed57fed0,
0x000001fbed57e580, 0x000001fbed57c720, 0x000001fbed57cc30, 0x000001fbed57efa0,
0x000001fbfc9d35b0, 0x000001fbfc9d3ac0, 0x000001fbfc3fa440, 0x000001fbfc712da0,
0x000001fbfc711e70, 0x000001fbfc711960, 0x000001fbfc712380, 0x000001fbf9923ff0,
0x000001fbf99230c0, 0x000001fbf9924a10, 0x000001fbf31fcf10, 0x000001fbf31fca00,
0x000001fbf31fed70, 0x000001fbf31fbad0, 0x000001fbf31fd420, 0x000001fbf31ff280,
0x000001fbf31fe860, 0x000001fbf31fde40, 0x000001fbfc419fa0, 0x000001fbfc419a90,
0x000001fbfc41a4b0, 0x000001fbfb3db050, 0x000001fbfb3dc9a0, 0x000001fbfc323fd0,
0x000001fbfc327270, 0x000001fbfc41a9c0, 0x000001fbfcbdcb40, 0x000001fbfc3fc7b0,
0x000001fbadf00e10, 0x000001fbadeffee0, 0x000001fbadf003f0, 0x000001fbadf01320,
0x000001fbadefdb70, 0x000001fbfc3fa950, 0x000001fbf9844380, 0x000001fbfc323ac0,
0x000001fbf9922bb0, 0x000001fbfb3dc490, 0x000001fbf98457c0, 0x000001fbf98466f0,
0x000001fbf9924500, 0x000001fbadf00900, 0x000001fbfcbdbc10, 0x000001fbadefe080,
0x000001fbacc7d630, 0x000001fbacc7adb0, 0x000001fbfc325920, 0x000001fbfab73d00,
0x000001fbfab74c30, 0x000001fbfab74720, 0x000001fbfab76070, 0x000001fbfab76a90,
0x000001fbacc7b2c0, 0x000001fbf99235d0, 0x000001fbf9922190, 0x000001fbf9925430,
0x000001fbadefe590, 0x000001fbfcbdc630, 0x000001fbfcbdc120, 0x000001fbfcbdd050,
0x000001fbfcbda7d0, 0x000001fbfcbdace0, 0x000001fbfcbdd560, 0x000001fbfcbdda70,
0x000001fbf9847620, 0x000001fbf9845cd0, 0x000001fbf9844890, 0x000001fbf9846c00,
0x000001fbf9843e70, 0x000001fbf9844da0, 0x000001fbfaa98a40, 0x000001fbfcbddf80,
0x000001fbadefeaa0, 0x000001fbadefefb0, 0x000001fbadeff4c0, 0x000001fbadeff9d0,
0x000001fbfab76fa0, 0x000001fbfab737f0, 0x000001fbfc327c90, 0x000001fbfc3244e0,
0x000001fbfc3fc2a0, 0x000001fbfc3f9510, 0x000001fbfc3fbd90, 0x000001fbfc3fb880,
0x000001fbf35f44b0, 0x000001fbf35f4ed0, 0x000001fbf35f3580, 0x000001fbf35f49c0,
0x000001fbf35f3a90, 0x000001fbf35f3fa0, 0x000001fbf9300d10, 0x000001fbf9301730,
0x000001fbf93002f0, 0x000001fbf92ffde0, 0x000001fbf9301220, 0x000001fbfbb0e020,
0x000001fbf99226a0, 0x000001fbfc325410, 0x000001fbfc326340, 0x000001fbfc327780,
0x000001fbfc3281a0, 0x000001fbfc3249f0, 0x000001fbfc3286b0, 0x000001fbfab76580,
0x000001fbacc7b7d0, 0x000001fbacc7c700, 0x000001fbfab75140, 0x000001fbfab74210,
0x000001fbfc324f00, 0x000001fbf9924f20, 0x000001fbf9921c80, 0x000001fbfc712890,
0x000001fbf92fd7f0, 0x000001fbfc32b950, 0x000001fbfc32a000, 0x000001fbfc3295e0,
0x000001fbfb7a79c0, 0x000001fba980a9b0, 0x000001fba980a4a0, 0x000001fbfc32a510,
0x000001fbacc7c1f0, 0x000001fba82cdf20, 0x000001fba82cf870
}

Java Threads: ( => current thread )
  0x000001fbc28c8b30 JavaThread "main" [_thread_blocked, id=12216, stack(0x0000002a1e700000,0x0000002a1e800000)]
  0x000001fbc25301d0 JavaThread "Reference Handler" daemon [_thread_blocked, id=11904, stack(0x0000002a1ea00000,0x0000002a1eb00000)]
  0x000001fbc2531c30 JavaThread "Finalizer" daemon [_thread_blocked, id=15080, stack(0x0000002a1eb00000,0x0000002a1ec00000)]
  0x000001fbc2964b90 JavaThread "Signal Dispatcher" daemon [_thread_blocked, id=14480, stack(0x0000002a1ec00000,0x0000002a1ed00000)]
  0x000001fbc2965460 JavaThread "Attach Listener" daemon [_thread_blocked, id=1040, stack(0x0000002a1ed00000,0x0000002a1ee00000)]
  0x000001fbc2966aa0 JavaThread "Service Thread" daemon [_thread_blocked, id=14404, stack(0x0000002a1ee00000,0x0000002a1ef00000)]
  0x000001fbc2974850 JavaThread "Monitor Deflation Thread" daemon [_thread_blocked, id=15320, stack(0x0000002a1ef00000,0x0000002a1f000000)]
  0x000001fbc2979460 JavaThread "C2 CompilerThread0" daemon [_thread_in_native, id=7248, stack(0x0000002a1f000000,0x0000002a1f100000)]
  0x000001fbc297e280 JavaThread "C1 CompilerThread0" daemon [_thread_blocked, id=10956, stack(0x0000002a1f100000,0x0000002a1f200000)]
  0x000001fbed00a480 JavaThread "Sweeper thread" daemon [_thread_blocked, id=3408, stack(0x0000002a1f200000,0x0000002a1f300000)]
  0x000001fbc292e690 JavaThread "Common-Cleaner" daemon [_thread_blocked, id=11928, stack(0x0000002a1f300000,0x0000002a1f400000)]
  0x000001fbed231970 JavaThread "Notification Thread" daemon [_thread_blocked, id=7512, stack(0x0000002a1f400000,0x0000002a1f500000)]
  0x000001fbee48d3a0 JavaThread "Daemon health stats" [_thread_blocked, id=6236, stack(0x0000002a1fb00000,0x0000002a1fc00000)]
  0x000001fbed63fa70 JavaThread "Incoming local TCP Connector on port 51869" [_thread_in_native, id=5252, stack(0x0000002a1f600000,0x0000002a1f700000)]
  0x000001fbeea306e0 JavaThread "Daemon periodic checks" [_thread_blocked, id=13308, stack(0x0000002a1fc00000,0x0000002a1fd00000)]
  0x000001fbeefd0f10 JavaThread "Cache worker for journal cache (S:\ArStudio\caches\journal-1)" [_thread_blocked, id=12916, stack(0x0000002a20800000,0x0000002a20900000)]
  0x000001fbeefcf5c0 JavaThread "File lock request listener" [_thread_in_native, id=4428, stack(0x0000002a20900000,0x0000002a20a00000)]
  0x000001fbeefcfad0 JavaThread "Cache worker for file hash cache (S:\ArStudio\caches\8.13\fileHashes)" [_thread_blocked, id=13236, stack(0x0000002a20a00000,0x0000002a20b00000)]
  0x000001fbeefd2350 JavaThread "File watcher server" daemon [_thread_in_native, id=14328, stack(0x0000002a20e00000,0x0000002a20f00000)]
  0x000001fbf14fc530 JavaThread "File watcher consumer" daemon [_thread_blocked, id=7576, stack(0x0000002a20f00000,0x0000002a21000000)]
  0x000001fbf14fca40 JavaThread "jar transforms" [_thread_blocked, id=1164, stack(0x0000002a20b00000,0x0000002a20c00000)]
  0x000001fbf14fb0f0 JavaThread "jar transforms Thread 2" [_thread_blocked, id=5060, stack(0x0000002a21000000,0x0000002a21100000)]
  0x000001fbf14fbb10 JavaThread "Cache worker for file content cache (S:\ArStudio\caches\8.13\fileContent)" [_thread_blocked, id=15056, stack(0x0000002a21300000,0x0000002a21400000)]
  0x000001fbf14fe390 JavaThread "jar transforms Thread 3" [_thread_blocked, id=12912, stack(0x0000002a21100000,0x0000002a21200000)]
  0x000001fbf1502050 JavaThread "jar transforms Thread 4" [_thread_blocked, id=4580, stack(0x0000002a22100000,0x0000002a22200000)]
  0x000001fbf1502560 JavaThread "jar transforms Thread 5" [_thread_blocked, id=11912, stack(0x0000002a22200000,0x0000002a22300000)]
  0x000001fbf3f83a50 JavaThread "jar transforms Thread 6" [_thread_blocked, id=14384, stack(0x0000002a22800000,0x0000002a22900000)]
  0x000001fbf3f84470 JavaThread "jar transforms Thread 7" [_thread_blocked, id=15008, stack(0x0000002a22900000,0x0000002a22a00000)]
  0x000001fbf3f82b20 JavaThread "jar transforms Thread 8" [_thread_blocked, id=15044, stack(0x0000002a22a00000,0x0000002a22b00000)]
  0x000001fbf30095d0 JavaThread "Memory manager" [_thread_blocked, id=3272, stack(0x0000002a23f00000,0x0000002a24000000)]
  0x000001fbf0afba00 JavaThread "Periodic tasks thread" daemon [_thread_blocked, id=6740, stack(0x0000002a1e600000,0x0000002a1e700000)]
  0x000001fbf0aff6c0 JavaThread "ApplicationImpl pooled thread 1" daemon [_thread_blocked, id=11468, stack(0x0000002a24000000,0x0000002a24100000)]
  0x000001fbf0b01f40 JavaThread "Java2D Disposer" daemon [_thread_blocked, id=8312, stack(0x0000002a24300000,0x0000002a24400000)]
  0x000001fbf0aff1b0 JavaThread "AWT-Windows" daemon [_thread_in_native, id=15340, stack(0x0000002a28300000,0x0000002a28400000)]
  0x000001fbf3f862d0 JavaThread "RMI Scheduler(0)" daemon [_thread_blocked, id=12248, stack(0x0000002a1e500000,0x0000002a1e600000)]
  0x000001fbfc326850 JavaThread "RMI GC Daemon" daemon [_thread_blocked, id=5808, stack(0x0000002a28600000,0x0000002a28700000)]
  0x000001fbfc3230a0 JavaThread "RMI TCP Accept-0" daemon [_thread_in_native, id=14516, stack(0x0000002a28700000,0x0000002a28800000)]
  0x000001fbfc326d60 JavaThread "RMI Reaper" [_thread_blocked, id=14864, stack(0x0000002a28800000,0x0000002a28900000)]
  0x000001fbfc3235b0 JavaThread "Cache worker for Java compile cache (S:\ArStudio\caches\8.13\javaCompile)" [_thread_blocked, id=8000, stack(0x0000002a28500000,0x0000002a28600000)]
  0x000001fbfc9d3fd0 JavaThread "RMI TCP Connection(idle)" daemon [_thread_blocked, id=3544, stack(0x0000002a1e400000,0x0000002a1e500000)]
  0x000001fbfc9d30a0 JavaThread "Daemon Thread 2" [_thread_blocked, id=15312, stack(0x0000002a1fd00000,0x0000002a1fe00000)]
  0x000001fbed57f4b0 JavaThread "Daemon worker Thread 2" [_thread_blocked, id=4464, stack(0x0000002a20300000,0x0000002a20400000)]
  0x000001fbed57db60 JavaThread "Handler for socket connection from /127.0.0.1:51869 to /127.0.0.1:58858" [_thread_in_native, id=13956, stack(0x0000002a1fe00000,0x0000002a1ff00000)]
  0x000001fbed57f9c0 JavaThread "Cancel handler" [_thread_blocked, id=11812, stack(0x0000002a20200000,0x0000002a20300000)]
  0x000001fbfbf2eb80 JavaThread "Asynchronous log dispatcher for DefaultDaemonConnection: socket connection from /127.0.0.1:51869 to /127.0.0.1:58858" [_thread_blocked, id=11896, stack(0x0000002a20500000,0x0000002a20600000)]
  0x000001fbfbf2f5a0 JavaThread "Stdin handler" [_thread_blocked, id=15048, stack(0x0000002a20600000,0x0000002a20700000)]
  0x000001fbfbf2e160 JavaThread "Daemon client event forwarder" [_thread_blocked, id=1180, stack(0x0000002a20700000,0x0000002a20800000)]
  0x000001fbf31fe350 JavaThread "Cache worker for file hash cache (S:\legado-qt-main\.gradle\8.13\fileHashes)" [_thread_blocked, id=8856, stack(0x0000002a20c00000,0x0000002a20d00000)]
  0x000001fbf31fd930 JavaThread "Cache worker for Build Output Cleanup Cache (S:\legado-qt-main\.gradle\buildOutputCleanup)" [_thread_blocked, id=1392, stack(0x0000002a20d00000,0x0000002a20e00000)]
  0x000001fbf31fc4f0 JavaThread "Cache worker for checksums cache (S:\legado-qt-main\.gradle\8.13\checksums)" [_thread_blocked, id=4916, stack(0x0000002a21200000,0x0000002a21300000)]
  0x000001fbed57d140 JavaThread "Cache worker for cache directory md-supplier (S:\ArStudio\caches\8.13\md-supplier)" [_thread_blocked, id=14504, stack(0x0000002a21400000,0x0000002a21500000)]
  0x000001fbed57d650 JavaThread "Cache worker for cache directory md-rule (S:\ArStudio\caches\8.13\md-rule)" [_thread_blocked, id=8272, stack(0x0000002a21500000,0x0000002a21600000)]
  0x000001fbf02022f0 JavaThread "C2 CompilerThread1" daemon [_thread_in_native, id=1876, stack(0x0000002a21600000,0x0000002a21700000)]
  0x000001fbed57e070 JavaThread "Unconstrained build operations" [_thread_blocked, id=14736, stack(0x0000002a21700000,0x0000002a21800000)]
  0x000001fbed57ea90 JavaThread "Unconstrained build operations Thread 2" [_thread_blocked, id=14852, stack(0x0000002a21800000,0x0000002a21900000)]
  0x000001fbed57fed0 JavaThread "Unconstrained build operations Thread 3" [_thread_blocked, id=3896, stack(0x0000002a21900000,0x0000002a21a00000)]
  0x000001fbed57e580 JavaThread "Unconstrained build operations Thread 4" [_thread_blocked, id=11592, stack(0x0000002a21a00000,0x0000002a21b00000)]
  0x000001fbed57c720 JavaThread "Unconstrained build operations Thread 5" [_thread_blocked, id=4888, stack(0x0000002a21b00000,0x0000002a21c00000)]
  0x000001fbed57cc30 JavaThread "Unconstrained build operations Thread 6" [_thread_blocked, id=5664, stack(0x0000002a21d00000,0x0000002a21e00000)]
  0x000001fbed57efa0 JavaThread "Unconstrained build operations Thread 7" [_thread_blocked, id=7724, stack(0x0000002a21e00000,0x0000002a21f00000)]
  0x000001fbfc9d35b0 JavaThread "Unconstrained build operations Thread 8" [_thread_blocked, id=11492, stack(0x0000002a21f00000,0x0000002a22000000)]
  0x000001fbfc9d3ac0 JavaThread "Unconstrained build operations Thread 9" [_thread_blocked, id=12752, stack(0x0000002a22000000,0x0000002a22100000)]
  0x000001fbfc3fa440 JavaThread "Unconstrained build operations Thread 10" [_thread_blocked, id=6308, stack(0x0000002a22300000,0x0000002a22400000)]
  0x000001fbfc712da0 JavaThread "Unconstrained build operations Thread 11" [_thread_blocked, id=2004, stack(0x0000002a22400000,0x0000002a22500000)]
  0x000001fbfc711e70 JavaThread "Unconstrained build operations Thread 12" [_thread_blocked, id=5428, stack(0x0000002a22500000,0x0000002a22600000)]
  0x000001fbfc711960 JavaThread "Unconstrained build operations Thread 13" [_thread_blocked, id=3240, stack(0x0000002a22600000,0x0000002a22700000)]
  0x000001fbfc712380 JavaThread "Unconstrained build operations Thread 14" [_thread_blocked, id=14624, stack(0x0000002a22700000,0x0000002a22800000)]
  0x000001fbf9923ff0 JavaThread "Unconstrained build operations Thread 15" [_thread_blocked, id=8868, stack(0x0000002a22b00000,0x0000002a22c00000)]
  0x000001fbf99230c0 JavaThread "Unconstrained build operations Thread 16" [_thread_blocked, id=15124, stack(0x0000002a22c00000,0x0000002a22d00000)]
  0x000001fbf9924a10 JavaThread "Unconstrained build operations Thread 17" [_thread_blocked, id=804, stack(0x0000002a22d00000,0x0000002a22e00000)]
  0x000001fbf31fcf10 JavaThread "Unconstrained build operations Thread 18" [_thread_blocked, id=1492, stack(0x0000002a22e00000,0x0000002a22f00000)]
  0x000001fbf31fca00 JavaThread "Unconstrained build operations Thread 19" [_thread_blocked, id=13052, stack(0x0000002a22f00000,0x0000002a23000000)]
  0x000001fbf31fed70 JavaThread "Unconstrained build operations Thread 20" [_thread_blocked, id=12280, stack(0x0000002a23000000,0x0000002a23100000)]
  0x000001fbf31fbad0 JavaThread "Unconstrained build operations Thread 21" [_thread_blocked, id=12540, stack(0x0000002a23100000,0x0000002a23200000)]
  0x000001fbf31fd420 JavaThread "Unconstrained build operations Thread 22" [_thread_blocked, id=7800, stack(0x0000002a23200000,0x0000002a23300000)]
  0x000001fbf31ff280 JavaThread "Unconstrained build operations Thread 23" [_thread_blocked, id=15112, stack(0x0000002a23300000,0x0000002a23400000)]
  0x000001fbf31fe860 JavaThread "Unconstrained build operations Thread 24" [_thread_blocked, id=13892, stack(0x0000002a23400000,0x0000002a23500000)]
  0x000001fbf31fde40 JavaThread "build event listener" [_thread_blocked, id=5484, stack(0x0000002a23500000,0x0000002a23600000)]
  0x000001fbfc419fa0 JavaThread "build event listener" [_thread_blocked, id=8644, stack(0x0000002a23600000,0x0000002a23700000)]
  0x000001fbfc419a90 JavaThread "build event listener" [_thread_blocked, id=7328, stack(0x0000002a23800000,0x0000002a23900000)]
  0x000001fbfc41a4b0 JavaThread "ForkJoinPool.commonPool-worker-8" daemon [_thread_blocked, id=3912, stack(0x0000002a23900000,0x0000002a23a00000)]
  0x000001fbfb3db050 JavaThread "ForkJoinPool.commonPool-worker-9" daemon [_thread_blocked, id=10496, stack(0x0000002a23a00000,0x0000002a23b00000)]
  0x000001fbfb3dc9a0 JavaThread "ForkJoinPool.commonPool-worker-10" daemon [_thread_blocked, id=7076, stack(0x0000002a23b00000,0x0000002a23c00000)]
  0x000001fbfc323fd0 JavaThread "ForkJoinPool.commonPool-worker-11" daemon [_thread_blocked, id=10016, stack(0x0000002a23c00000,0x0000002a23d00000)]
  0x000001fbfc327270 JavaThread "ForkJoinPool.commonPool-worker-12" daemon [_thread_blocked, id=2992, stack(0x0000002a23d00000,0x0000002a23e00000)]
  0x000001fbfc41a9c0 JavaThread "ForkJoinPool.commonPool-worker-13" daemon [_thread_blocked, id=14288, stack(0x0000002a23e00000,0x0000002a23f00000)]
  0x000001fbfcbdcb40 JavaThread "ForkJoinPool.commonPool-worker-14" daemon [_thread_blocked, id=8244, stack(0x0000002a24100000,0x0000002a24200000)]
  0x000001fbfc3fc7b0 JavaThread "included builds" [_thread_blocked, id=12736, stack(0x0000002a24200000,0x0000002a24300000)]
  0x000001fbadf00e10 JavaThread "Execution worker" [_thread_blocked, id=12320, stack(0x0000002a24400000,0x0000002a24500000)]
  0x000001fbadeffee0 JavaThread "Execution worker Thread 2" [_thread_blocked, id=14456, stack(0x0000002a24500000,0x0000002a24600000)]
  0x000001fbadf003f0 JavaThread "Execution worker Thread 3" [_thread_blocked, id=11664, stack(0x0000002a24600000,0x0000002a24700000)]
  0x000001fbadf01320 JavaThread "Execution worker Thread 4" [_thread_blocked, id=5040, stack(0x0000002a24700000,0x0000002a24800000)]
  0x000001fbadefdb70 JavaThread "Execution worker Thread 5" [_thread_blocked, id=13544, stack(0x0000002a24800000,0x0000002a24900000)]
  0x000001fbfc3fa950 JavaThread "Execution worker Thread 6" [_thread_blocked, id=13540, stack(0x0000002a24900000,0x0000002a24a00000)]
  0x000001fbf9844380 JavaThread "Execution worker Thread 7" [_thread_blocked, id=11652, stack(0x0000002a24a00000,0x0000002a24b00000)]
  0x000001fbfc323ac0 JavaThread "Cache worker for execution history cache (S:\legado-qt-main\.gradle\8.13\executionHistory)" [_thread_blocked, id=5684, stack(0x0000002a24b00000,0x0000002a24c00000)]
  0x000001fbf9922bb0 JavaThread "WorkerExecutor Queue" [_thread_blocked, id=14760, stack(0x0000002a24c00000,0x0000002a24d00000)]
  0x000001fbfb3dc490 JavaThread "WorkerExecutor Queue Thread 2" [_thread_blocked, id=3420, stack(0x0000002a24d00000,0x0000002a24e00000)]
  0x000001fbf98457c0 JavaThread "WorkerExecutor Queue Thread 3" [_thread_blocked, id=11856, stack(0x0000002a24e00000,0x0000002a24f00000)]
  0x000001fbf98466f0 JavaThread "WorkerExecutor Queue Thread 4" [_thread_blocked, id=14968, stack(0x0000002a24f00000,0x0000002a25000000)]
  0x000001fbf9924500 JavaThread "WorkerExecutor Queue Thread 6" [_thread_in_Java, id=15264, stack(0x0000002a25100000,0x0000002a25200000)]
  0x000001fbadf00900 JavaThread "Unconstrained build operations Thread 25" [_thread_blocked, id=8536, stack(0x0000002a25200000,0x0000002a25300000)]
  0x000001fbfcbdbc10 JavaThread "WorkerExecutor Queue Thread 7" [_thread_blocked, id=6952, stack(0x0000002a25300000,0x0000002a25400000)]
  0x000001fbadefe080 JavaThread "WorkerExecutor Queue Thread 8" [_thread_blocked, id=340, stack(0x0000002a25400000,0x0000002a25500000)]
  0x000001fbacc7d630 JavaThread "Unconstrained build operations Thread 26" [_thread_blocked, id=5260, stack(0x0000002a25500000,0x0000002a25600000)]
  0x000001fbacc7adb0 JavaThread "Unconstrained build operations Thread 27" [_thread_blocked, id=13612, stack(0x0000002a25600000,0x0000002a25700000)]
  0x000001fbfc325920 JavaThread "Unconstrained build operations Thread 28" [_thread_blocked, id=12508, stack(0x0000002a25700000,0x0000002a25800000)]
  0x000001fbfab73d00 JavaThread "Unconstrained build operations Thread 29" [_thread_blocked, id=13844, stack(0x0000002a25800000,0x0000002a25900000)]
  0x000001fbfab74c30 JavaThread "Unconstrained build operations Thread 30" [_thread_blocked, id=15016, stack(0x0000002a25900000,0x0000002a25a00000)]
  0x000001fbfab74720 JavaThread "Unconstrained build operations Thread 31" [_thread_blocked, id=2444, stack(0x0000002a25a00000,0x0000002a25b00000)]
  0x000001fbfab76070 JavaThread "Unconstrained build operations Thread 32" [_thread_blocked, id=10340, stack(0x0000002a25b00000,0x0000002a25c00000)]
  0x000001fbfab76a90 JavaThread "Unconstrained build operations Thread 33" [_thread_blocked, id=736, stack(0x0000002a25c00000,0x0000002a25d00000)]
  0x000001fbacc7b2c0 JavaThread "Unconstrained build operations Thread 34" [_thread_blocked, id=15028, stack(0x0000002a25d00000,0x0000002a25e00000)]
  0x000001fbf99235d0 JavaThread "Unconstrained build operations Thread 35" [_thread_blocked, id=7024, stack(0x0000002a25e00000,0x0000002a25f00000)]
  0x000001fbf9922190 JavaThread "Unconstrained build operations Thread 36" [_thread_blocked, id=7312, stack(0x0000002a25f00000,0x0000002a26000000)]
  0x000001fbf9925430 JavaThread "Unconstrained build operations Thread 37" [_thread_blocked, id=1004, stack(0x0000002a26000000,0x0000002a26100000)]
  0x000001fbadefe590 JavaThread "WorkerExecutor Queue Thread 9" [_thread_blocked, id=9112, stack(0x0000002a26100000,0x0000002a26200000)]
  0x000001fbfcbdc630 JavaThread "Unconstrained build operations Thread 38" [_thread_blocked, id=14428, stack(0x0000002a26200000,0x0000002a26300000)]
  0x000001fbfcbdc120 JavaThread "Unconstrained build operations Thread 39" [_thread_blocked, id=12840, stack(0x0000002a26300000,0x0000002a26400000)]
  0x000001fbfcbdd050 JavaThread "Unconstrained build operations Thread 40" [_thread_blocked, id=8124, stack(0x0000002a26400000,0x0000002a26500000)]
  0x000001fbfcbda7d0 JavaThread "Unconstrained build operations Thread 41" [_thread_blocked, id=7520, stack(0x0000002a26500000,0x0000002a26600000)]
  0x000001fbfcbdace0 JavaThread "Unconstrained build operations Thread 42" [_thread_blocked, id=3040, stack(0x0000002a26600000,0x0000002a26700000)]
  0x000001fbfcbdd560 JavaThread "Unconstrained build operations Thread 43" [_thread_blocked, id=5088, stack(0x0000002a26700000,0x0000002a26800000)]
  0x000001fbfcbdda70 JavaThread "Unconstrained build operations Thread 44" [_thread_blocked, id=4384, stack(0x0000002a26800000,0x0000002a26900000)]
  0x000001fbf9847620 JavaThread "Unconstrained build operations Thread 45" [_thread_blocked, id=15284, stack(0x0000002a26900000,0x0000002a26a00000)]
  0x000001fbf9845cd0 JavaThread "Unconstrained build operations Thread 46" [_thread_blocked, id=11648, stack(0x0000002a26a00000,0x0000002a26b00000)]
  0x000001fbf9844890 JavaThread "Unconstrained build operations Thread 47" [_thread_blocked, id=9536, stack(0x0000002a26b00000,0x0000002a26c00000)]
  0x000001fbf9846c00 JavaThread "Unconstrained build operations Thread 48" [_thread_blocked, id=13848, stack(0x0000002a26c00000,0x0000002a26d00000)]
  0x000001fbf9843e70 JavaThread "Unconstrained build operations Thread 49" [_thread_blocked, id=14444, stack(0x0000002a26d00000,0x0000002a26e00000)]
  0x000001fbf9844da0 JavaThread "Unconstrained build operations Thread 50" [_thread_blocked, id=1356, stack(0x0000002a26e00000,0x0000002a26f00000)]
  0x000001fbfaa98a40 JavaThread "Unconstrained build operations Thread 51" [_thread_blocked, id=1852, stack(0x0000002a26f00000,0x0000002a27000000)]
  0x000001fbfcbddf80 JavaThread "Unconstrained build operations Thread 52" [_thread_blocked, id=8008, stack(0x0000002a27000000,0x0000002a27100000)]
  0x000001fbadefeaa0 JavaThread "Unconstrained build operations Thread 53" [_thread_blocked, id=12760, stack(0x0000002a27100000,0x0000002a27200000)]
  0x000001fbadefefb0 JavaThread "Unconstrained build operations Thread 54" [_thread_blocked, id=14784, stack(0x0000002a27200000,0x0000002a27300000)]
  0x000001fbadeff4c0 JavaThread "Unconstrained build operations Thread 55" [_thread_blocked, id=2152, stack(0x0000002a27300000,0x0000002a27400000)]
  0x000001fbadeff9d0 JavaThread "Unconstrained build operations Thread 56" [_thread_blocked, id=14420, stack(0x0000002a27400000,0x0000002a27500000)]
  0x000001fbfab76fa0 JavaThread "Unconstrained build operations Thread 57" [_thread_blocked, id=844, stack(0x0000002a27500000,0x0000002a27600000)]
  0x000001fbfab737f0 JavaThread "Unconstrained build operations Thread 58" [_thread_blocked, id=11412, stack(0x0000002a27600000,0x0000002a27700000)]
  0x000001fbfc327c90 JavaThread "Unconstrained build operations Thread 59" [_thread_blocked, id=10392, stack(0x0000002a27700000,0x0000002a27800000)]
  0x000001fbfc3244e0 JavaThread "RMI RenewClean-[127.0.0.1:17504,org.jetbrains.kotlin.daemon.common.LoopbackNetworkInterface$ClientLoopbackSocketFactory@242f7aa2]" daemon [_thread_blocked, id=2256, stack(0x0000002a27800000,0x0000002a27900000)]
  0x000001fbfc3fc2a0 JavaThread "RMI TCP Connection(idle)" daemon [_thread_blocked, id=14304, stack(0x0000002a25000000,0x0000002a25100000)]
  0x000001fbfc3f9510 JavaThread "RMI TCP Connection(13)-127.0.0.1" daemon [_thread_in_native, id=8600, stack(0x0000002a27900000,0x0000002a27a00000)]
  0x000001fbfc3fbd90 JavaThread "RMI TCP Connection(idle)" daemon [_thread_blocked, id=9840, stack(0x0000002a27a00000,0x0000002a27b00000)]
  0x000001fbfc3fb880 JavaThread "Build operations" [_thread_blocked, id=13628, stack(0x0000002a21c00000,0x0000002a21d00000)]
  0x000001fbf35f44b0 JavaThread "Build operations Thread 2" [_thread_blocked, id=1172, stack(0x0000002a27b00000,0x0000002a27c00000)]
  0x000001fbf35f4ed0 JavaThread "Build operations Thread 3" [_thread_blocked, id=14632, stack(0x0000002a27c00000,0x0000002a27d00000)]
  0x000001fbf35f3580 JavaThread "Build operations Thread 4" [_thread_blocked, id=4684, stack(0x0000002a27d00000,0x0000002a27e00000)]
  0x000001fbf35f49c0 JavaThread "Build operations Thread 5" [_thread_blocked, id=11692, stack(0x0000002a27e00000,0x0000002a27f00000)]
  0x000001fbf35f3a90 JavaThread "Build operations Thread 6" [_thread_blocked, id=12712, stack(0x0000002a27f00000,0x0000002a28000000)]
  0x000001fbf35f3fa0 JavaThread "Unconstrained build operations Thread 60" [_thread_blocked, id=12896, stack(0x0000002a28000000,0x0000002a28100000)]
  0x000001fbf9300d10 JavaThread "Unconstrained build operations Thread 61" [_thread_blocked, id=12940, stack(0x0000002a28100000,0x0000002a28200000)]
  0x000001fbf9301730 JavaThread "Unconstrained build operations Thread 62" [_thread_blocked, id=2260, stack(0x0000002a28200000,0x0000002a28300000)]
  0x000001fbf93002f0 JavaThread "Unconstrained build operations Thread 63" [_thread_blocked, id=9072, stack(0x0000002a28400000,0x0000002a28500000)]
  0x000001fbf92ffde0 JavaThread "Unconstrained build operations Thread 64" [_thread_blocked, id=3832, stack(0x0000002a28900000,0x0000002a28a00000)]
  0x000001fbf9301220 JavaThread "Unconstrained build operations Thread 65" [_thread_blocked, id=14596, stack(0x0000002a28a00000,0x0000002a28b00000)]
  0x000001fbfbb0e020 JavaThread "Unconstrained build operations Thread 66" [_thread_blocked, id=11916, stack(0x0000002a28b00000,0x0000002a28c00000)]
  0x000001fbf99226a0 JavaThread "Unconstrained build operations Thread 67" [_thread_blocked, id=5952, stack(0x0000002a28d00000,0x0000002a28e00000)]
  0x000001fbfc325410 JavaThread "Unconstrained build operations Thread 68" [_thread_blocked, id=3244, stack(0x0000002a28e00000,0x0000002a28f00000)]
  0x000001fbfc326340 JavaThread "Unconstrained build operations Thread 69" [_thread_blocked, id=2628, stack(0x0000002a28f00000,0x0000002a29000000)]
  0x000001fbfc327780 JavaThread "Unconstrained build operations Thread 70" [_thread_blocked, id=9912, stack(0x0000002a29000000,0x0000002a29100000)]
  0x000001fbfc3281a0 JavaThread "Unconstrained build operations Thread 71" [_thread_blocked, id=4072, stack(0x0000002a29100000,0x0000002a29200000)]
  0x000001fbfc3249f0 JavaThread "Unconstrained build operations Thread 72" [_thread_blocked, id=11028, stack(0x0000002a29200000,0x0000002a29300000)]
  0x000001fbfc3286b0 JavaThread "Unconstrained build operations Thread 73" [_thread_blocked, id=336, stack(0x0000002a29300000,0x0000002a29400000)]
  0x000001fbfab76580 JavaThread "pool-9-thread-1" [_thread_blocked, id=14372, stack(0x0000002a29400000,0x0000002a29500000)]
  0x000001fbacc7b7d0 JavaThread "stderr" [_thread_in_native, id=12056, stack(0x0000002a29500000,0x0000002a29600000)]
  0x000001fbacc7c700 JavaThread "stdout" [_thread_in_native, id=3216, stack(0x0000002a29600000,0x0000002a29700000)]
  0x000001fbfab75140 JavaThread "stderr" [_thread_in_native, id=11772, stack(0x0000002a23700000,0x0000002a23800000)]
  0x000001fbfab74210 JavaThread "stdout" [_thread_in_native, id=13684, stack(0x0000002a29700000,0x0000002a29800000)]
  0x000001fbfc324f00 JavaThread "WorkerExecutor Queue Thread 10" [_thread_in_Java, id=864, stack(0x0000002a20400000,0x0000002a20500000)]
  0x000001fbf9924f20 JavaThread "Unconstrained build operations Thread 74" [_thread_blocked, id=6692, stack(0x0000002a29800000,0x0000002a29900000)]
  0x000001fbf9921c80 JavaThread "Unconstrained build operations Thread 75" [_thread_blocked, id=14868, stack(0x0000002a29900000,0x0000002a29a00000)]
  0x000001fbfc712890 JavaThread "Unconstrained build operations Thread 76" [_thread_blocked, id=14980, stack(0x0000002a29a00000,0x0000002a29b00000)]
  0x000001fbf92fd7f0 JavaThread "Unconstrained build operations Thread 77" [_thread_blocked, id=9788, stack(0x0000002a29b00000,0x0000002a29c00000)]
  0x000001fbfc32b950 JavaThread "Unconstrained build operations Thread 78" [_thread_blocked, id=2420, stack(0x0000002a29c00000,0x0000002a29d00000)]
  0x000001fbfc32a000 JavaThread "Unconstrained build operations Thread 79" [_thread_blocked, id=13440, stack(0x0000002a29d00000,0x0000002a29e00000)]
  0x000001fbfc3295e0 JavaThread "Unconstrained build operations Thread 80" [_thread_blocked, id=11708, stack(0x0000002a29e00000,0x0000002a29f00000)]
=>0x000001fbfb7a79c0 JavaThread "C2 CompilerThread2" daemon [_thread_in_native, id=3472, stack(0x0000002a28c00000,0x0000002a28d00000)]
  0x000001fba980a9b0 JavaThread "ForkJoinPool-1-worker-1" daemon [_thread_in_native_trans, id=3528, stack(0x0000002a29f00000,0x0000002a2a000000)]
  0x000001fba980a4a0 JavaThread "ForkJoinPool-1-worker-2" daemon [_thread_blocked, id=1740, stack(0x0000002a2a000000,0x0000002a2a100000)]
  0x000001fbfc32a510 JavaThread "ForkJoinPool-1-worker-3" daemon [_thread_blocked, id=4928, stack(0x0000002a2a100000,0x0000002a2a200000)]
  0x000001fbacc7c1f0 JavaThread "ForkJoinPool-1-worker-4" daemon [_thread_blocked, id=4552, stack(0x0000002a2a200000,0x0000002a2a300000)]
  0x000001fba82cdf20 JavaThread "ForkJoinPool-1-worker-5" daemon [_thread_in_Java, id=6868, stack(0x0000002a2a300000,0x0000002a2a400000)]
  0x000001fba82cf870 JavaThread "ForkJoinPool-1-worker-6" daemon [_thread_blocked, id=14472, stack(0x0000002a2a400000,0x0000002a2a500000)]

Other Threads:
  0x000001fbc2527af0 VMThread "VM Thread" [stack: 0x0000002a1e900000,0x0000002a1ea00000] [id=9896]
  0x000001fbed233e60 WatcherThread [stack: 0x0000002a1f500000,0x0000002a1f600000] [id=14840]
  0x000001fbc28e1890 GCTaskThread "GC Thread#0" [stack: 0x0000002a1e800000,0x0000002a1e900000] [id=15268]
  0x000001fbed3fe970 GCTaskThread "GC Thread#1" [stack: 0x0000002a1f700000,0x0000002a1f800000] [id=8548]
  0x000001fbedc720a0 GCTaskThread "GC Thread#2" [stack: 0x0000002a1f800000,0x0000002a1f900000] [id=13660]
  0x000001fbedc72370 GCTaskThread "GC Thread#3" [stack: 0x0000002a1f900000,0x0000002a1fa00000] [id=14580]
  0x000001fbedc72640 GCTaskThread "GC Thread#4" [stack: 0x0000002a1fa00000,0x0000002a1fb00000] [id=15328]
  0x000001fbeef83720 GCTaskThread "GC Thread#5" [stack: 0x0000002a1ff00000,0x0000002a20000000] [id=11940]
  0x000001fbeea30bc0 GCTaskThread "GC Thread#6" [stack: 0x0000002a20000000,0x0000002a20100000] [id=11544]
  0x000001fbef160c10 GCTaskThread "GC Thread#7" [stack: 0x0000002a20100000,0x0000002a20200000] [id=4336]

Threads with active compile tasks:
C2 CompilerThread0  792072 51656 %     4       com.android.tools.r8.internal.l32::a @ 511 (974 bytes)
C2 CompilerThread1  792072 51637   !   4       com.android.tools.r8.internal.u20::a (948 bytes)
C2 CompilerThread2  792072 51633 %     4       com.android.tools.r8.internal.k41::a @ 1318 (2722 bytes)

VM state: not at safepoint (normal execution)

VM Mutex/Monitor currently owned by a thread: None

Heap address: 0x0000000680000000, size: 6144 MB, Compressed Oops mode: Zero based, Oop shift amount: 3

CDS archive(s) mapped at: [0x000001fb80000000-0x000001fb80bb0000-0x000001fb80bb0000), size 12255232, SharedBaseAddress: 0x000001fb80000000, ArchiveRelocationMode: 1.
Compressed class space mapped at: 0x000001fb81000000-0x000001fb9b000000, reserved size: 436207616
Narrow klass base: 0x000001fb80000000, Narrow klass shift: 0, Narrow klass range: 0x100000000

GC Precious Log:
 CPUs: 8 total, 8 available
 Memory: 7989M
 Large Page Support: Disabled
 NUMA Support: Disabled
 Compressed Oops: Enabled (Zero based)
 Alignments: Space 512K, Generation 512K, Heap 2M
 Heap Min Capacity: 256M
 Heap Initial Capacity: 256M
 Heap Max Capacity: 6G
 Pre-touch: Disabled
 Parallel Workers: 8

Heap:
 PSYoungGen      total 395264K, used 227598K [0x0000000780000000, 0x00000007a2680000, 0x0000000800000000)
  eden space 274432K, 45% used [0x0000000780000000,0x0000000787a51358,0x0000000790c00000)
  from space 120832K, 84% used [0x0000000790c00000,0x0000000796ff2560,0x0000000798200000)
  to   space 131584K, 0% used [0x000000079a600000,0x000000079a600000,0x00000007a2680000)
 ParOldGen       total 504320K, used 300045K [0x0000000680000000, 0x000000069ec80000, 0x0000000780000000)
  object space 504320K, 59% used [0x0000000680000000,0x0000000692503750,0x000000069ec80000)
 Metaspace       used 239304K, committed 241344K, reserved 688128K
  class space    used 30259K, committed 31232K, reserved 425984K

Card table byte_map: [0x000001fbd9440000,0x000001fbda050000] _byte_map_base: 0x000001fbd6040000

Marking Bits: (ParMarkBitMap*) 0x00007ff915514c40
 Begin Bits: [0x000001fbda850000, 0x000001fbe0850000)
 End Bits:   [0x000001fbe0850000, 0x000001fbe6850000)

Polling page: 0x000001fbc2080000

Metaspace:

Usage:
  Non-class:    204.15 MB used.
      Class:     29.55 MB used.
       Both:    233.70 MB used.

Virtual space:
  Non-class space:      256.00 MB reserved,     205.19 MB ( 80%) committed,  4 nodes.
      Class space:      416.00 MB reserved,      30.50 MB (  7%) committed,  1 nodes.
             Both:      672.00 MB reserved,     235.69 MB ( 35%) committed. 

Chunk freelists:
   Non-Class:  2.05 MB
       Class:  1.38 MB
        Both:  3.43 MB

MaxMetaspaceSize: 512.00 MB
CompressedClassSpaceSize: 416.00 MB
Initial GC threshold: 21.00 MB
Current GC threshold: 362.81 MB
CDS: on
MetaspaceReclaimPolicy: balanced
 - commit_granule_bytes: 65536.
 - commit_granule_words: 8192.
 - virtual_space_node_default_size: 8388608.
 - enlarge_chunks_in_place: 1.
 - new_chunks_are_fully_committed: 0.
 - uncommit_free_chunks: 1.
 - use_allocation_guard: 0.
 - handle_deallocations: 1.


Internal statistics:

num_allocs_failed_limit: 15.
num_arena_births: 3376.
num_arena_deaths: 78.
num_vsnodes_births: 5.
num_vsnodes_deaths: 0.
num_space_committed: 3788.
num_space_uncommitted: 21.
num_chunks_returned_to_freelist: 225.
num_chunks_taken_from_freelist: 14105.
num_chunk_merges: 58.
num_chunk_splits: 9193.
num_chunks_enlarged: 5985.
num_inconsistent_stats: 0.

CodeHeap 'non-profiled nmethods': size=120000Kb used=33083Kb max_used=33083Kb free=86916Kb
 bounds [0x000001fbd1f10000, 0x000001fbd3f60000, 0x000001fbd9440000]
CodeHeap 'profiled nmethods': size=120000Kb used=78582Kb max_used=78582Kb free=41417Kb
 bounds [0x000001fbca440000, 0x000001fbcf110000, 0x000001fbd1970000]
CodeHeap 'non-nmethods': size=5760Kb used=2783Kb max_used=2921Kb free=2976Kb
 bounds [0x000001fbd1970000, 0x000001fbd1c60000, 0x000001fbd1f10000]
 total_blobs=40069 nmethods=38672 adapters=1309
 compilation: enabled
              stopped_count=0, restarted_count=0
 full_count=0

Compilation events (20 events):
Event: 790.569 Thread 0x000001fbf02022f0 nmethod 51645 0x000001fbd3f4ee10 code [0x000001fbd3f4efc0, 0x000001fbd3f4f1b8]
Event: 790.569 Thread 0x000001fbf02022f0 51646       4       com.android.tools.r8.graph.sa::a (29 bytes)
Event: 790.572 Thread 0x000001fbf02022f0 nmethod 51646 0x000001fbd3f4f410 code [0x000001fbd3f4f5c0, 0x000001fbd3f4f718]
Event: 790.572 Thread 0x000001fbf02022f0 51644       4       com.android.tools.r8.internal.cc::a (429 bytes)
Event: 790.635 Thread 0x000001fbf02022f0 nmethod 51644 0x000001fbd3f4f910 code [0x000001fbd3f4fbc0, 0x000001fbd3f50fd0]
Event: 790.635 Thread 0x000001fbf02022f0 51637   !   4       com.android.tools.r8.internal.u20::a (948 bytes)
Event: 790.699 Thread 0x000001fbc297e280 51658       2       com.android.tools.r8.internal.y51::a (26 bytes)
Event: 790.700 Thread 0x000001fbc297e280 nmethod 51658 0x000001fbcf0f0510 code [0x000001fbcf0f06c0, 0x000001fbcf0f09b8]
Event: 790.972 Thread 0x000001fbc2979460 nmethod 51582 0x000001fbd3f51f10 code [0x000001fbd3f52560, 0x000001fbd3f58d70]
Event: 790.974 Thread 0x000001fbc2979460 51659       4       com.android.tools.r8.graph.k7::a (72 bytes)
Event: 790.981 Thread 0x000001fbc2979460 nmethod 51659 0x000001fbd3f5db90 code [0x000001fbd3f5dd20, 0x000001fbd3f5dfd8]
Event: 790.982 Thread 0x000001fbc2979460 51656 %     4       com.android.tools.r8.internal.l32::a @ 511 (974 bytes)
Event: 791.089 Thread 0x000001fbc297e280 51662       1       com.android.tools.r8.internal.ub4::e1 (2 bytes)
Event: 791.089 Thread 0x000001fbc297e280 nmethod 51662 0x000001fbd3f5e210 code [0x000001fbd3f5e3a0, 0x000001fbd3f5e478]
Event: 791.091 Thread 0x000001fbc297e280 51663       1       com.android.tools.r8.internal.ub4::r2 (3 bytes)
Event: 791.091 Thread 0x000001fbc297e280 nmethod 51663 0x000001fbd3f5e510 code [0x000001fbd3f5e6a0, 0x000001fbd3f5e778]
Event: 791.091 Thread 0x000001fbc297e280 51664       1       com.android.tools.r8.internal.ub4::q2 (3 bytes)
Event: 791.091 Thread 0x000001fbc297e280 nmethod 51664 0x000001fbd3f5e810 code [0x000001fbd3f5e9a0, 0x000001fbd3f5ea78]
Event: 791.774 Thread 0x000001fbc297e280 51672       2       org.gradle.util.internal.CollectionUtils::sort (12 bytes)
Event: 791.774 Thread 0x000001fbc297e280 nmethod 51672 0x000001fbcf0f0b10 code [0x000001fbcf0f0cc0, 0x000001fbcf0f0df8]

GC Heap History (20 events):
Event: 743.578 GC heap before
{Heap before GC invocations=78 (full 7):
 PSYoungGen      total 340480K, used 93405K [0x0000000780000000, 0x000000079d180000, 0x0000000800000000)
  eden space 239616K, 0% used [0x0000000780000000,0x0000000780000000,0x000000078ea00000)
  from space 100864K, 92% used [0x0000000795800000,0x000000079b337590,0x000000079ba80000)
  to   space 112640K, 0% used [0x000000078ea00000,0x000000078ea00000,0x0000000795800000)
 ParOldGen       total 504320K, used 447465K [0x0000000680000000, 0x000000069ec80000, 0x0000000780000000)
  object space 504320K, 88% used [0x0000000680000000,0x000000069b4fa450,0x000000069ec80000)
 Metaspace       used 222314K, committed 224256K, reserved 622592K
  class space    used 28741K, committed 29632K, reserved 425984K
}
Event: 747.143 GC heap after
{Heap after GC invocations=78 (full 7):
 PSYoungGen      total 340480K, used 0K [0x0000000780000000, 0x000000079d180000, 0x0000000800000000)
  eden space 239616K, 0% used [0x0000000780000000,0x0000000780000000,0x000000078ea00000)
  from space 100864K, 0% used [0x0000000795800000,0x0000000795800000,0x000000079ba80000)
  to   space 112640K, 0% used [0x000000078ea00000,0x000000078ea00000,0x0000000795800000)
 ParOldGen       total 504320K, used 294954K [0x0000000680000000, 0x000000069ec80000, 0x0000000780000000)
  object space 504320K, 58% used [0x0000000680000000,0x000000069200a8f0,0x000000069ec80000)
 Metaspace       used 220004K, committed 222912K, reserved 622592K
  class space    used 28491K, committed 29568K, reserved 425984K
}
Event: 757.624 GC heap before
{Heap before GC invocations=79 (full 7):
 PSYoungGen      total 340480K, used 239616K [0x0000000780000000, 0x000000079d180000, 0x0000000800000000)
  eden space 239616K, 100% used [0x0000000780000000,0x000000078ea00000,0x000000078ea00000)
  from space 100864K, 0% used [0x0000000795800000,0x0000000795800000,0x000000079ba80000)
  to   space 112640K, 0% used [0x000000078ea00000,0x000000078ea00000,0x0000000795800000)
 ParOldGen       total 504320K, used 294954K [0x0000000680000000, 0x000000069ec80000, 0x0000000780000000)
  object space 504320K, 58% used [0x0000000680000000,0x000000069200a8f0,0x000000069ec80000)
 Metaspace       used 225883K, committed 227776K, reserved 688128K
  class space    used 29095K, committed 30016K, reserved 425984K
}
Event: 757.647 GC heap after
{Heap after GC invocations=79 (full 7):
 PSYoungGen      total 352256K, used 17555K [0x0000000780000000, 0x000000079da00000, 0x0000000800000000)
  eden space 239616K, 0% used [0x0000000780000000,0x0000000780000000,0x000000078ea00000)
  from space 112640K, 15% used [0x000000078ea00000,0x000000078fb24c20,0x0000000795800000)
  to   space 112640K, 0% used [0x0000000796c00000,0x0000000796c00000,0x000000079da00000)
 ParOldGen       total 504320K, used 294962K [0x0000000680000000, 0x000000069ec80000, 0x0000000780000000)
  object space 504320K, 58% used [0x0000000680000000,0x000000069200c8f0,0x000000069ec80000)
 Metaspace       used 225883K, committed 227776K, reserved 688128K
  class space    used 29095K, committed 30016K, reserved 425984K
}
Event: 760.989 GC heap before
{Heap before GC invocations=80 (full 7):
 PSYoungGen      total 352256K, used 257171K [0x0000000780000000, 0x000000079da00000, 0x0000000800000000)
  eden space 239616K, 100% used [0x0000000780000000,0x000000078ea00000,0x000000078ea00000)
  from space 112640K, 15% used [0x000000078ea00000,0x000000078fb24c20,0x0000000795800000)
  to   space 112640K, 0% used [0x0000000796c00000,0x0000000796c00000,0x000000079da00000)
 ParOldGen       total 504320K, used 294962K [0x0000000680000000, 0x000000069ec80000, 0x0000000780000000)
  object space 504320K, 58% used [0x0000000680000000,0x000000069200c8f0,0x000000069ec80000)
 Metaspace       used 230066K, committed 231936K, reserved 688128K
  class space    used 29470K, committed 30336K, reserved 425984K
}
Event: 761.022 GC heap after
{Heap after GC invocations=80 (full 7):
 PSYoungGen      total 359424K, used 41662K [0x0000000780000000, 0x000000079ce80000, 0x0000000800000000)
  eden space 258560K, 0% used [0x0000000780000000,0x0000000780000000,0x000000078fc80000)
  from space 100864K, 41% used [0x0000000796c00000,0x00000007994afa60,0x000000079ce80000)
  to   space 107520K, 0% used [0x000000078fc80000,0x000000078fc80000,0x0000000796580000)
 ParOldGen       total 504320K, used 294970K [0x0000000680000000, 0x000000069ec80000, 0x0000000780000000)
  object space 504320K, 58% used [0x0000000680000000,0x000000069200e8f0,0x000000069ec80000)
 Metaspace       used 230066K, committed 231936K, reserved 688128K
  class space    used 29470K, committed 30336K, reserved 425984K
}
Event: 767.072 GC heap before
{Heap before GC invocations=81 (full 7):
 PSYoungGen      total 359424K, used 300222K [0x0000000780000000, 0x000000079ce80000, 0x0000000800000000)
  eden space 258560K, 100% used [0x0000000780000000,0x000000078fc80000,0x000000078fc80000)
  from space 100864K, 41% used [0x0000000796c00000,0x00000007994afa60,0x000000079ce80000)
  to   space 107520K, 0% used [0x000000078fc80000,0x000000078fc80000,0x0000000796580000)
 ParOldGen       total 504320K, used 294970K [0x0000000680000000, 0x000000069ec80000, 0x0000000780000000)
  object space 504320K, 58% used [0x0000000680000000,0x000000069200e8f0,0x000000069ec80000)
 Metaspace       used 231588K, committed 233472K, reserved 688128K
  class space    used 29586K, committed 30464K, reserved 425984K
}
Event: 767.115 GC heap after
{Heap after GC invocations=81 (full 7):
 PSYoungGen      total 366080K, used 44072K [0x0000000780000000, 0x000000079d600000, 0x0000000800000000)
  eden space 258560K, 0% used [0x0000000780000000,0x0000000780000000,0x000000078fc80000)
  from space 107520K, 40% used [0x000000078fc80000,0x000000079278a3d0,0x0000000796580000)
  to   space 102400K, 0% used [0x0000000797200000,0x0000000797200000,0x000000079d600000)
 ParOldGen       total 504320K, used 294978K [0x0000000680000000, 0x000000069ec80000, 0x0000000780000000)
  object space 504320K, 58% used [0x0000000680000000,0x00000006920108f0,0x000000069ec80000)
 Metaspace       used 231588K, committed 233472K, reserved 688128K
  class space    used 29586K, committed 30464K, reserved 425984K
}
Event: 773.064 GC heap before
{Heap before GC invocations=82 (full 7):
 PSYoungGen      total 366080K, used 302632K [0x0000000780000000, 0x000000079d600000, 0x0000000800000000)
  eden space 258560K, 100% used [0x0000000780000000,0x000000078fc80000,0x000000078fc80000)
  from space 107520K, 40% used [0x000000078fc80000,0x000000079278a3d0,0x0000000796580000)
  to   space 102400K, 0% used [0x0000000797200000,0x0000000797200000,0x000000079d600000)
 ParOldGen       total 504320K, used 294978K [0x0000000680000000, 0x000000069ec80000, 0x0000000780000000)
  object space 504320K, 58% used [0x0000000680000000,0x00000006920108f0,0x000000069ec80000)
 Metaspace       used 232984K, committed 234880K, reserved 688128K
  class space    used 29651K, committed 30528K, reserved 425984K
}
Event: 773.105 GC heap after
{Heap after GC invocations=82 (full 7):
 PSYoungGen      total 369664K, used 53771K [0x0000000780000000, 0x000000079ce80000, 0x0000000800000000)
  eden space 274944K, 0% used [0x0000000780000000,0x0000000780000000,0x0000000790c80000)
  from space 94720K, 56% used [0x0000000797200000,0x000000079a682db0,0x000000079ce80000)
  to   space 99328K, 0% used [0x0000000790c80000,0x0000000790c80000,0x0000000796d80000)
 ParOldGen       total 504320K, used 295069K [0x0000000680000000, 0x000000069ec80000, 0x0000000780000000)
  object space 504320K, 58% used [0x0000000680000000,0x0000000692027500,0x000000069ec80000)
 Metaspace       used 232984K, committed 234880K, reserved 688128K
  class space    used 29651K, committed 30528K, reserved 425984K
}
Event: 776.282 GC heap before
{Heap before GC invocations=83 (full 7):
 PSYoungGen      total 369664K, used 328715K [0x0000000780000000, 0x000000079ce80000, 0x0000000800000000)
  eden space 274944K, 100% used [0x0000000780000000,0x0000000790c80000,0x0000000790c80000)
  from space 94720K, 56% used [0x0000000797200000,0x000000079a682db0,0x000000079ce80000)
  to   space 99328K, 0% used [0x0000000790c80000,0x0000000790c80000,0x0000000796d80000)
 ParOldGen       total 504320K, used 295069K [0x0000000680000000, 0x000000069ec80000, 0x0000000780000000)
  object space 504320K, 58% used [0x0000000680000000,0x0000000692027500,0x000000069ec80000)
 Metaspace       used 234099K, committed 236032K, reserved 688128K
  class space    used 29759K, committed 30656K, reserved 425984K
}
Event: 776.324 GC heap after
{Heap after GC invocations=83 (full 7):
 PSYoungGen      total 374272K, used 42464K [0x0000000780000000, 0x000000079d780000, 0x0000000800000000)
  eden space 274944K, 0% used [0x0000000780000000,0x0000000780000000,0x0000000790c80000)
  from space 99328K, 42% used [0x0000000790c80000,0x00000007935f8330,0x0000000796d80000)
  to   space 95232K, 0% used [0x0000000797a80000,0x0000000797a80000,0x000000079d780000)
 ParOldGen       total 504320K, used 295077K [0x0000000680000000, 0x000000069ec80000, 0x0000000780000000)
  object space 504320K, 58% used [0x0000000680000000,0x0000000692029500,0x000000069ec80000)
 Metaspace       used 234099K, committed 236032K, reserved 688128K
  class space    used 29759K, committed 30656K, reserved 425984K
}
Event: 781.738 GC heap before
{Heap before GC invocations=84 (full 7):
 PSYoungGen      total 374272K, used 317408K [0x0000000780000000, 0x000000079d780000, 0x0000000800000000)
  eden space 274944K, 100% used [0x0000000780000000,0x0000000790c80000,0x0000000790c80000)
  from space 99328K, 42% used [0x0000000790c80000,0x00000007935f8330,0x0000000796d80000)
  to   space 95232K, 0% used [0x0000000797a80000,0x0000000797a80000,0x000000079d780000)
 ParOldGen       total 504320K, used 295077K [0x0000000680000000, 0x000000069ec80000, 0x0000000780000000)
  object space 504320K, 58% used [0x0000000680000000,0x0000000692029500,0x000000069ec80000)
 Metaspace       used 236845K, committed 238848K, reserved 688128K
  class space    used 29998K, committed 30976K, reserved 425984K
}
Event: 781.771 GC heap after
{Heap after GC invocations=84 (full 7):
 PSYoungGen      total 381440K, used 28232K [0x0000000780000000, 0x000000079d300000, 0x0000000800000000)
  eden space 290816K, 0% used [0x0000000780000000,0x0000000780000000,0x0000000791c00000)
  from space 90624K, 31% used [0x0000000797a80000,0x00000007996122f8,0x000000079d300000)
  to   space 93696K, 0% used [0x0000000791c00000,0x0000000791c00000,0x0000000797780000)
 ParOldGen       total 504320K, used 295085K [0x0000000680000000, 0x000000069ec80000, 0x0000000780000000)
  object space 504320K, 58% used [0x0000000680000000,0x000000069202b500,0x000000069ec80000)
 Metaspace       used 236845K, committed 238848K, reserved 688128K
  class space    used 29998K, committed 30976K, reserved 425984K
}
Event: 783.697 GC heap before
{Heap before GC invocations=85 (full 7):
 PSYoungGen      total 381440K, used 319048K [0x0000000780000000, 0x000000079d300000, 0x0000000800000000)
  eden space 290816K, 100% used [0x0000000780000000,0x0000000791c00000,0x0000000791c00000)
  from space 90624K, 31% used [0x0000000797a80000,0x00000007996122f8,0x000000079d300000)
  to   space 93696K, 0% used [0x0000000791c00000,0x0000000791c00000,0x0000000797780000)
 ParOldGen       total 504320K, used 295092K [0x0000000680000000, 0x000000069ec80000, 0x0000000780000000)
  object space 504320K, 58% used [0x0000000680000000,0x000000069202d020,0x000000069ec80000)
 Metaspace       used 237623K, committed 239616K, reserved 688128K
  class space    used 30085K, committed 31040K, reserved 425984K
}
Event: 783.766 GC heap after
{Heap after GC invocations=85 (full 7):
 PSYoungGen      total 384512K, used 86941K [0x0000000780000000, 0x000000079e800000, 0x0000000800000000)
  eden space 290816K, 0% used [0x0000000780000000,0x0000000780000000,0x0000000791c00000)
  from space 93696K, 92% used [0x0000000791c00000,0x00000007970e75d8,0x0000000797780000)
  to   space 104448K, 0% used [0x0000000798200000,0x0000000798200000,0x000000079e800000)
 ParOldGen       total 504320K, used 295100K [0x0000000680000000, 0x000000069ec80000, 0x0000000780000000)
  object space 504320K, 58% used [0x0000000680000000,0x000000069202f020,0x000000069ec80000)
 Metaspace       used 237623K, committed 239616K, reserved 688128K
  class space    used 30085K, committed 31040K, reserved 425984K
}
Event: 785.516 GC heap before
{Heap before GC invocations=86 (full 7):
 PSYoungGen      total 384512K, used 377757K [0x0000000780000000, 0x000000079e800000, 0x0000000800000000)
  eden space 290816K, 100% used [0x0000000780000000,0x0000000791c00000,0x0000000791c00000)
  from space 93696K, 92% used [0x0000000791c00000,0x00000007970e75d8,0x0000000797780000)
  to   space 104448K, 0% used [0x0000000798200000,0x0000000798200000,0x000000079e800000)
 ParOldGen       total 504320K, used 295191K [0x0000000680000000, 0x000000069ec80000, 0x0000000780000000)
  object space 504320K, 58% used [0x0000000680000000,0x0000000692045f78,0x000000069ec80000)
 Metaspace       used 238576K, committed 240576K, reserved 688128K
  class space    used 30187K, committed 31168K, reserved 425984K
}
Event: 785.629 GC heap after
{Heap after GC invocations=86 (full 7):
 PSYoungGen      total 378880K, used 104425K [0x0000000780000000, 0x00000007a0800000, 0x0000000800000000)
  eden space 274432K, 0% used [0x0000000780000000,0x0000000780000000,0x0000000790c00000)
  from space 104448K, 99% used [0x0000000798200000,0x000000079e7fa4d0,0x000000079e800000)
  to   space 120832K, 0% used [0x0000000790c00000,0x0000000790c00000,0x0000000798200000)
 ParOldGen       total 504320K, used 300035K [0x0000000680000000, 0x000000069ec80000, 0x0000000780000000)
  object space 504320K, 59% used [0x0000000680000000,0x0000000692500fa0,0x000000069ec80000)
 Metaspace       used 238576K, committed 240576K, reserved 688128K
  class space    used 30187K, committed 31168K, reserved 425984K
}
Event: 789.727 GC heap before
{Heap before GC invocations=87 (full 7):
 PSYoungGen      total 378880K, used 378857K [0x0000000780000000, 0x00000007a0800000, 0x0000000800000000)
  eden space 274432K, 100% used [0x0000000780000000,0x0000000790c00000,0x0000000790c00000)
  from space 104448K, 99% used [0x0000000798200000,0x000000079e7fa4d0,0x000000079e800000)
  to   space 120832K, 0% used [0x0000000790c00000,0x0000000790c00000,0x0000000798200000)
 ParOldGen       total 504320K, used 300037K [0x0000000680000000, 0x000000069ec80000, 0x0000000780000000)
  object space 504320K, 59% used [0x0000000680000000,0x0000000692501750,0x000000069ec80000)
 Metaspace       used 239080K, committed 241088K, reserved 688128K
  class space    used 30234K, committed 31232K, reserved 425984K
}
Event: 789.795 GC heap after
{Heap after GC invocations=87 (full 7):
 PSYoungGen      total 395264K, used 102345K [0x0000000780000000, 0x00000007a2680000, 0x0000000800000000)
  eden space 274432K, 0% used [0x0000000780000000,0x0000000780000000,0x0000000790c00000)
  from space 120832K, 84% used [0x0000000790c00000,0x0000000796ff2560,0x0000000798200000)
  to   space 131584K, 0% used [0x000000079a600000,0x000000079a600000,0x00000007a2680000)
 ParOldGen       total 504320K, used 300045K [0x0000000680000000, 0x000000069ec80000, 0x0000000780000000)
  object space 504320K, 59% used [0x0000000680000000,0x0000000692503750,0x000000069ec80000)
 Metaspace       used 239080K, committed 241088K, reserved 688128K
  class space    used 30234K, committed 31232K, reserved 425984K
}

Dll operation events (20 events):
Event: 0.168 Loaded shared library S:\Jdk\bin\instrument.dll
Event: 0.179 Loaded shared library S:\Jdk\bin\net.dll
Event: 0.182 Loaded shared library S:\Jdk\bin\nio.dll
Event: 0.185 Loaded shared library S:\Jdk\bin\zip.dll
Event: 0.565 Loaded shared library S:\Jdk\bin\jimage.dll
Event: 0.877 Loaded shared library S:\Jdk\bin\verify.dll
Event: 1.159 Loaded shared library S:\ArStudio\native\1def1411415f61bf3af743bc5b6707747c0891f09f0c88961ee8f79bc544acac\windows-amd64\native-platform.dll
Event: 1.191 Loaded shared library S:\ArStudio\native\0.2.7\x86_64-windows-gnu\gradle-fileevents.dll
Event: 2.785 Loaded shared library S:\Jdk\bin\management.dll
Event: 2.791 Loaded shared library S:\Jdk\bin\management_ext.dll
Event: 3.309 Loaded shared library S:\Jdk\bin\extnet.dll
Event: 3.830 Loaded shared library S:\Jdk\bin\sunmscapi.dll
Event: 96.820 Loaded shared library S:\Jdk\bin\awt.dll
Event: 102.697 Loaded shared library C:\Users\Administrator\AppData\Local\Temp\sqlite-3.41.2.2-36ae50de-a879-4f3b-9d99-aa1c4829ec0b-sqlitejdbc.dll
Event: 106.454 Loaded shared library S:\Jdk\bin\rmi.dll
Event: 143.383 Loaded shared library C:\Users\Administrator\AppData\Local\Temp\sqlite-3.41.2.2-e89e7012-4fe6-4307-8b4b-6529851d0a3f-sqlitejdbc.dll
Event: 144.208 Loaded shared library C:\Users\Administrator\AppData\Local\Temp\sqlite-3.41.2.2-f1e15853-2729-493b-9002-9901956ace8a-sqlitejdbc.dll
Event: 747.193 Unloaded dll "C:\Users\Administrator\AppData\Local\Temp\sqlite-3.41.2.2-f1e15853-2729-493b-9002-9901956ace8a-sqlitejdbc.dll" [0x00007ff920270000]
Event: 747.195 Unloaded dll "C:\Users\Administrator\AppData\Local\Temp\sqlite-3.41.2.2-e89e7012-4fe6-4307-8b4b-6529851d0a3f-sqlitejdbc.dll" [0x00007ff93f610000]
Event: 747.198 Unloaded dll "C:\Users\Administrator\AppData\Local\Temp\sqlite-3.41.2.2-36ae50de-a879-4f3b-9d99-aa1c4829ec0b-sqlitejdbc.dll" [0x00007ff944a10000]

Deoptimization events (20 events):
Event: 790.511 Thread 0x000001fbf9922bb0 DEOPT PACKING pc=0x000001fbcf09decc sp=0x0000002a24cfd570
Event: 790.511 Thread 0x000001fbf9922bb0 DEOPT UNPACKING pc=0x000001fbd19c6e43 sp=0x0000002a24cfca80 mode 0
Event: 790.513 Thread 0x000001fbf9922bb0 DEOPT PACKING pc=0x000001fbcf09deab sp=0x0000002a24cfd580
Event: 790.513 Thread 0x000001fbf9922bb0 DEOPT UNPACKING pc=0x000001fbd19c6e43 sp=0x0000002a24cfca90 mode 0
Event: 790.514 Thread 0x000001fbf9922bb0 DEOPT PACKING pc=0x000001fbcf09deab sp=0x0000002a24cfd560
Event: 790.515 Thread 0x000001fbf9922bb0 DEOPT UNPACKING pc=0x000001fbd19c6e43 sp=0x0000002a24cfca70 mode 0
Event: 790.549 Thread 0x000001fbf9922bb0 DEOPT PACKING pc=0x000001fbcf09deab sp=0x0000002a24cfd590
Event: 790.549 Thread 0x000001fbf9922bb0 DEOPT UNPACKING pc=0x000001fbd19c6e43 sp=0x0000002a24cfcaa0 mode 0
Event: 790.619 Thread 0x000001fbf9922bb0 DEOPT PACKING pc=0x000001fbcf09decc sp=0x0000002a24cfd560
Event: 790.619 Thread 0x000001fbf9922bb0 DEOPT UNPACKING pc=0x000001fbd19c6e43 sp=0x0000002a24cfca70 mode 0
Event: 790.634 Thread 0x000001fbf9922bb0 DEOPT PACKING pc=0x000001fbcf09decc sp=0x0000002a24cfd570
Event: 790.634 Thread 0x000001fbf9922bb0 DEOPT UNPACKING pc=0x000001fbd19c6e43 sp=0x0000002a24cfca80 mode 0
Event: 790.635 Thread 0x000001fbf9922bb0 DEOPT PACKING pc=0x000001fbcf09deab sp=0x0000002a24cfd580
Event: 790.635 Thread 0x000001fbf9922bb0 DEOPT UNPACKING pc=0x000001fbd19c6e43 sp=0x0000002a24cfca90 mode 0
Event: 790.638 Thread 0x000001fbf9922bb0 DEOPT PACKING pc=0x000001fbcf09deab sp=0x0000002a24cfd540
Event: 790.638 Thread 0x000001fbf9922bb0 DEOPT UNPACKING pc=0x000001fbd19c6e43 sp=0x0000002a24cfca50 mode 0
Event: 791.045 Thread 0x000001fbf9922bb0 DEOPT PACKING pc=0x000001fbcf09deab sp=0x0000002a24cfd560
Event: 791.045 Thread 0x000001fbf9922bb0 DEOPT UNPACKING pc=0x000001fbd19c6e43 sp=0x0000002a24cfca70 mode 0
Event: 791.060 Thread 0x000001fbf9922bb0 DEOPT PACKING pc=0x000001fbcf09deab sp=0x0000002a24cfd590
Event: 791.060 Thread 0x000001fbf9922bb0 DEOPT UNPACKING pc=0x000001fbd19c6e43 sp=0x0000002a24cfcaa0 mode 0

Classes loaded (20 events):
Event: 774.402 Loading class java/util/concurrent/ConcurrentHashMap$TreeNode
Event: 774.403 Loading class java/util/concurrent/ConcurrentHashMap$TreeNode done
Event: 774.403 Loading class java/util/concurrent/ConcurrentHashMap$TreeBin
Event: 774.404 Loading class java/util/concurrent/ConcurrentHashMap$TreeBin done
Event: 779.204 Loading class java/util/Collections$UnmodifiableList$1
Event: 779.205 Loading class java/util/Collections$UnmodifiableList$1 done
Event: 780.446 Loading class sun/nio/cs/UTF_16$Encoder
Event: 780.447 Loading class sun/nio/cs/UnicodeEncoder
Event: 780.447 Loading class sun/nio/cs/UnicodeEncoder done
Event: 780.447 Loading class sun/nio/cs/UTF_16$Encoder done
Event: 780.463 Loading class sun/nio/cs/UTF_16$Decoder
Event: 780.463 Loading class sun/nio/cs/UTF_16$Decoder done
Event: 780.996 Loading class java/util/concurrent/Executors$DelegatedScheduledExecutorService
Event: 780.997 Loading class java/util/concurrent/Executors$DelegatedExecutorService
Event: 781.005 Loading class java/util/concurrent/Executors$DelegatedExecutorService done
Event: 781.005 Loading class java/util/concurrent/Executors$DelegatedScheduledExecutorService done
Event: 784.624 Loading class java/util/zip/ZipOutputStream$XEntry
Event: 784.625 Loading class java/util/zip/ZipOutputStream$XEntry done
Event: 791.173 Loading class java/util/concurrent/ForkJoinPool$DefaultForkJoinWorkerThreadFactory$1
Event: 791.173 Loading class java/util/concurrent/ForkJoinPool$DefaultForkJoinWorkerThreadFactory$1 done

Classes unloaded (20 events):
Event: 744.091 Thread 0x000001fbc2527af0 Unloading class 0x000001fb823ba768 'androidx/room/compiler/processing/ksp/KspProcessingEnv$jvmVersion$2'
Event: 744.091 Thread 0x000001fbc2527af0 Unloading class 0x000001fb823ba338 'androidx/room/compiler/processing/XProcessingEnv$Platform'
Event: 744.091 Thread 0x000001fbc2527af0 Unloading class 0x000001fb823ba0f8 'androidx/room/compiler/processing/ksp/KspProcessingEnv$jvmPlatformInfo$2'
Event: 744.091 Thread 0x000001fbc2527af0 Unloading class 0x000001fb823b9cc8 'androidx/room/compiler/processing/XProcessingEnv$Backend'
Event: 744.091 Thread 0x000001fbc2527af0 Unloading class 0x000001fb823b9ac8 'androidx/room/compiler/processing/XProcessingEnv$Companion'
Event: 744.092 Thread 0x000001fbc2527af0 Unloading class 0x000001fb823b9738 'androidx/room/compiler/processing/ksp/KspProcessingEnv'
Event: 744.092 Thread 0x000001fbc2527af0 Unloading class 0x000001fb823b9540 'androidx/room/compiler/processing/XProcessingEnv'
Event: 744.092 Thread 0x000001fbc2527af0 Unloading class 0x000001fb823b9300 'androidx/room/compiler/processing/ksp/KspBasicAnnotationProcessor$DelegateLogger'
Event: 744.092 Thread 0x000001fbc2527af0 Unloading class 0x000001fb823b8ec8 'androidx/room/processor/Context$BooleanProcessorOptions'
Event: 744.092 Thread 0x000001fbc2527af0 Unloading class 0x000001fb823b8cc0 'androidx/room/compiler/processing/XProcessingEnvConfig$Builder'
Event: 744.092 Thread 0x000001fbc2527af0 Unloading class 0x000001fb823b8ac0 'androidx/room/compiler/processing/XProcessingEnvConfig$Companion'
Event: 744.092 Thread 0x000001fbc2527af0 Unloading class 0x000001fb823b88c0 'androidx/room/compiler/processing/XProcessingEnvConfig'
Event: 744.092 Thread 0x000001fbc2527af0 Unloading class 0x000001fb823b86c0 'androidx/room/DatabaseProcessingStep$Companion'
Event: 744.092 Thread 0x000001fbc2527af0 Unloading class 0x000001fb823b8480 'androidx/room/DatabaseProcessingStep'
Event: 744.092 Thread 0x000001fbc2527af0 Unloading class 0x000001fb823b8288 'androidx/room/compiler/processing/XProcessingStep'
Event: 744.092 Thread 0x000001fbc2527af0 Unloading class 0x000001fb823b8000 'androidx/room/RoomKspProcessor'
Event: 744.092 Thread 0x000001fbc2527af0 Unloading class 0x000001fb823b5c00 'androidx/room/compiler/processing/ksp/KspBasicAnnotationProcessor'
Event: 744.092 Thread 0x000001fbc2527af0 Unloading class 0x000001fb81f0d430 'androidx/room/compiler/processing/XBasicAnnotationProcessor'
Event: 744.092 Thread 0x000001fbc2527af0 Unloading class 0x000001fb81f0d218 'com/bumptech/glide/annotation/ksp/GlideSymbolProcessorProvider'
Event: 744.092 Thread 0x000001fbc2527af0 Unloading class 0x000001fb81f0d000 'androidx/room/RoomKspProcessor$Provider'

Classes redefined (0 events):
No events

Internal exceptions (20 events):
Event: 788.740 Thread 0x000001fbf9922bb0 Exception <a 'sun/nio/fs/WindowsException'{0x0000000782d52f20}> (0x0000000782d52f20) 
thrown [s\src\hotspot\share\prims\jni.cpp, line 516]
Event: 788.778 Thread 0x000001fbfb3dc490 Exception <a 'sun/nio/fs/WindowsException'{0x00000007898dc4b8}> (0x00000007898dc4b8) 
thrown [s\src\hotspot\share\prims\jni.cpp, line 516]
Event: 788.779 Thread 0x000001fbfb3dc490 Exception <a 'sun/nio/fs/WindowsException'{0x00000007898dd3c0}> (0x00000007898dd3c0) 
thrown [s\src\hotspot\share\prims\jni.cpp, line 516]
Event: 788.779 Thread 0x000001fbfb3dc490 Exception <a 'sun/nio/fs/WindowsException'{0x00000007898ddda8}> (0x00000007898ddda8) 
thrown [s\src\hotspot\share\prims\jni.cpp, line 516]
Event: 788.781 Thread 0x000001fbf98457c0 Exception <a 'sun/nio/fs/WindowsException'{0x0000000781b353a0}> (0x0000000781b353a0) 
thrown [s\src\hotspot\share\prims\jni.cpp, line 516]
Event: 788.799 Thread 0x000001fbadefe080 Exception <a 'sun/nio/fs/WindowsException'{0x000000078c055970}> (0x000000078c055970) 
thrown [s\src\hotspot\share\prims\jni.cpp, line 516]
Event: 788.800 Thread 0x000001fbadefe080 Exception <a 'sun/nio/fs/WindowsException'{0x000000078c056298}> (0x000000078c056298) 
thrown [s\src\hotspot\share\prims\jni.cpp, line 516]
Event: 788.800 Thread 0x000001fbadefe080 Exception <a 'sun/nio/fs/WindowsException'{0x000000078c0571a0}> (0x000000078c0571a0) 
thrown [s\src\hotspot\share\prims\jni.cpp, line 516]
Event: 788.801 Thread 0x000001fbadefe080 Exception <a 'sun/nio/fs/WindowsException'{0x000000078c057b88}> (0x000000078c057b88) 
thrown [s\src\hotspot\share\prims\jni.cpp, line 516]
Event: 788.841 Thread 0x000001fbf98466f0 Exception <a 'sun/nio/fs/WindowsException'{0x0000000781bf54c0}> (0x0000000781bf54c0) 
thrown [s\src\hotspot\share\prims\jni.cpp, line 516]
Event: 788.841 Thread 0x000001fbf98466f0 Exception <a 'sun/nio/fs/WindowsException'{0x0000000781bf5de8}> (0x0000000781bf5de8) 
thrown [s\src\hotspot\share\prims\jni.cpp, line 516]
Event: 788.843 Thread 0x000001fbf98466f0 Exception <a 'sun/nio/fs/WindowsException'{0x0000000781bf6cf0}> (0x0000000781bf6cf0) 
thrown [s\src\hotspot\share\prims\jni.cpp, line 516]
Event: 788.844 Thread 0x000001fbf98466f0 Exception <a 'sun/nio/fs/WindowsException'{0x0000000781bf76d8}> (0x0000000781bf76d8) 
thrown [s\src\hotspot\share\prims\jni.cpp, line 516]
Event: 790.369 Thread 0x000001fbfc324f00 Implicit null exception at 0x000001fbd3f31115 to 0x000001fbd3f35f9c
Event: 790.418 Thread 0x000001fbadf003f0 Exception <a 'sun/nio/fs/WindowsException'{0x0000000784acce28}> (0x0000000784acce28) 
thrown [s\src\hotspot\share\prims\jni.cpp, line 516]
Event: 790.424 Thread 0x000001fbadf003f0 Exception <a 'sun/nio/fs/WindowsException'{0x0000000784b14008}> (0x0000000784b14008) 
thrown [s\src\hotspot\share\prims\jni.cpp, line 516]
Event: 790.456 Thread 0x000001fbadf003f0 Exception <a 'sun/nio/fs/WindowsException'{0x0000000784d192c0}> (0x0000000784d192c0) 
thrown [s\src\hotspot\share\prims\jni.cpp, line 516]
Event: 790.456 Thread 0x000001fbadf003f0 Exception <a 'sun/nio/fs/WindowsException'{0x0000000784d1a1b8}> (0x0000000784d1a1b8) 
thrown [s\src\hotspot\share\prims\jni.cpp, line 516]
Event: 790.456 Thread 0x000001fbadf003f0 Exception <a 'sun/nio/fs/WindowsException'{0x0000000784d1a378}> (0x0000000784d1a378) 
thrown [s\src\hotspot\share\prims\jni.cpp, line 516]
Event: 790.457 Thread 0x000001fbadf003f0 Exception <a 'sun/nio/fs/WindowsException'{0x0000000784d1b890}> (0x0000000784d1b890) 
thrown [s\src\hotspot\share\prims\jni.cpp, line 516]

VM Operations (20 events):
Event: 785.260 Executing VM operation: ICBufferFull
Event: 785.268 Executing VM operation: ICBufferFull done
Event: 785.496 Executing VM operation: ParallelGCFailedAllocation
Event: 785.512 Executing VM operation: ParallelGCFailedAllocation done
Event: 785.515 Executing VM operation: ParallelGCSystemGC
Event: 785.629 Executing VM operation: ParallelGCSystemGC done
Event: 786.629 Executing VM operation: Cleanup
Event: 786.762 Executing VM operation: Cleanup done
Event: 786.879 Executing VM operation: HandshakeAllThreads
Event: 786.961 Executing VM operation: HandshakeAllThreads done
Event: 787.962 Executing VM operation: Cleanup
Event: 787.965 Executing VM operation: Cleanup done
Event: 788.965 Executing VM operation: Cleanup
Event: 788.982 Executing VM operation: Cleanup done
Event: 789.722 Executing VM operation: ParallelGCFailedAllocation
Event: 789.795 Executing VM operation: ParallelGCFailedAllocation done
Event: 790.518 Executing VM operation: ICBufferFull
Event: 790.535 Executing VM operation: ICBufferFull done
Event: 791.535 Executing VM operation: Cleanup
Event: 791.992 Executing VM operation: Cleanup done

Memory protections (0 events):
No events

Nmethod flushes (20 events):
Event: 783.855 Thread 0x000001fbed00a480 flushing  nmethod 0x000001fbceef9210
Event: 783.855 Thread 0x000001fbed00a480 flushing  nmethod 0x000001fbceefb190
Event: 783.855 Thread 0x000001fbed00a480 flushing  nmethod 0x000001fbceefbb90
Event: 783.855 Thread 0x000001fbed00a480 flushing  nmethod 0x000001fbceefe990
Event: 783.855 Thread 0x000001fbed00a480 flushing  nmethod 0x000001fbceeff110
Event: 783.855 Thread 0x000001fbed00a480 flushing  nmethod 0x000001fbceeff610
Event: 783.856 Thread 0x000001fbed00a480 flushing  nmethod 0x000001fbcef72a90
Event: 783.857 Thread 0x000001fbed00a480 flushing  nmethod 0x000001fbcefb9b10
Event: 786.963 Thread 0x000001fbed00a480 flushing  nmethod 0x000001fbd20fce10
Event: 786.964 Thread 0x000001fbed00a480 flushing  nmethod 0x000001fbd21c8990
Event: 786.965 Thread 0x000001fbed00a480 flushing  nmethod 0x000001fbd2366510
Event: 786.975 Thread 0x000001fbed00a480 flushing  nmethod 0x000001fbd2f70090
Event: 786.982 Thread 0x000001fbed00a480 flushing  nmethod 0x000001fbd3a4f810
Event: 787.040 Thread 0x000001fbed00a480 flushing  nmethod 0x000001fbcd245c10
Event: 787.064 Thread 0x000001fbed00a480 flushing  nmethod 0x000001fbce996390
Event: 787.065 Thread 0x000001fbed00a480 flushing  nmethod 0x000001fbceb1be90
Event: 787.065 Thread 0x000001fbed00a480 flushing  nmethod 0x000001fbceb1c390
Event: 787.065 Thread 0x000001fbed00a480 flushing  nmethod 0x000001fbceb22d10
Event: 787.066 Thread 0x000001fbed00a480 flushing  nmethod 0x000001fbcebe2790
Event: 787.071 Thread 0x000001fbed00a480 flushing  nmethod 0x000001fbcefae910

Events (20 events):
Event: 781.007 Thread 0x000001fbadefe590 Thread added: 0x000001fbfab76580
Event: 781.037 Thread 0x000001fbadefe590 Thread added: 0x000001fbacc7b7d0
Event: 781.038 Thread 0x000001fbadefe590 Thread added: 0x000001fbacc7c700
Event: 781.194 Thread 0x000001fbfb3dbf80 Thread exited: 0x000001fbfb3dbf80
Event: 781.369 Thread 0x000001fbf9922bb0 Thread added: 0x000001fbfab75140
Event: 781.369 Thread 0x000001fbf9922bb0 Thread added: 0x000001fbfab74210
Event: 781.487 Thread 0x000001fbfc712890 Thread exited: 0x000001fbfc712890
Event: 781.509 Thread 0x000001fbfc3fa950 Thread added: 0x000001fbfc324f00
Event: 781.916 Thread 0x000001fbadefdb70 Thread added: 0x000001fbf9924f20
Event: 781.919 Thread 0x000001fbadefdb70 Thread added: 0x000001fbf9921c80
Event: 781.920 Thread 0x000001fbadefdb70 Thread added: 0x000001fbfc712890
Event: 781.921 Thread 0x000001fbadefdb70 Thread added: 0x000001fbf92fd7f0
Event: 781.944 Thread 0x000001fbadefdb70 Thread added: 0x000001fbfc32b950
Event: 781.944 Thread 0x000001fbadefdb70 Thread added: 0x000001fbfc32a000
Event: 781.944 Thread 0x000001fbadefdb70 Thread added: 0x000001fbfc3295e0
Event: 782.547 Thread 0x000001fbfb7ab430 Thread exited: 0x000001fbfb7ab430
Event: 782.647 Thread 0x000001fbc2979460 Thread added: 0x000001fbfb7a79c0
Event: 785.924 Thread 0x000001fbf98457c0 Thread added: 0x000001fbfc624560
Event: 788.815 Thread 0x000001fbfc624560 Thread exited: 0x000001fbfc624560
Event: 791.991 Thread 0x000001fbf9922bb0 Thread added: 0x000001fba980a9b0


Dynamic libraries:
0x00007ff7c4980000 - 0x00007ff7c498e000 	S:\Jdk\bin\java.exe
0x00007ff9a8fa0000 - 0x00007ff9a9207000 	C:\Windows\SYSTEM32\ntdll.dll
0x00007ff9a8060000 - 0x00007ff9a8129000 	C:\Windows\System32\KERNEL32.DLL
0x00007ff9a6940000 - 0x00007ff9a6d2f000 	C:\Windows\System32\KERNELBASE.dll
0x00007ff9a6180000 - 0x00007ff9a62cb000 	C:\Windows\System32\ucrtbase.dll
0x00007ff989080000 - 0x00007ff989098000 	S:\Jdk\bin\jli.dll
0x00007ff988fb0000 - 0x00007ff988fce000 	S:\Jdk\bin\VCRUNTIME140.dll
0x00007ff9a8b10000 - 0x00007ff9a8cd5000 	C:\Windows\System32\USER32.dll
0x00007ff98e390000 - 0x00007ff98e623000 	C:\Windows\WinSxS\amd64_microsoft.windows.common-controls_6595b64144ccf1df_6.0.26100.7309_none_3e05feeae336a044\COMCTL32.dll
0x00007ff9a6910000 - 0x00007ff9a6937000 	C:\Windows\System32\win32u.dll
0x00007ff9a8ce0000 - 0x00007ff9a8d89000 	C:\Windows\System32\msvcrt.dll
0x00007ff9a6dd0000 - 0x00007ff9a6dfb000 	C:\Windows\System32\GDI32.dll
0x00007ff9a6500000 - 0x00007ff9a662c000 	C:\Windows\System32\gdi32full.dll
0x00007ff9a66f0000 - 0x00007ff9a6793000 	C:\Windows\System32\msvcp_win.dll
0x00007ff9a89b0000 - 0x00007ff9a89e1000 	C:\Windows\System32\IMM32.DLL
0x00007ff99dc60000 - 0x00007ff99dc6c000 	S:\Jdk\bin\vcruntime140_1.dll
0x00007ff981ae0000 - 0x00007ff981b69000 	S:\Jdk\bin\msvcp140.dll
0x00007ff914960000 - 0x00007ff9155da000 	S:\Jdk\bin\server\jvm.dll
0x00007ff9a8710000 - 0x00007ff9a87c4000 	C:\Windows\System32\ADVAPI32.dll
0x00007ff9a71e0000 - 0x00007ff9a7286000 	C:\Windows\System32\sechost.dll
0x00007ff9a89f0000 - 0x00007ff9a8b08000 	C:\Windows\System32\RPCRT4.dll
0x00007ff9a7160000 - 0x00007ff9a71d4000 	C:\Windows\System32\WS2_32.dll
0x00007ff9a5f50000 - 0x00007ff9a5fae000 	C:\Windows\SYSTEM32\POWRPROF.dll
0x00007ff99b870000 - 0x00007ff99b87b000 	C:\Windows\SYSTEM32\VERSION.dll
0x00007ff9a3970000 - 0x00007ff9a39a5000 	C:\Windows\SYSTEM32\WINMM.dll
0x00007ff9a5f30000 - 0x00007ff9a5f44000 	C:\Windows\SYSTEM32\UMPDC.dll
0x00007ff9a4e60000 - 0x00007ff9a4e7b000 	C:\Windows\SYSTEM32\kernel.appcore.dll
0x00007ff99d560000 - 0x00007ff99d56a000 	S:\Jdk\bin\jimage.dll
0x00007ff9a3720000 - 0x00007ff9a3962000 	C:\Windows\SYSTEM32\DBGHELP.DLL
0x00007ff9a7af0000 - 0x00007ff9a7e76000 	C:\Windows\System32\combase.dll
0x00007ff9a81a0000 - 0x00007ff9a8276000 	C:\Windows\System32\OLEAUT32.dll
0x00007ff9a36e0000 - 0x00007ff9a371c000 	C:\Windows\SYSTEM32\dbgcore.DLL
0x00007ff9a62d0000 - 0x00007ff9a6375000 	C:\Windows\System32\bcryptPrimitives.dll
0x00007ff9893e0000 - 0x00007ff9893ef000 	S:\Jdk\bin\instrument.dll
0x00007ff983b30000 - 0x00007ff983b56000 	S:\Jdk\bin\java.dll
0x00007ff96ae60000 - 0x00007ff96af36000 	S:\Jdk\bin\jsvml.dll
0x00007ff9a7290000 - 0x00007ff9a79e3000 	C:\Windows\System32\SHELL32.dll
0x00007ff9a67a0000 - 0x00007ff9a690a000 	C:\Windows\System32\wintypes.dll
0x00007ff9a3cd0000 - 0x00007ff9a452e000 	C:\Windows\SYSTEM32\windows.storage.dll
0x00007ff9a7060000 - 0x00007ff9a7155000 	C:\Windows\System32\SHCORE.dll
0x00007ff9a8940000 - 0x00007ff9a89a6000 	C:\Windows\System32\shlwapi.dll
0x00007ff9a6010000 - 0x00007ff9a6039000 	C:\Windows\SYSTEM32\profapi.dll
0x00007ff988e50000 - 0x00007ff988e68000 	S:\Jdk\bin\zip.dll
0x00007ff988cf0000 - 0x00007ff988d0b000 	S:\Jdk\bin\net.dll
0x00007ff9a2a80000 - 0x00007ff9a2ba8000 	C:\Windows\SYSTEM32\WINHTTP.dll
0x00007ff9a53b0000 - 0x00007ff9a541b000 	C:\Windows\system32\mswsock.dll
0x00007ff983970000 - 0x00007ff983986000 	S:\Jdk\bin\nio.dll
0x00007ff989330000 - 0x00007ff989340000 	S:\Jdk\bin\verify.dll
0x00007ff988df0000 - 0x00007ff988e17000 	S:\ArStudio\native\1def1411415f61bf3af743bc5b6707747c0891f09f0c88961ee8f79bc544acac\windows-amd64\native-platform.dll
0x00007ff963dc0000 - 0x00007ff963e38000 	S:\ArStudio\native\0.2.7\x86_64-windows-gnu\gradle-fileevents.dll
0x00007ff988de0000 - 0x00007ff988dea000 	S:\Jdk\bin\management.dll
0x00007ff988db0000 - 0x00007ff988dbc000 	S:\Jdk\bin\management_ext.dll
0x00007ff9a79f0000 - 0x00007ff9a79f8000 	C:\Windows\System32\PSAPI.DLL
0x00007ff9a4850000 - 0x00007ff9a4884000 	C:\Windows\SYSTEM32\IPHLPAPI.DLL
0x00007ff9a8d90000 - 0x00007ff9a8d9a000 	C:\Windows\System32\NSI.dll
0x00007ff999470000 - 0x00007ff99948e000 	C:\Windows\SYSTEM32\dhcpcsvc6.DLL
0x00007ff999370000 - 0x00007ff999393000 	C:\Windows\SYSTEM32\dhcpcsvc.DLL
0x00007ff9a48e0000 - 0x00007ff9a4a0c000 	C:\Windows\SYSTEM32\DNSAPI.dll
0x00007ff983b20000 - 0x00007ff983b29000 	S:\Jdk\bin\extnet.dll
0x00007ff9a57a0000 - 0x00007ff9a57bb000 	C:\Windows\SYSTEM32\CRYPTSP.dll
0x00007ff9a4dc0000 - 0x00007ff9a4dfa000 	C:\Windows\system32\rsaenh.dll
0x00007ff9a5460000 - 0x00007ff9a548b000 	C:\Windows\SYSTEM32\USERENV.dll
0x00007ff9a5fe0000 - 0x00007ff9a600a000 	C:\Windows\SYSTEM32\bcrypt.dll
0x00007ff9a5780000 - 0x00007ff9a578c000 	C:\Windows\SYSTEM32\CRYPTBASE.dll
0x00007ff983960000 - 0x00007ff98396e000 	S:\Jdk\bin\sunmscapi.dll
0x00007ff9a6380000 - 0x00007ff9a64f7000 	C:\Windows\System32\CRYPT32.dll
0x00007ff9a58f0000 - 0x00007ff9a5920000 	C:\Windows\SYSTEM32\ncrypt.dll
0x00007ff9a58a0000 - 0x00007ff9a58df000 	C:\Windows\SYSTEM32\NTASN1.dll
0x00007ff9890c0000 - 0x00007ff9890c8000 	C:\Windows\system32\wshunix.dll
0x00007ff91f6f0000 - 0x00007ff91f886000 	S:\Jdk\bin\awt.dll
0x00007ff9a2420000 - 0x00007ff9a24bf000 	C:\Windows\SYSTEM32\apphelp.dll
0x00007ff9a2830000 - 0x00007ff9a28db000 	C:\Windows\system32\uxtheme.dll
0x00007ff9a87d0000 - 0x00007ff9a892e000 	C:\Windows\System32\MSCTF.dll
0x00007ff9a6e00000 - 0x00007ff9a6f97000 	C:\Windows\System32\ole32.dll
0x00007ff9a4f80000 - 0x00007ff9a4fb6000 	C:\Windows\SYSTEM32\ntmarta.dll
0x00007ff9892c0000 - 0x00007ff9892c7000 	S:\Jdk\bin\rmi.dll
0x00007ff9a3160000 - 0x00007ff9a3190000 	C:\Windows\system32\DWMAPI.DLL

dbghelp: loaded successfully - version: 4.0.5 - missing functions: none
symbol engine: initialized successfully - sym options: 0x614 - pdb path: .;S:\Jdk\bin;C:\Windows\SYSTEM32;C:\Windows\WinSxS\amd64_microsoft.windows.common-controls_6595b64144ccf1df_6.0.26100.7309_none_3e05feeae336a044;S:\Jdk\bin\server;S:\ArStudio\native\1def1411415f61bf3af743bc5b6707747c0891f09f0c88961ee8f79bc544acac\windows-amd64;S:\ArStudio\native\0.2.7\x86_64-windows-gnu;C:\Users\Administrator\AppData\Local\Temp

VM Arguments:
jvm_args: --add-opens=java.base/java.lang=ALL-UNNAMED --add-opens=java.base/java.lang.invoke=ALL-UNNAMED --add-opens=java.base/java.util=ALL-UNNAMED --add-opens=java.prefs/java.util.prefs=ALL-UNNAMED --add-exports=jdk.compiler/com.sun.tools.javac.api=ALL-UNNAMED --add-exports=jdk.compiler/com.sun.tools.javac.util=ALL-UNNAMED --add-opens=java.base/java.util=ALL-UNNAMED --add-opens=java.prefs/java.util.prefs=ALL-UNNAMED --add-opens=java.base/java.nio.charset=ALL-UNNAMED --add-opens=java.base/java.net=ALL-UNNAMED --add-opens=java.base/java.util.concurrent.atomic=ALL-UNNAMED --add-opens=java.xml/javax.xml.namespace=ALL-UNNAMED -XX:+UseParallelGC -XX:MaxMetaspaceSize=512m -XX:+HeapDumpOnOutOfMemoryError -Xms256m -Xmx6g -Dfile.encoding=UTF-8 -Duser.country=US -Duser.language=en -Duser.variant -javaagent:S:\ArStudio\wrapper\dists\gradle-8.13-bin\5xuhj0ry160q40clulazy9h7d\gradle-8.13\lib\agents\gradle-instrumentation-agent-8.13.jar 
java_command: org.gradle.launcher.daemon.bootstrap.GradleDaemon 8.13
java_class_path (initial): S:\ArStudio\wrapper\dists\gradle-8.13-bin\5xuhj0ry160q40clulazy9h7d\gradle-8.13\lib\gradle-daemon-main-8.13.jar
Launcher Type: SUN_STANDARD

[Global flags]
     intx CICompilerCount                          = 4                                         {product} {ergonomic}
   size_t CompressedClassSpaceSize                 = 436207616                                 {product} {ergonomic}
     bool HeapDumpOnOutOfMemoryError               = true                                   {manageable} {command line}
   size_t InitialHeapSize                          = 268435456                                 {product} {command line}
   size_t MaxHeapSize                              = 6442450944                                {product} {command line}
   size_t MaxMetaspaceSize                         = 536870912                                 {product} {command line}
   size_t MaxNewSize                               = 2147483648                                {product} {ergonomic}
   size_t MinHeapDeltaBytes                        = 524288                                    {product} {ergonomic}
   size_t MinHeapSize                              = 268435456                                 {product} {command line}
   size_t NewSize                                  = 89128960                                  {product} {ergonomic}
    uintx NonNMethodCodeHeapSize                   = 5839372                                {pd product} {ergonomic}
    uintx NonProfiledCodeHeapSize                  = 122909434                              {pd product} {ergonomic}
   size_t OldSize                                  = 179306496                                 {product} {ergonomic}
    uintx ProfiledCodeHeapSize                     = 122909434                              {pd product} {ergonomic}
    uintx ReservedCodeCacheSize                    = 251658240                              {pd product} {ergonomic}
     bool SegmentedCodeCache                       = true                                      {product} {ergonomic}
   size_t SoftMaxHeapSize                          = 6442450944                             {manageable} {ergonomic}
     bool UseCompressedClassPointers               = true                           {product lp64_product} {ergonomic}
     bool UseCompressedOops                        = true                           {product lp64_product} {ergonomic}
     bool UseLargePagesIndividualAllocation        = false                                  {pd product} {ergonomic}
     bool UseParallelGC                            = true                                      {product} {command line}

Logging:
Log output configuration:
 #0: stdout all=warning uptime,level,tags
 #1: stderr all=off uptime,level,tags

Environment Variables:
JAVA_HOME=C:\Program Files\Android\Android Studio\jbr
PATH=C:\Windows\system32;C:\Windows;C:\Windows\System32\Wbem;C:\Windows\System32\WindowsPowerShell\v1.0\;C:\Windows\System32\OpenSSH\;C:\Program Files\Git\cmd;C:\Users\Administrator\AppData\Local\Android\Sdk\platform-tools;C:\Program Files\Cloudflare\Cloudflare WARP\;C:\Program Files\nodejs\;C:\Users\Administrator\AppData\Local\Microsoft\WindowsApps;C:\Program Files\Seelen\Seelen UI;C:\Users\Administrator\AppData\Local\Programs\Microsoft VS Code\bin;C:\Users\Administrator\AppData\Roaming\npm;C:\Users\Administrator\AppData\Local\Programs\Windsurf\bin
USERNAME=Administrator
OS=Windows_NT
PROCESSOR_IDENTIFIER=Intel64 Family 6 Model 142 Stepping 12, GenuineIntel
TMP=C:\Users\ADMINI~1\AppData\Local\Temp
TEMP=C:\Users\ADMINI~1\AppData\Local\Temp



Periodic native trim disabled


---------------  S Y S T E M  ---------------

OS:
 Windows 11 , 64 bit Build 26100 (10.0.26100.7623)
OS uptime: 0 days 1:24 hours
Hyper-V role detected

CPU: total 8 (initial active 8) (4 cores per cpu, 2 threads per core) family 6 model 142 stepping 12 microcode 0xde, cx8, cmov, fxsr, ht, mmx, 3dnowpref, sse, sse2, sse3, ssse3, sse4.1, sse4.2, popcnt, lzcnt, tsc, tscinvbit, avx, avx2, aes, erms, clmul, bmi1, bmi2, adx, fma, vzeroupper, clflush, clflushopt, hv
Processor Information for the first 8 processors :
  Max Mhz: 2112, Current Mhz: 1609, Mhz Limit: 1605

Memory: 4k page, system-wide physical 7989M (478M free)
TotalPageFile size 19512M (AvailPageFile size 2M)
current process WorkingSet (physical memory assigned to process): 1406M, peak: 1417M
current process commit charge ("private bytes"): 1892M, peak: 1895M

vm_info: OpenJDK 64-Bit Server VM (17.0.18+8-LTS) for windows-amd64 JRE (17.0.18+8-LTS), built on Jan 15 2026 18:50:45 by "MicrosoftCorporation" with MS VC++ 17.14 (VS2022)

END.
